#
# There is insufficient memory for the Java Runtime Environment to continue.
# Native memory allocation (malloc) failed to allocate 32744 bytes for ChunkPool::allocate
# Possible reasons:
#   The system is out of physical RAM or swap space
#   The process is running with CompressedOops enabled, and the Java Heap may be blocking the growth of the native heap
# Possible solutions:
#   Reduce memory load on the system
#   Increase physical memory or swap space
#   Check if swap backing store is full
#   Decrease Java heap size (-Xmx/-Xms)
#   Decrease number of Java threads
#   Decrease Java thread stack sizes (-Xss)
#   Set larger code cache with -XX:ReservedCodeCacheSize=
#   JVM is running with Zero Based Compressed Oops mode in which the Java heap is
#     placed in the first 32GB address space. The Java Heap base address is the
#     maximum limit for the native heap growth. Please use -XX:HeapBaseMinAddress
#     to set the Java Heap base and to place the Java Heap above 32GB virtual address.
# This output file may be truncated or incomplete.
#
#  Out of Memory Error (allocation.cpp:273), pid=16780, tid=0x00000000000047c0
#
# JRE version: Java(TM) SE Runtime Environment (8.0_192-b12) (build 1.8.0_192-b12)
# Java VM: Java HotSpot(TM) 64-Bit Server VM (25.192-b12 mixed mode windows-amd64 compressed oops)
# Failed to write core dump. Minidumps are not enabled by default on client versions of Windows
#

---------------  T H R E A D  ---------------

Current thread (0x000000001c51e000):  JavaThread "C1 CompilerThread2" daemon [_thread_in_native, id=18368, stack(0x000000001e120000,0x000000001e220000)]

Stack: [0x000000001e120000,0x000000001e220000]
[error occurred during error reporting (printing stack bounds), id 0xc0000005]

Native frames: (J=compiled Java code, j=interpreted, Vv=VM code, C=native code)


Current CompileTask:
C1:  23318  232       3      
[error occurred during error reporting (printing current compile task), id 0xe0000001]


---------------  P R O C E S S  ---------------

Java Threads: ( => current thread )
  0x000000001dd23000 JavaThread "Service Thread" daemon [_thread_blocked, id=18536, stack(0x000000001e220000,0x000000001e320000)]
=>0x000000001c51e000 JavaThread "C1 CompilerThread2" daemon [_thread_in_native, id=18368, stack(0x000000001e120000,0x000000001e220000)]
  0x000000001c4c5000 JavaThread "C2 CompilerThread1" daemon [_thread_blocked, id=18248, stack(0x000000001dc20000,0x000000001dd20000)]
  0x000000001c4c2000 JavaThread "C2 CompilerThread0" daemon [_thread_blocked, id=18176, stack(0x000000001db20000,0x000000001dc20000)]
  0x000000001c4bf800 JavaThread "Attach Listener" daemon [_thread_blocked, id=18172, stack(0x000000001da20000,0x000000001db20000)]
  0x0000000002f3e000 JavaThread "Signal Dispatcher" daemon [_thread_blocked, id=18168, stack(0x000000001d920000,0x000000001da20000)]
  0x0000000002f37000 JavaThread "Finalizer" daemon [_thread_blocked, id=17928, stack(0x000000001d720000,0x000000001d820000)]
  0x000000001c4aa000 JavaThread "Reference Handler" daemon [_thread_blocked, id=17924, stack(0x000000001d620000,0x000000001d720000)]
  0x0000000002e42800 JavaThread "main" [_thread_in_vm, id=17136, stack(0x0000000002c40000,0x0000000002d40000)]

Other Threads:
  0x000000001c488000 VMThread [stack: 0x000000001d520000,0x000000001d620000] [id=17696]
  0x000000001dd26000 WatcherThread [stack: 0x000000001e470000,0x000000001e570000] [id=18540]

VM state:not at safepoint (normal execution)

VM Mutex/Monitor currently owned by a thread: None

heap address: 0x00000006c2200000, size: 4062 MB, Compressed Oops mode: Zero based, Oop shift amount: 3
Narrow klass base: 0x0000000000000000, Narrow klass shift: 3
Compressed class space size: 1073741824 Address: 0x00000007c0000000

Heap:
 PSYoungGen      total 75776K, used 6508K [0x000000076b600000, 0x0000000770a80000, 0x00000007c0000000)
  eden space 65024K, 10% used [0x000000076b600000,0x000000076bc5b128,0x000000076f580000)
  from space 10752K, 0% used [0x0000000770000000,0x0000000770000000,0x0000000770a80000)
  to   space 10752K, 0% used [0x000000076f580000,0x000000076f580000,0x0000000770000000)
 ParOldGen       total 173568K, used 0K [0x00000006c2200000, 0x00000006ccb80000, 0x000000076b600000)
  object space 173568K, 0% used [0x00000006c2200000,0x00000006c2200000,0x00000006ccb80000)
 Metaspace       used 3985K, capacity 5188K, committed 5376K, reserved 1056768K
  class space    used 423K, capacity 496K, committed 512K, reserved 1048576K

Card table byte_map: [0x0000000012300000,0x0000000012af0000] byte_map_base: 0x000000000ecef000

Marking Bits: (ParMarkBitMap*) 0x0000000077f73ce0
 Begin Bits: [0x0000000013440000, 0x00000000173b8000)
 End Bits:   [0x00000000173b8000, 0x000000001b330000)

Polling page: 0x0000000002b60000

CodeCache: size=245760Kb used=1624Kb max_used=1624Kb free=244135Kb
 bounds [0x0000000002f40000, 0x00000000031b0000, 0x0000000011f40000]
 total_blobs=476 nmethods=231 adapters=158
 compilation: enabled

Compilation events (10 events):
Event: 22.859 Thread 0x000000001c51e000 nmethod 223 0x00000000030cd550 code [0x00000000030cd6c0, 0x00000000030cd8f8]
Event: 22.863 Thread 0x000000001c51e000  225   !   3       java.net.URL::<init> (543 bytes)
Event: 22.865 Thread 0x000000001c51e000 nmethod 225 0x00000000030cd9d0 code [0x00000000030cde80, 0x00000000030d1068]
Event: 22.865 Thread 0x000000001c51e000  224       3       java.net.URL::<init> (8 bytes)
Event: 22.865 Thread 0x000000001c51e000 nmethod 224 0x00000000030d3510 code [0x00000000030d3680, 0x00000000030d3808]
Event: 22.865 Thread 0x000000001c51e000  226   !   3       java.net.URL::set (114 bytes)
Event: 22.866 Thread 0x000000001c51e000 nmethod 226 0x00000000030d3890 code [0x00000000030d3a80, 0x00000000030d45d8]
Event: 23.316 Thread 0x000000001c51e000  231   !   3       java.util.zip.ZipFile$ZipFileInputStream::close (110 bytes)
Event: 23.317 Thread 0x000000001c51e000 nmethod 231 0x00000000030d5a10 code [0x00000000030d5bc0, 0x00000000030d63f8]
Event: 23.317 Thread 0x000000001c51e000  232       3       java.util.WeakHashMap::remove (133 bytes)

GC Heap History (0 events):
No events

Deoptimization events (0 events):
No events

Classes redefined (0 events):
No events

Internal exceptions (10 events):
Event: 8.377 Thread 0x0000000002e42800 Exception <a 'java/security/PrivilegedActionException'> (0x000000076ba74aa0) thrown at [C:\workspace\8-2-build-windows-amd64-cygwin\jdk8u192\11897\hotspot\src\share\vm\prims\jvm.cpp, line 1435]
Event: 8.377 Thread 0x0000000002e42800 Exception <a 'java/security/PrivilegedActionException'> (0x000000076ba74e98) thrown at [C:\workspace\8-2-build-windows-amd64-cygwin\jdk8u192\11897\hotspot\src\share\vm\prims\jvm.cpp, line 1435]
Event: 22.833 Thread 0x0000000002e42800 Exception <a 'java/lang/NullPointerException'> (0x000000076ba9ee60) thrown at [C:\workspace\8-2-build-windows-amd64-cygwin\jdk8u192\11897\hotspot\src\share\vm\interpreter\linkResolver.cpp, line 1185]
Event: 22.833 Thread 0x0000000002e42800 Exception <a 'java/lang/NullPointerException'> (0x000000076ba9f068) thrown at [C:\workspace\8-2-build-windows-amd64-cygwin\jdk8u192\11897\hotspot\src\share\vm\interpreter\linkResolver.cpp, line 1185]
Event: 22.833 Thread 0x0000000002e42800 Exception <a 'java/lang/NullPointerException'> (0x000000076ba9f270) thrown at [C:\workspace\8-2-build-windows-amd64-cygwin\jdk8u192\11897\hotspot\src\share\vm\interpreter\linkResolver.cpp, line 1185]
Event: 22.834 Thread 0x0000000002e42800 Exception <a 'java/lang/NullPointerException'> (0x000000076baa7c60) thrown at [C:\workspace\8-2-build-windows-amd64-cygwin\jdk8u192\11897\hotspot\src\share\vm\interpreter\linkResolver.cpp, line 1185]
Event: 22.836 Thread 0x0000000002e42800 Exception <a 'java/lang/NullPointerException'> (0x000000076bac0ab8) thrown at [C:\workspace\8-2-build-windows-amd64-cygwin\jdk8u192\11897\hotspot\src\share\vm\interpreter\linkResolver.cpp, line 1185]
Event: 22.836 Thread 0x0000000002e42800 Exception <a 'java/lang/NullPointerException'> (0x000000076bac0cc0) thrown at [C:\workspace\8-2-build-windows-amd64-cygwin\jdk8u192\11897\hotspot\src\share\vm\interpreter\linkResolver.cpp, line 1185]
Event: 22.836 Thread 0x0000000002e42800 Exception <a 'java/lang/NullPointerException'> (0x000000076bac0ec8) thrown at [C:\workspace\8-2-build-windows-amd64-cygwin\jdk8u192\11897\hotspot\src\share\vm\interpreter\linkResolver.cpp, line 1185]
Event: 22.836 Thread 0x0000000002e42800 Exception <a 'java/lang/NullPointerException'> (0x000000076bac10d0) thrown at [C:\workspace\8-2-build-windows-amd64-cygwin\jdk8u192\11897\hotspot\src\share\vm\interpreter\linkResolver.cpp, line 1185]

Events (10 events):
Event: 23.316 loading class java/util/concurrent/locks/AbstractQueuedSynchronizer$Node
Event: 23.316 loading class java/util/concurrent/locks/AbstractQueuedSynchronizer$Node done
Event: 23.316 loading class java/util/concurrent/locks/AbstractQueuedSynchronizer$ConditionObject
Event: 23.316 loading class java/util/concurrent/locks/Condition
Event: 23.316 loading class java/util/concurrent/locks/Condition done
Event: 23.316 loading class java/util/concurrent/locks/AbstractQueuedSynchronizer$ConditionObject done
Event: 23.316 loading class java/util/concurrent/LinkedBlockingQueue$Node
Event: 23.316 loading class java/util/concurrent/LinkedBlockingQueue$Node done
Event: 23.316 loading class org/slf4j/helpers/NOPLoggerFactory
Event: 23.316 loading class org/slf4j/helpers/NOPLoggerFactory done


Dynamic libraries:
0x00007ff7f6810000 - 0x00007ff7f6847000 	C:\Program Files\Java\jdk1.8.0_192\bin\java.exe
0x00007ffa976e0000 - 0x00007ffa978e9000 	C:\Windows\SYSTEM32\ntdll.dll
0x00007ffa96280000 - 0x00007ffa9633e000 	C:\Windows\System32\KERNEL32.DLL
0x00007ffa94dc0000 - 0x00007ffa9513b000 	C:\Windows\System32\KERNELBASE.dll
0x00007ffa95a50000 - 0x00007ffa95afe000 	C:\Windows\System32\ADVAPI32.dll
0x00007ffa963e0000 - 0x00007ffa96483000 	C:\Windows\System32\msvcrt.dll
0x00007ffa96340000 - 0x00007ffa963de000 	C:\Windows\System32\sechost.dll
0x00007ffa955f0000 - 0x00007ffa95710000 	C:\Windows\System32\RPCRT4.dll
0x00007ffa957a0000 - 0x00007ffa9594d000 	C:\Windows\System32\USER32.dll
0x00007ffa952e0000 - 0x00007ffa95306000 	C:\Windows\System32\win32u.dll
0x00007ffa95560000 - 0x00007ffa95589000 	C:\Windows\System32\GDI32.dll
0x00007ffa951c0000 - 0x00007ffa952d8000 	C:\Windows\System32\gdi32full.dll
0x00007ffa94d20000 - 0x00007ffa94dbd000 	C:\Windows\System32\msvcp_win.dll
0x00007ffa95440000 - 0x00007ffa95551000 	C:\Windows\System32\ucrtbase.dll
0x00007ffa77450000 - 0x00007ffa776f5000 	C:\Windows\WinSxS\amd64_microsoft.windows.common-controls_6595b64144ccf1df_6.0.22000.120_none_9d947278b86cc467\COMCTL32.dll
0x00007ffa95cd0000 - 0x00007ffa95d02000 	C:\Windows\System32\IMM32.DLL
0x0000000051540000 - 0x0000000051611000 	C:\Program Files\Java\jdk1.8.0_192\jre\bin\msvcr100.dll
0x0000000077750000 - 0x0000000077ff3000 	C:\Program Files\Java\jdk1.8.0_192\jre\bin\server\jvm.dll
0x00007ffa95950000 - 0x00007ffa95958000 	C:\Windows\System32\PSAPI.DLL
0x00007ffa90770000 - 0x00007ffa90779000 	C:\Windows\SYSTEM32\WSOCK32.dll
0x00007ffa97630000 - 0x00007ffa9769f000 	C:\Windows\System32\WS2_32.dll
0x00007ffa8eeb0000 - 0x00007ffa8eee3000 	C:\Windows\SYSTEM32\WINMM.dll
0x00007ffa8ea70000 - 0x00007ffa8ea7a000 	C:\Windows\SYSTEM32\VERSION.dll
0x00007ffa90370000 - 0x00007ffa9037f000 	C:\Program Files\Java\jdk1.8.0_192\jre\bin\verify.dll
0x00007ffa7d390000 - 0x00007ffa7d3b9000 	C:\Program Files\Java\jdk1.8.0_192\jre\bin\java.dll
0x00007ffa7d370000 - 0x00007ffa7d386000 	C:\Program Files\Java\jdk1.8.0_192\jre\bin\zip.dll
0x00007ffa96630000 - 0x00007ffa96de7000 	C:\Windows\System32\SHELL32.dll
0x00007ffa92cb0000 - 0x00007ffa93515000 	C:\Windows\SYSTEM32\windows.storage.dll
0x00007ffa972b0000 - 0x00007ffa97628000 	C:\Windows\System32\combase.dll
0x00007ffa92b40000 - 0x00007ffa92ca6000 	C:\Windows\SYSTEM32\wintypes.dll
0x00007ffa95960000 - 0x00007ffa95a4a000 	C:\Windows\System32\SHCORE.dll
0x00007ffa97040000 - 0x00007ffa9709d000 	C:\Windows\System32\shlwapi.dll
0x00007ffa94ae0000 - 0x00007ffa94b01000 	C:\Windows\SYSTEM32\profapi.dll
0x0000000069ac0000 - 0x0000000069ae4000 	C:\Program Files\NetBeans-13\netbeans\java\maven\lib\jansi-native\Windows\x86_64\jansi.dll

VM Arguments:
jvm_args: -Dclassworlds.conf=C:\Program Files\NetBeans-13\netbeans\java\maven\bin\m2.conf -Dmaven.home=C:\Program Files\NetBeans-13\netbeans\java\maven -Dlibrary.jansi.path=C:\Program Files\NetBeans-13\netbeans\java\maven\lib\jansi-native -Dmaven.multiModuleProjectDirectory=C:\Users\rrbou\OneDrive\Desktop\maven-jsf-primefaces-heroku-master\maven-jsf-primefaces-heroku-master 
java_command: org.codehaus.plexus.classworlds.launcher.Launcher -Dmaven.ext.class.path=C:\Program Files\NetBeans-13\netbeans\java\maven-nblib\netbeans-eventspy.jar install
java_class_path (initial): C:\Program Files\NetBeans-13\netbeans\java\maven\boot\plexus-classworlds-2.6.0.jar
Launcher Type: SUN_STANDARD

Environment Variables:
JAVA_HOME=C:\Program Files\Java\jdk1.8.0_192
PATH=C:\Program Files (x86)\Common Files\Oracle\Java\javapath;C:\Python310\Scripts\;C:\Python310\;C:\Program Files (x86)\Common Files\Intel\Shared Libraries\redist\intel64\compiler;C:\Program Files\Common Files\Oracle\Java\javapath;C:\Windows\system32;C:\Windows;C:\Windows\System32\Wbem;C:\Windows\System32\WindowsPowerShell\v1.0\;C:\Windows\System32\OpenSSH\;C:\Program Files\Git\cmd;C:\Program Files\gs\gs9.56.1\bin;C:\Program Files\nodejs\;C:\ProgramData\chocolatey\bin;C:\Program Files\Java\jdk-18.0.1.1\bin;C:\Program Files\Java\jdk-18.0.1.1\bin;;C:\Program Files (x86)\NVIDIA Corporation\PhysX\Common;C:\Program Files\NVIDIA Corporation\NVIDIA NvDLISR;C:\Users\rrbou\AppData\Local\Microsoft\WindowsApps;C:\Users\rrbou\AppData\Local\Programs\Microsoft VS Code\bin;C:\src\flutter\bin;E:\src\dart-sdk\bin;C:\Users\rrbou\AppData\Roaming\npm;C:\Program Files\Java\jdk-18.0.1.1\bin;C:\tools\dart-sdk\bin;C:\Users\rrbou\AppData\Roaming\Pub\Cache\bin;C:\Program Files\OpenSSL-Win64\bin;C:\Users\rrbou\OneDrive\Desktop\New folder (3)\apache-jena-4.6.1\apache-jena-4.6.1\lib
USERNAME=rrbou
OS=Windows_NT
PROCESSOR_IDENTIFIER=Intel64 Family 6 Model 158 Stepping 9, GenuineIntel



---------------  S Y S T E M  ---------------

OS: Windows 10.0 , 64 bit Build 22000 (10.0.22000.1219)

CPU:total 4 (initial active 4) (4 cores per cpu, 1 threads per core) family 6 model 158 stepping 9, cmov, cx8, fxsr, mmx, sse, sse2, sse3, ssse3, sse4.1, sse4.2, popcnt, avx, avx2, aes, clmul, erms, 3dnowpref, lzcnt, tsc, tscinvbit, bmi1, bmi2, adx

Memory: 4k page, physical 16637740k(4473240k free), swap 36137892k(468k free)

vm_info: Java HotSpot(TM) 64-Bit Server VM (25.192-b12) for windows-amd64 JRE (1.8.0_192-b12), built on Oct  6 2018 17:12:23 by "java_re" with MS VC++ 10.0 (VS2010)

time: Tue Dec 13 17:55:00 2022
timezone: Morocco Daylight Time
elapsed time: 23 seconds (0d 0h 0m 23s)

