#
# There is insufficient memory for the Java Runtime Environment to continue.
# Native memory allocation (malloc) failed to allocate 32744 bytes for ChunkPool::allocate
# Possible reasons:
#   The system is out of physical RAM or swap space
#   The process is running with CompressedOops enabled, and the Java Heap may be blocking the growth of the native heap
# Possible solutions:
#   Reduce memory load on the system
#   Increase physical memory or swap space
#   Check if swap backing store is full
#   Decrease Java heap size (-Xmx/-Xms)
#   Decrease number of Java threads
#   Decrease Java thread stack sizes (-Xss)
#   Set larger code cache with -XX:ReservedCodeCacheSize=
#   JVM is running with Zero Based Compressed Oops mode in which the Java heap is
#     placed in the first 32GB address space. The Java Heap base address is the
#     maximum limit for the native heap growth. Please use -XX:HeapBaseMinAddress
#     to set the Java Heap base and to place the Java Heap above 32GB virtual address.
# This output file may be truncated or incomplete.
#
#  Out of Memory Error (allocation.cpp:273), pid=8112, tid=0x0000000000005228
#
# JRE version: Java(TM) SE Runtime Environment (8.0_192-b12) (build 1.8.0_192-b12)
# Java VM: Java HotSpot(TM) 64-Bit Server VM (25.192-b12 mixed mode windows-amd64 compressed oops)
# Failed to write core dump. Minidumps are not enabled by default on client versions of Windows
#

---------------  T H R E A D  ---------------

Current thread (0x000000001c83b000):  JavaThread "C2 CompilerThread1" daemon [_thread_in_native, id=21032, stack(0x000000001df40000,0x000000001e040000)]

Stack: [0x000000001df40000,0x000000001e040000]
[error occurred during error reporting (printing stack bounds), id 0xc0000005]

Native frames: (J=compiled Java code, j=interpreted, Vv=VM code, C=native code)


Current CompileTask:
C2:  46794  784       4       java.nio.CharBuffer::array (35 bytes)


---------------  P R O C E S S  ---------------

Java Threads: ( => current thread )
  0x000000001e049800 JavaThread "Service Thread" daemon [_thread_blocked, id=21160, stack(0x000000001e540000,0x000000001e640000)]
  0x000000001e043800 JavaThread "C1 CompilerThread2" daemon [_thread_in_native, id=21084, stack(0x000000001e440000,0x000000001e540000)]
=>0x000000001c83b000 JavaThread "C2 CompilerThread1" daemon [_thread_in_native, id=21032, stack(0x000000001df40000,0x000000001e040000)]
  0x000000001c7de000 JavaThread "C2 CompilerThread0" daemon [_thread_blocked, id=20972, stack(0x000000001de40000,0x000000001df40000)]
  0x000000001c7db800 JavaThread "Attach Listener" daemon [_thread_blocked, id=20968, stack(0x000000001dd40000,0x000000001de40000)]
  0x000000001c7ea000 JavaThread "Signal Dispatcher" daemon [_thread_blocked, id=20964, stack(0x000000001dc40000,0x000000001dd40000)]
  0x000000000320c800 JavaThread "Finalizer" daemon [_thread_blocked, id=20880, stack(0x000000001da40000,0x000000001db40000)]
  0x000000001c7ca000 JavaThread "Reference Handler" daemon [_thread_blocked, id=20876, stack(0x000000001d940000,0x000000001da40000)]
  0x0000000003112800 JavaThread "main" [_thread_in_native, id=19708, stack(0x0000000003010000,0x0000000003110000)]

Other Threads:
  0x000000001c7a8000 VMThread [stack: 0x000000001d840000,0x000000001d940000] [id=20760]
  0x000000001e04b000 WatcherThread [stack: 0x000000001e790000,0x000000001e890000] [id=21168]

VM state:not at safepoint (normal execution)

VM Mutex/Monitor currently owned by a thread: None

OutOfMemory and StackOverflow Exception counts:
OutOfMemoryError java_heap_errors=1

heap address: 0x00000006c2200000, size: 4062 MB, Compressed Oops mode: Zero based, Oop shift amount: 3
Narrow klass base: 0x0000000000000000, Narrow klass shift: 3
Compressed class space size: 1073741824 Address: 0x00000007c0000000

Heap:
 PSYoungGen      total 75776K, used 41653K [0x000000076b600000, 0x0000000770a80000, 0x00000007c0000000)
  eden space 65024K, 64% used [0x000000076b600000,0x000000076dead548,0x000000076f580000)
  from space 10752K, 0% used [0x0000000770000000,0x0000000770000000,0x0000000770a80000)
  to   space 10752K, 0% used [0x000000076f580000,0x000000076f580000,0x0000000770000000)
 ParOldGen       total 173568K, used 0K [0x00000006c2200000, 0x00000006ccb80000, 0x000000076b600000)
  object space 173568K, 0% used [0x00000006c2200000,0x00000006c2200000,0x00000006ccb80000)
 Metaspace       used 8694K, capacity 8840K, committed 9088K, reserved 1056768K
  class space    used 1052K, capacity 1114K, committed 1152K, reserved 1048576K

Card table byte_map: [0x00000000125d0000,0x0000000012dc0000] byte_map_base: 0x000000000efbf000

Marking Bits: (ParMarkBitMap*) 0x0000000077f73ce0
 Begin Bits: [0x0000000013710000, 0x0000000017688000)
 End Bits:   [0x0000000017688000, 0x000000001b600000)

Polling page: 0x00000000013f0000

CodeCache: size=245760Kb used=3398Kb max_used=3398Kb free=242361Kb
 bounds [0x0000000003210000, 0x0000000003570000, 0x0000000012210000]
 total_blobs=1081 nmethods=780 adapters=214
 compilation: enabled

Compilation events (10 events):
Event: 46.255 Thread 0x000000001e043800  776       3       java.util.jar.Attributes::put (18 bytes)
Event: 46.255 Thread 0x000000001e043800 nmethod 776 0x000000000355a450 code [0x000000000355a5c0, 0x000000000355a9a8]
Event: 46.792 Thread 0x000000001e043800  778       1       java.net.JarURLConnection::getJarFileURL (5 bytes)
Event: 46.792 Thread 0x000000001e043800 nmethod 778 0x000000000355d1d0 code [0x000000000355d320, 0x000000000355d430]
Event: 46.792 Thread 0x000000001e043800  779       3       java.nio.Buffer::clear (20 bytes)
Event: 46.792 Thread 0x000000001e043800 nmethod 779 0x000000000355ce90 code [0x000000000355cfe0, 0x000000000355d150]
Event: 46.792 Thread 0x000000001e043800  780       3       sun.nio.cs.SingleByte$Encoder::encode (32 bytes)
Event: 46.793 Thread 0x000000001e043800 nmethod 780 0x000000000355c9d0 code [0x000000000355cb40, 0x000000000355cd50]
Event: 46.793 Thread 0x000000001e043800  781       3       org.fusesource.jansi.io.AnsiOutputStream::write (898 bytes)
Event: 46.793 Thread 0x000000001c83b000  784       4       java.nio.CharBuffer::array (35 bytes)

GC Heap History (0 events):
No events

Deoptimization events (6 events):
Event: 37.223 Thread 0x0000000003112800 Uncommon trap: reason=unstable_if action=reinterpret pc=0x00000000033ab530 method=java.lang.String.indexOf([CII[CIII)I @ 3
Event: 43.750 Thread 0x0000000003112800 Uncommon trap: reason=unstable_if action=reinterpret pc=0x00000000034cf95c method=org.codehaus.plexus.util.xml.pull.MXParser.nextImpl()I @ 200
Event: 43.839 Thread 0x0000000003112800 Uncommon trap: reason=unstable_if action=reinterpret pc=0x00000000034e6bdc method=org.codehaus.plexus.util.xml.pull.MXParser.nextImpl()I @ 241
Event: 44.357 Thread 0x0000000003112800 Uncommon trap: reason=unstable_if action=reinterpret pc=0x0000000003486a1c method=java.util.HashMap.getNode(ILjava/lang/Object;)Ljava/util/HashMap$Node; @ 129
Event: 44.357 Thread 0x0000000003112800 Uncommon trap: reason=unstable_if action=reinterpret pc=0x000000000347bc80 method=java.util.HashMap.getNode(ILjava/lang/Object;)Ljava/util/HashMap$Node; @ 129
Event: 44.745 Thread 0x0000000003112800 Uncommon trap: reason=range_check action=make_not_entrant pc=0x0000000003520de8 method=sun.reflect.generics.parser.SignatureParser.current()C @ 34

Classes redefined (0 events):
No events

Internal exceptions (10 events):
Event: 20.022 Thread 0x0000000003112800 Exception <a 'java/lang/NullPointerException'> (0x000000076bac10a8) thrown at [C:\workspace\8-2-build-windows-amd64-cygwin\jdk8u192\11897\hotspot\src\share\vm\interpreter\linkResolver.cpp, line 1185]
Event: 41.889 Thread 0x0000000003112800 Exception <a 'java/lang/ArrayIndexOutOfBoundsException'> (0x000000076c959938) thrown at [C:\workspace\8-2-build-windows-amd64-cygwin\jdk8u192\11897\hotspot\src\share\vm\runtime\sharedRuntime.cpp, line 605]
Event: 41.986 Thread 0x0000000003112800 Exception <a 'java/lang/ArrayIndexOutOfBoundsException'> (0x000000076c974250) thrown at [C:\workspace\8-2-build-windows-amd64-cygwin\jdk8u192\11897\hotspot\src\share\vm\runtime\sharedRuntime.cpp, line 605]
Event: 41.996 Thread 0x0000000003112800 Exception <a 'java/lang/ArrayIndexOutOfBoundsException'> (0x000000076c9b4c40) thrown at [C:\workspace\8-2-build-windows-amd64-cygwin\jdk8u192\11897\hotspot\src\share\vm\runtime\sharedRuntime.cpp, line 605]
Event: 42.000 Thread 0x0000000003112800 Exception <a 'java/lang/NoClassDefFoundError': javax/enterprise/inject/Typed> (0x000000076c9df1d8) thrown at [C:\workspace\8-2-build-windows-amd64-cygwin\jdk8u192\11897\hotspot\src\share\vm\classfile\systemDictionary.cpp, line 199]
Event: 43.842 Thread 0x0000000003112800 Exception <a 'java/lang/ArrayIndexOutOfBoundsException'> (0x000000076d329658) thrown at [C:\workspace\8-2-build-windows-amd64-cygwin\jdk8u192\11897\hotspot\src\share\vm\runtime\sharedRuntime.cpp, line 605]
Event: 43.842 Thread 0x0000000003112800 Exception <a 'java/lang/ArrayIndexOutOfBoundsException'> (0x000000076d32b1e8) thrown at [C:\workspace\8-2-build-windows-amd64-cygwin\jdk8u192\11897\hotspot\src\share\vm\runtime\sharedRuntime.cpp, line 605]
Event: 44.745 Thread 0x0000000003112800 Exception <a 'java/lang/ArrayIndexOutOfBoundsException': 66> (0x000000076d63e3f0) thrown at [C:\workspace\8-2-build-windows-amd64-cygwin\jdk8u192\11897\hotspot\src\share\vm\interpreter\interpreterRuntime.cpp, line 368]
Event: 46.792 Thread 0x0000000003112800 Exception <a 'java/lang/OutOfMemoryError'> (0x000000076dd65880) thrown at [C:\workspace\8-2-build-windows-amd64-cygwin\jdk8u192\11897\hotspot\src\share\vm\prims\jni.cpp, line 735]
Event: 46.792 Thread 0x0000000003112800 Exception <a 'java/lang/reflect/InvocationTargetException'> (0x000000076dd65cf0) thrown at [C:\workspace\8-2-build-windows-amd64-cygwin\jdk8u192\11897\hotspot\src\share\vm\runtime\reflection.cpp, line 1092]

Events (10 events):
Event: 46.248 loading class org/eclipse/aether/spi/locator/Service
Event: 46.248 loading class org/eclipse/aether/spi/locator/Service done
Event: 46.251 loading class org/eclipse/aether/internal/impl/DefaultArtifactResolver
Event: 46.251 loading class org/eclipse/aether/internal/impl/DefaultArtifactResolver done
Event: 46.251 loading class org/eclipse/aether/internal/impl/DefaultArtifactResolver
Event: 46.251 loading class org/eclipse/aether/internal/impl/DefaultArtifactResolver done
Event: 46.255 loading class org/eclipse/aether/impl/ArtifactResolver
Event: 46.255 loading class org/eclipse/aether/impl/ArtifactResolver done
Event: 46.792 loading class java/util/zip/DataFormatException
Event: 46.792 loading class java/util/zip/DataFormatException done


Dynamic libraries:
0x00007ff7f6810000 - 0x00007ff7f6847000 	C:\Program Files\Java\jdk1.8.0_192\bin\java.exe
0x00007ffa976e0000 - 0x00007ffa978e9000 	C:\Windows\SYSTEM32\ntdll.dll
0x00007ffa96280000 - 0x00007ffa9633e000 	C:\Windows\System32\KERNEL32.DLL
0x00007ffa94dc0000 - 0x00007ffa9513b000 	C:\Windows\System32\KERNELBASE.dll
0x00007ffa95a50000 - 0x00007ffa95afe000 	C:\Windows\System32\ADVAPI32.dll
0x00007ffa963e0000 - 0x00007ffa96483000 	C:\Windows\System32\msvcrt.dll
0x00007ffa96340000 - 0x00007ffa963de000 	C:\Windows\System32\sechost.dll
0x00007ffa955f0000 - 0x00007ffa95710000 	C:\Windows\System32\RPCRT4.dll
0x00007ffa957a0000 - 0x00007ffa9594d000 	C:\Windows\System32\USER32.dll
0x00007ffa952e0000 - 0x00007ffa95306000 	C:\Windows\System32\win32u.dll
0x00007ffa95560000 - 0x00007ffa95589000 	C:\Windows\System32\GDI32.dll
0x00007ffa951c0000 - 0x00007ffa952d8000 	C:\Windows\System32\gdi32full.dll
0x00007ffa94d20000 - 0x00007ffa94dbd000 	C:\Windows\System32\msvcp_win.dll
0x00007ffa95440000 - 0x00007ffa95551000 	C:\Windows\System32\ucrtbase.dll
0x00007ffa77450000 - 0x00007ffa776f5000 	C:\Windows\WinSxS\amd64_microsoft.windows.common-controls_6595b64144ccf1df_6.0.22000.120_none_9d947278b86cc467\COMCTL32.dll
0x00007ffa95cd0000 - 0x00007ffa95d02000 	C:\Windows\System32\IMM32.DLL
0x0000000051540000 - 0x0000000051611000 	C:\Program Files\Java\jdk1.8.0_192\jre\bin\msvcr100.dll
0x0000000077750000 - 0x0000000077ff3000 	C:\Program Files\Java\jdk1.8.0_192\jre\bin\server\jvm.dll
0x00007ffa95950000 - 0x00007ffa95958000 	C:\Windows\System32\PSAPI.DLL
0x00007ffa90770000 - 0x00007ffa90779000 	C:\Windows\SYSTEM32\WSOCK32.dll
0x00007ffa97630000 - 0x00007ffa9769f000 	C:\Windows\System32\WS2_32.dll
0x00007ffa8eeb0000 - 0x00007ffa8eee3000 	C:\Windows\SYSTEM32\WINMM.dll
0x00007ffa8ea70000 - 0x00007ffa8ea7a000 	C:\Windows\SYSTEM32\VERSION.dll
0x00007ffa90370000 - 0x00007ffa9037f000 	C:\Program Files\Java\jdk1.8.0_192\jre\bin\verify.dll
0x00007ffa7d390000 - 0x00007ffa7d3b9000 	C:\Program Files\Java\jdk1.8.0_192\jre\bin\java.dll
0x00007ffa7d370000 - 0x00007ffa7d386000 	C:\Program Files\Java\jdk1.8.0_192\jre\bin\zip.dll
0x00007ffa96630000 - 0x00007ffa96de7000 	C:\Windows\System32\SHELL32.dll
0x00007ffa92cb0000 - 0x00007ffa93515000 	C:\Windows\SYSTEM32\windows.storage.dll
0x00007ffa972b0000 - 0x00007ffa97628000 	C:\Windows\System32\combase.dll
0x00007ffa92b40000 - 0x00007ffa92ca6000 	C:\Windows\SYSTEM32\wintypes.dll
0x00007ffa95960000 - 0x00007ffa95a4a000 	C:\Windows\System32\SHCORE.dll
0x00007ffa97040000 - 0x00007ffa9709d000 	C:\Windows\System32\shlwapi.dll
0x00007ffa94ae0000 - 0x00007ffa94b01000 	C:\Windows\SYSTEM32\profapi.dll
0x0000000069ac0000 - 0x0000000069ae4000 	C:\Program Files\NetBeans-13\netbeans\java\maven\lib\jansi-native\Windows\x86_64\jansi.dll

VM Arguments:
jvm_args: -Dclassworlds.conf=C:\Program Files\NetBeans-13\netbeans\java\maven\bin\m2.conf -Dmaven.home=C:\Program Files\NetBeans-13\netbeans\java\maven -Dlibrary.jansi.path=C:\Program Files\NetBeans-13\netbeans\java\maven\lib\jansi-native -Dmaven.multiModuleProjectDirectory=C:\Users\rrbou\OneDrive\Desktop\maven-jsf-primefaces-heroku-master\maven-jsf-primefaces-heroku-master 
java_command: org.codehaus.plexus.classworlds.launcher.Launcher -Dmaven.ext.class.path=C:\Program Files\NetBeans-13\netbeans\java\maven-nblib\netbeans-eventspy.jar install
java_class_path (initial): C:\Program Files\NetBeans-13\netbeans\java\maven\boot\plexus-classworlds-2.6.0.jar
Launcher Type: SUN_STANDARD

Environment Variables:
JAVA_HOME=C:\Program Files\Java\jdk1.8.0_192
PATH=C:\Program Files (x86)\Common Files\Oracle\Java\javapath;C:\Python310\Scripts\;C:\Python310\;C:\Program Files (x86)\Common Files\Intel\Shared Libraries\redist\intel64\compiler;C:\Program Files\Common Files\Oracle\Java\javapath;C:\Windows\system32;C:\Windows;C:\Windows\System32\Wbem;C:\Windows\System32\WindowsPowerShell\v1.0\;C:\Windows\System32\OpenSSH\;C:\Program Files\Git\cmd;C:\Program Files\gs\gs9.56.1\bin;C:\Program Files\nodejs\;C:\ProgramData\chocolatey\bin;C:\Program Files\Java\jdk-18.0.1.1\bin;C:\Program Files\Java\jdk-18.0.1.1\bin;;C:\Program Files (x86)\NVIDIA Corporation\PhysX\Common;C:\Program Files\NVIDIA Corporation\NVIDIA NvDLISR;C:\Users\rrbou\AppData\Local\Microsoft\WindowsApps;C:\Users\rrbou\AppData\Local\Programs\Microsoft VS Code\bin;C:\src\flutter\bin;E:\src\dart-sdk\bin;C:\Users\rrbou\AppData\Roaming\npm;C:\Program Files\Java\jdk-18.0.1.1\bin;C:\tools\dart-sdk\bin;C:\Users\rrbou\AppData\Roaming\Pub\Cache\bin;C:\Program Files\OpenSSL-Win64\bin;C:\Users\rrbou\OneDrive\Desktop\New folder (3)\apache-jena-4.6.1\apache-jena-4.6.1\lib
USERNAME=rrbou
OS=Windows_NT
PROCESSOR_IDENTIFIER=Intel64 Family 6 Model 158 Stepping 9, GenuineIntel



---------------  S Y S T E M  ---------------

OS: Windows 10.0 , 64 bit Build 22000 (10.0.22000.1219)

CPU:total 4 (initial active 4) (4 cores per cpu, 1 threads per core) family 6 model 158 stepping 9, cmov, cx8, fxsr, mmx, sse, sse2, sse3, ssse3, sse4.1, sse4.2, popcnt, avx, avx2, aes, clmul, erms, 3dnowpref, lzcnt, tsc, tscinvbit, bmi1, bmi2, adx

Memory: 4k page, physical 16637740k(3360652k free), swap 36137892k(4100k free)

vm_info: Java HotSpot(TM) 64-Bit Server VM (25.192-b12) for windows-amd64 JRE (1.8.0_192-b12), built on Oct  6 2018 17:12:23 by "java_re" with MS VC++ 10.0 (VS2010)

time: Tue Dec 13 17:55:28 2022
timezone: Morocco Daylight Time
elapsed time: 46 seconds (0d 0h 0m 46s)

