#
# There is insufficient memory for the Java Runtime Environment to continue.
# Native memory allocation (malloc) failed to allocate 34656 bytes for Chunk::new
# Possible reasons:
#   The system is out of physical RAM or swap space
#   The process is running with CompressedOops enabled, and the Java Heap may be blocking the growth of the native heap
# Possible solutions:
#   Reduce memory load on the system
#   Increase physical memory or swap space
#   Check if swap backing store is full
#   Decrease Java heap size (-Xmx/-Xms)
#   Decrease number of Java threads
#   Decrease Java thread stack sizes (-Xss)
#   Set larger code cache with -XX:ReservedCodeCacheSize=
#   JVM is running with Zero Based Compressed Oops mode in which the Java heap is
#     placed in the first 32GB address space. The Java Heap base address is the
#     maximum limit for the native heap growth. Please use -XX:HeapBaseMinAddress
#     to set the Java Heap base and to place the Java Heap above 32GB virtual address.
# This output file may be truncated or incomplete.
#
#  Out of Memory Error (allocation.cpp:390), pid=8732, tid=0x0000000000003be4
#
# JRE version: Java(TM) SE Runtime Environment (8.0_192-b12) (build 1.8.0_192-b12)
# Java VM: Java HotSpot(TM) 64-Bit Server VM (25.192-b12 mixed mode windows-amd64 compressed oops)
# Failed to write core dump. Minidumps are not enabled by default on client versions of Windows
#

---------------  T H R E A D  ---------------

Current thread (0x000000001bf52000):  JavaThread "C2 CompilerThread0" daemon [_thread_in_native, id=15332, stack(0x000000001d5b0000,0x000000001d6b0000)]

Stack: [0x000000001d5b0000,0x000000001d6b0000]
[error occurred during error reporting (printing stack bounds), id 0xc0000005]

Native frames: (J=compiled Java code, j=interpreted, Vv=VM code, C=native code)


Current CompileTask:
C2:  28349 2062       4       java.util.Hashtable$Enumerator::hasNext (5 bytes)


---------------  P R O C E S S  ---------------

Java Threads: ( => current thread )
  0x000000001d7b9800 JavaThread "Service Thread" daemon [_thread_blocked, id=12640, stack(0x000000001dcb0000,0x000000001ddb0000)]
  0x000000001d7b4000 JavaThread "C1 CompilerThread2" daemon [_thread_in_vm, id=12736, stack(0x000000001dbb0000,0x000000001dcb0000)]
  0x000000001bfab000 JavaThread "C2 CompilerThread1" daemon [_thread_in_native, id=12332, stack(0x000000001d6b0000,0x000000001d7b0000)]
=>0x000000001bf52000 JavaThread "C2 CompilerThread0" daemon [_thread_in_native, id=15332, stack(0x000000001d5b0000,0x000000001d6b0000)]
  0x000000001bf4f800 JavaThread "Attach Listener" daemon [_thread_blocked, id=1592, stack(0x000000001d4b0000,0x000000001d5b0000)]
  0x000000001bf4e000 JavaThread "Signal Dispatcher" daemon [_thread_blocked, id=15492, stack(0x000000001d3b0000,0x000000001d4b0000)]
  0x000000000297c800 JavaThread "Finalizer" daemon [_thread_blocked, id=3336, stack(0x000000001d1b0000,0x000000001d2b0000)]
  0x000000001bf3a000 JavaThread "Reference Handler" daemon [_thread_blocked, id=7916, stack(0x000000001d0b0000,0x000000001d1b0000)]
  0x0000000002882800 JavaThread "main" [_thread_in_Java, id=8084, stack(0x0000000002630000,0x0000000002730000)]

Other Threads:
  0x000000001bf18000 VMThread [stack: 0x000000001cfb0000,0x000000001d0b0000] [id=9788]
  0x000000001d7c3800 WatcherThread [stack: 0x000000001df00000,0x000000001e000000] [id=4924]

VM state:not at safepoint (normal execution)

VM Mutex/Monitor currently owned by a thread: None

heap address: 0x00000006c2200000, size: 4062 MB, Compressed Oops mode: Zero based, Oop shift amount: 3
Narrow klass base: 0x0000000000000000, Narrow klass shift: 3
Compressed class space size: 1073741824 Address: 0x00000007c0000000

Heap:
 PSYoungGen      total 75776K, used 55985K [0x000000076b600000, 0x0000000774a00000, 0x00000007c0000000)
  eden space 65024K, 70% used [0x000000076b600000,0x000000076e2b2038,0x000000076f580000)
  from space 10752K, 95% used [0x000000076f580000,0x000000076ff7a478,0x0000000770000000)
  to   space 10752K, 0% used [0x0000000773f80000,0x0000000773f80000,0x0000000774a00000)
 ParOldGen       total 173568K, used 16K [0x00000006c2200000, 0x00000006ccb80000, 0x000000076b600000)
  object space 173568K, 0% used [0x00000006c2200000,0x00000006c2204000,0x00000006ccb80000)
 Metaspace       used 15207K, capacity 15390K, committed 15488K, reserved 1062912K
  class space    used 1845K, capacity 1914K, committed 1920K, reserved 1048576K

Card table byte_map: [0x0000000011d40000,0x0000000012530000] byte_map_base: 0x000000000e72f000

Marking Bits: (ParMarkBitMap*) 0x0000000077f73ce0
 Begin Bits: [0x0000000012e80000, 0x0000000016df8000)
 End Bits:   [0x0000000016df8000, 0x000000001ad70000)

Polling page: 0x0000000002600000

CodeCache: size=245760Kb used=7291Kb max_used=7325Kb free=238468Kb
 bounds [0x0000000002980000, 0x00000000030b0000, 0x0000000011980000]
 total_blobs=2392 nmethods=2046 adapters=257
 compilation: disabled (not enough contiguous free space left)

Compilation events (10 events):
Event: 28.345 Thread 0x000000001bf52000 2057       4       java.util.Hashtable$Enumerator::nextElement (111 bytes)
Event: 28.345 Thread 0x000000001d7b4000 2058       1       org.apache.maven.model.Build::getTestOutputDirectory (5 bytes)
Event: 28.345 Thread 0x000000001d7b4000 nmethod 2058 0x00000000030a7810 code [0x00000000030a7960, 0x00000000030a7a70]
Event: 28.345 Thread 0x000000001bf52000 nmethod 2057 0x00000000030a7550 code [0x00000000030a7680, 0x00000000030a7758]
Event: 28.346 Thread 0x000000001d7b4000 2059       1       org.apache.maven.model.Model::getUrl (5 bytes)
Event: 28.346 Thread 0x000000001d7b4000 nmethod 2059 0x00000000030a7290 code [0x00000000030a73e0, 0x00000000030a74f0]
Event: 28.346 Thread 0x000000001d7b4000 2060       1       org.apache.maven.model.PluginExecution::getPhase (5 bytes)
Event: 28.346 Thread 0x000000001d7b4000 nmethod 2060 0x00000000030a6f50 code [0x00000000030a70a0, 0x00000000030a71b0]
Event: 28.347 Thread 0x000000001d7b4000 2061       3       org.codehaus.plexus.util.xml.Xpp3Dom::mergeIntoXpp3Dom (490 bytes)
Event: 28.347 Thread 0x000000001bf52000 2062       4       java.util.Hashtable$Enumerator::hasNext (5 bytes)

GC Heap History (2 events):
Event: 11.112 GC heap before
{Heap before GC invocations=1 (full 0):
 PSYoungGen      total 75776K, used 65024K [0x000000076b600000, 0x0000000770a80000, 0x00000007c0000000)
  eden space 65024K, 100% used [0x000000076b600000,0x000000076f580000,0x000000076f580000)
  from space 10752K, 0% used [0x0000000770000000,0x0000000770000000,0x0000000770a80000)
  to   space 10752K, 0% used [0x000000076f580000,0x000000076f580000,0x0000000770000000)
 ParOldGen       total 173568K, used 0K [0x00000006c2200000, 0x00000006ccb80000, 0x000000076b600000)
  object space 173568K, 0% used [0x00000006c2200000,0x00000006c2200000,0x00000006ccb80000)
 Metaspace       used 11317K, capacity 11484K, committed 11776K, reserved 1058816K
  class space    used 1403K, capacity 1479K, committed 1536K, reserved 1048576K
Event: 11.464 GC heap after
Heap after GC invocations=1 (full 0):
 PSYoungGen      total 75776K, used 10217K [0x000000076b600000, 0x0000000774a00000, 0x00000007c0000000)
  eden space 65024K, 0% used [0x000000076b600000,0x000000076b600000,0x000000076f580000)
  from space 10752K, 95% used [0x000000076f580000,0x000000076ff7a478,0x0000000770000000)
  to   space 10752K, 0% used [0x0000000773f80000,0x0000000773f80000,0x0000000774a00000)
 ParOldGen       total 173568K, used 16K [0x00000006c2200000, 0x00000006ccb80000, 0x000000076b600000)
  object space 173568K, 0% used [0x00000006c2200000,0x00000006c2204000,0x00000006ccb80000)
 Metaspace       used 11317K, capacity 11484K, committed 11776K, reserved 1058816K
  class space    used 1403K, capacity 1479K, committed 1536K, reserved 1048576K
}

Deoptimization events (10 events):
Event: 23.660 Thread 0x0000000002882800 Uncommon trap: reason=null_check action=make_not_entrant pc=0x0000000002f843e8 method=org.apache.maven.model.io.xpp3.MavenXpp3Reader.checkFieldWithDuplicate(Lorg/codehaus/plexus/util/xml/pull/XmlPullParser;Ljava/lang/String;Ljava/lang/String;Ljava/util/Se
Event: 23.842 Thread 0x0000000002882800 Uncommon trap: reason=bimorphic action=maybe_recompile pc=0x0000000002cef6a8 method=java.util.HashMap.putVal(ILjava/lang/Object;Ljava/lang/Object;ZZ)Ljava/lang/Object; @ 203
Event: 27.662 Thread 0x0000000002882800 Uncommon trap: reason=unstable_if action=reinterpret pc=0x0000000002fb1b54 method=java.lang.String.trim()Ljava/lang/String; @ 63
Event: 27.676 Thread 0x0000000002882800 Uncommon trap: reason=unstable_if action=reinterpret pc=0x0000000003009658 method=org.codehaus.plexus.util.xml.pull.MXParser.parseAttribute()C @ 655
Event: 27.677 Thread 0x0000000002882800 Uncommon trap: reason=unstable_if action=reinterpret pc=0x0000000002d10708 method=java.lang.String.regionMatches(ZILjava/lang/String;II)Z @ 25
Event: 27.702 Thread 0x0000000002882800 Uncommon trap: reason=unstable_if action=reinterpret pc=0x0000000002fb8dbc method=org.codehaus.plexus.util.xml.pull.MXParser.nextImpl()I @ 280
Event: 28.327 Thread 0x0000000002882800 Uncommon trap: reason=class_check action=maybe_recompile pc=0x0000000002f66eac method=java.util.regex.Pattern$7.isSatisfiedBy(I)Z @ 16
Event: 28.327 Thread 0x0000000002882800 Uncommon trap: reason=class_check action=maybe_recompile pc=0x0000000002f66eac method=java.util.regex.Pattern$7.isSatisfiedBy(I)Z @ 16
Event: 28.327 Thread 0x0000000002882800 Uncommon trap: reason=class_check action=maybe_recompile pc=0x0000000002f66eac method=java.util.regex.Pattern$7.isSatisfiedBy(I)Z @ 16
Event: 28.327 Thread 0x0000000002882800 Uncommon trap: reason=class_check action=maybe_recompile pc=0x0000000002f66eac method=java.util.regex.Pattern$7.isSatisfiedBy(I)Z @ 16

Classes redefined (0 events):
No events

Internal exceptions (10 events):
Event: 7.920 Thread 0x0000000002882800 Exception <a 'java/lang/ArrayIndexOutOfBoundsException': 66> (0x000000076d63ada8) thrown at [C:\workspace\8-2-build-windows-amd64-cygwin\jdk8u192\11897\hotspot\src\share\vm\interpreter\interpreterRuntime.cpp, line 368]
Event: 14.016 Thread 0x0000000002882800 Exception <a 'java/lang/NoClassDefFoundError': com/google/inject/servlet/ServletModuleTargetVisitor> (0x000000076c208690) thrown at [C:\workspace\8-2-build-windows-amd64-cygwin\jdk8u192\11897\hotspot\src\share\vm\classfile\systemDictionary.cpp, line 199]
Event: 14.016 Thread 0x0000000002882800 Exception <a 'java/lang/NoClassDefFoundError'> (0x000000076c208690) thrown at [C:\workspace\8-2-build-windows-amd64-cygwin\jdk8u192\11897\hotspot\src\share\vm\prims\jvm.cpp, line 1439]
Event: 17.118 Thread 0x0000000002882800 Exception <a 'java/lang/NullPointerException'> (0x000000076c90ed70) thrown at [C:\workspace\8-2-build-windows-amd64-cygwin\jdk8u192\11897\hotspot\src\share\vm\interpreter\linkResolver.cpp, line 1185]
Event: 17.118 Thread 0x0000000002882800 Exception <a 'java/lang/NullPointerException'> (0x000000076c90ef78) thrown at [C:\workspace\8-2-build-windows-amd64-cygwin\jdk8u192\11897\hotspot\src\share\vm\interpreter\linkResolver.cpp, line 1185]
Event: 17.118 Thread 0x0000000002882800 Exception <a 'java/lang/NullPointerException'> (0x000000076c90f180) thrown at [C:\workspace\8-2-build-windows-amd64-cygwin\jdk8u192\11897\hotspot\src\share\vm\interpreter\linkResolver.cpp, line 1185]
Event: 17.119 Thread 0x0000000002882800 Exception <a 'java/lang/NullPointerException'> (0x000000076c916a78) thrown at [C:\workspace\8-2-build-windows-amd64-cygwin\jdk8u192\11897\hotspot\src\share\vm\interpreter\linkResolver.cpp, line 1185]
Event: 17.119 Thread 0x0000000002882800 Exception <a 'java/lang/NullPointerException'> (0x000000076c916c80) thrown at [C:\workspace\8-2-build-windows-amd64-cygwin\jdk8u192\11897\hotspot\src\share\vm\interpreter\linkResolver.cpp, line 1185]
Event: 17.119 Thread 0x0000000002882800 Exception <a 'java/lang/NullPointerException'> (0x000000076c916e88) thrown at [C:\workspace\8-2-build-windows-amd64-cygwin\jdk8u192\11897\hotspot\src\share\vm\interpreter\linkResolver.cpp, line 1185]
Event: 23.660 Thread 0x0000000002882800 Implicit null exception at 0x0000000002f84183 to 0x0000000002f843cd

Events (10 events):
Event: 28.327 Thread 0x0000000002882800 DEOPT UNPACKING pc=0x00000000029c583b sp=0x000000000272cb08 mode 2
Event: 28.327 Thread 0x0000000002882800 Uncommon trap: trap_request=0xffffffde fr.pc=0x0000000002f66eac
Event: 28.327 Thread 0x0000000002882800 DEOPT PACKING pc=0x0000000002f66eac sp=0x000000000272cba0
Event: 28.327 Thread 0x0000000002882800 DEOPT UNPACKING pc=0x00000000029c583b sp=0x000000000272cb08 mode 2
Event: 28.327 Thread 0x0000000002882800 Uncommon trap: trap_request=0xffffffde fr.pc=0x0000000002f66eac
Event: 28.327 Thread 0x0000000002882800 DEOPT PACKING pc=0x0000000002f66eac sp=0x000000000272cba0
Event: 28.327 Thread 0x0000000002882800 DEOPT UNPACKING pc=0x00000000029c583b sp=0x000000000272cb08 mode 2
Event: 28.327 Thread 0x0000000002882800 Uncommon trap: trap_request=0xffffffde fr.pc=0x0000000002f66eac
Event: 28.327 Thread 0x0000000002882800 DEOPT PACKING pc=0x0000000002f66eac sp=0x000000000272cba0
Event: 28.327 Thread 0x0000000002882800 DEOPT UNPACKING pc=0x00000000029c583b sp=0x000000000272cb08 mode 2


Dynamic libraries:
0x00007ff7f6810000 - 0x00007ff7f6847000 	C:\Program Files\Java\jdk1.8.0_192\bin\java.exe
0x00007ffa976e0000 - 0x00007ffa978e9000 	C:\Windows\SYSTEM32\ntdll.dll
0x00007ffa96280000 - 0x00007ffa9633e000 	C:\Windows\System32\KERNEL32.DLL
0x00007ffa94dc0000 - 0x00007ffa9513b000 	C:\Windows\System32\KERNELBASE.dll
0x00007ffa95a50000 - 0x00007ffa95afe000 	C:\Windows\System32\ADVAPI32.dll
0x00007ffa963e0000 - 0x00007ffa96483000 	C:\Windows\System32\msvcrt.dll
0x00007ffa96340000 - 0x00007ffa963de000 	C:\Windows\System32\sechost.dll
0x00007ffa955f0000 - 0x00007ffa95710000 	C:\Windows\System32\RPCRT4.dll
0x00007ffa957a0000 - 0x00007ffa9594d000 	C:\Windows\System32\USER32.dll
0x00007ffa952e0000 - 0x00007ffa95306000 	C:\Windows\System32\win32u.dll
0x00007ffa95560000 - 0x00007ffa95589000 	C:\Windows\System32\GDI32.dll
0x00007ffa951c0000 - 0x00007ffa952d8000 	C:\Windows\System32\gdi32full.dll
0x00007ffa94d20000 - 0x00007ffa94dbd000 	C:\Windows\System32\msvcp_win.dll
0x00007ffa95440000 - 0x00007ffa95551000 	C:\Windows\System32\ucrtbase.dll
0x00007ffa77450000 - 0x00007ffa776f5000 	C:\Windows\WinSxS\amd64_microsoft.windows.common-controls_6595b64144ccf1df_6.0.22000.120_none_9d947278b86cc467\COMCTL32.dll
0x00007ffa95cd0000 - 0x00007ffa95d02000 	C:\Windows\System32\IMM32.DLL
0x0000000051540000 - 0x0000000051611000 	C:\Program Files\Java\jdk1.8.0_192\jre\bin\msvcr100.dll
0x0000000077750000 - 0x0000000077ff3000 	C:\Program Files\Java\jdk1.8.0_192\jre\bin\server\jvm.dll
0x00007ffa95950000 - 0x00007ffa95958000 	C:\Windows\System32\PSAPI.DLL
0x00007ffa90770000 - 0x00007ffa90779000 	C:\Windows\SYSTEM32\WSOCK32.dll
0x00007ffa97630000 - 0x00007ffa9769f000 	C:\Windows\System32\WS2_32.dll
0x00007ffa8eeb0000 - 0x00007ffa8eee3000 	C:\Windows\SYSTEM32\WINMM.dll
0x00007ffa8ea70000 - 0x00007ffa8ea7a000 	C:\Windows\SYSTEM32\VERSION.dll
0x00007ffa90370000 - 0x00007ffa9037f000 	C:\Program Files\Java\jdk1.8.0_192\jre\bin\verify.dll
0x00007ffa7d390000 - 0x00007ffa7d3b9000 	C:\Program Files\Java\jdk1.8.0_192\jre\bin\java.dll
0x00007ffa7d370000 - 0x00007ffa7d386000 	C:\Program Files\Java\jdk1.8.0_192\jre\bin\zip.dll
0x00007ffa96630000 - 0x00007ffa96de7000 	C:\Windows\System32\SHELL32.dll
0x00007ffa92cb0000 - 0x00007ffa93515000 	C:\Windows\SYSTEM32\windows.storage.dll
0x00007ffa972b0000 - 0x00007ffa97628000 	C:\Windows\System32\combase.dll
0x00007ffa92b40000 - 0x00007ffa92ca6000 	C:\Windows\SYSTEM32\wintypes.dll
0x00007ffa95960000 - 0x00007ffa95a4a000 	C:\Windows\System32\SHCORE.dll
0x00007ffa97040000 - 0x00007ffa9709d000 	C:\Windows\System32\shlwapi.dll
0x00007ffa94ae0000 - 0x00007ffa94b01000 	C:\Windows\SYSTEM32\profapi.dll
0x0000000069ac0000 - 0x0000000069ae4000 	C:\Program Files\NetBeans-13\netbeans\java\maven\lib\jansi-native\Windows\x86_64\jansi.dll

VM Arguments:
jvm_args: -Dclassworlds.conf=C:\Program Files\NetBeans-13\netbeans\java\maven\bin\m2.conf -Dmaven.home=C:\Program Files\NetBeans-13\netbeans\java\maven -Dlibrary.jansi.path=C:\Program Files\NetBeans-13\netbeans\java\maven\lib\jansi-native -Dmaven.multiModuleProjectDirectory=C:\Users\rrbou\OneDrive\Desktop\maven-jsf-primefaces-heroku-master\maven-jsf-primefaces-heroku-master 
java_command: org.codehaus.plexus.classworlds.launcher.Launcher -Dmaven.ext.class.path=C:\Program Files\NetBeans-13\netbeans\java\maven-nblib\netbeans-eventspy.jar install
java_class_path (initial): C:\Program Files\NetBeans-13\netbeans\java\maven\boot\plexus-classworlds-2.6.0.jar
Launcher Type: SUN_STANDARD

Environment Variables:
PATH=C:\Program Files (x86)\Common Files\Oracle\Java\javapath;C:\Python310\Scripts\;C:\Python310\;C:\Program Files (x86)\Common Files\Intel\Shared Libraries\redist\intel64\compiler;C:\Program Files\Common Files\Oracle\Java\javapath;C:\Windows\system32;C:\Windows;C:\Windows\System32\Wbem;C:\Windows\System32\WindowsPowerShell\v1.0\;C:\Windows\System32\OpenSSH\;C:\Program Files\Git\cmd;C:\Program Files\gs\gs9.56.1\bin;C:\Program Files\nodejs\;C:\ProgramData\chocolatey\bin;C:\Program Files\Java\jdk-18.0.1.1\bin;C:\Program Files\Java\jdk-18.0.1.1\bin;;C:\Program Files (x86)\NVIDIA Corporation\PhysX\Common;C:\Program Files\NVIDIA Corporation\NVIDIA NvDLISR;C:\Users\rrbou\AppData\Local\Microsoft\WindowsApps;C:\Users\rrbou\AppData\Local\Programs\Microsoft VS Code\bin;C:\src\flutter\bin;E:\src\dart-sdk\bin;C:\Users\rrbou\AppData\Roaming\npm;C:\Program Files\Java\jdk-18.0.1.1\bin;C:\tools\dart-sdk\bin;C:\Users\rrbou\AppData\Roaming\Pub\Cache\bin;C:\Program Files\OpenSSL-Win64\bin;C:\Users\rrbou\OneDrive\Desktop\New folder (3)\apache-jena-4.6.1\apache-jena-4.6.1\lib
USERNAME=rrbou
OS=Windows_NT
PROCESSOR_IDENTIFIER=Intel64 Family 6 Model 158 Stepping 9, GenuineIntel



---------------  S Y S T E M  ---------------

OS: Windows 10.0 , 64 bit Build 22000 (10.0.22000.1219)

CPU:total 4 (initial active 4) (4 cores per cpu, 1 threads per core) family 6 model 158 stepping 9, cmov, cx8, fxsr, mmx, sse, sse2, sse3, ssse3, sse4.1, sse4.2, popcnt, avx, avx2, aes, clmul, erms, 3dnowpref, lzcnt, tsc, tscinvbit, bmi1, bmi2, adx

Memory: 4k page, physical 16637740k(4525328k free), swap 36137892k(480k free)

vm_info: Java HotSpot(TM) 64-Bit Server VM (25.192-b12) for windows-amd64 JRE (1.8.0_192-b12), built on Oct  6 2018 17:12:23 by "java_re" with MS VC++ 10.0 (VS2010)

time: Tue Dec 13 17:55:00 2022
timezone: Morocco Daylight Time
elapsed time: 28 seconds (0d 0h 0m 28s)

