#
# There is insufficient memory for the Java Runtime Environment to continue.
# Native memory allocation (malloc) failed to allocate 143376 bytes for Chunk::new
# Possible reasons:
#   The system is out of physical RAM or swap space
#   The process is running with CompressedOops enabled, and the Java Heap may be blocking the growth of the native heap
# Possible solutions:
#   Reduce memory load on the system
#   Increase physical memory or swap space
#   Check if swap backing store is full
#   Decrease Java heap size (-Xmx/-Xms)
#   Decrease number of Java threads
#   Decrease Java thread stack sizes (-Xss)
#   Set larger code cache with -XX:ReservedCodeCacheSize=
#   JVM is running with Zero Based Compressed Oops mode in which the Java heap is
#     placed in the first 32GB address space. The Java Heap base address is the
#     maximum limit for the native heap growth. Please use -XX:HeapBaseMinAddress
#     to set the Java Heap base and to place the Java Heap above 32GB virtual address.
# This output file may be truncated or incomplete.
#
#  Out of Memory Error (allocation.cpp:390), pid=16396, tid=0x0000000000004a9c
#
# JRE version: Java(TM) SE Runtime Environment (8.0_192-b12) (build 1.8.0_192-b12)
# Java VM: Java HotSpot(TM) 64-Bit Server VM (25.192-b12 mixed mode windows-amd64 compressed oops)
# Failed to write core dump. Minidumps are not enabled by default on client versions of Windows
#

---------------  T H R E A D  ---------------

Current thread (0x000000001c432000):  JavaThread "C2 CompilerThread0" daemon [_thread_in_native, id=19100, stack(0x000000001da90000,0x000000001db90000)]

Stack: [0x000000001da90000,0x000000001db90000]
[error occurred during error reporting (printing stack bounds), id 0xc0000005]

Native frames: (J=compiled Java code, j=interpreted, Vv=VM code, C=native code)


Current CompileTask:
C2:  23388 1298  s    4       java.lang.reflect.Field::declaredAnnotations (59 bytes)


---------------  P R O C E S S  ---------------

Java Threads: ( => current thread )
  0x000000001ddb3800 JavaThread "Service Thread" daemon [_thread_blocked, id=19392, stack(0x000000001e190000,0x000000001e290000)]
  0x000000001c438000 JavaThread "C1 CompilerThread2" daemon [_thread_in_vm, id=19276, stack(0x000000001dc90000,0x000000001dd90000)]
  0x000000001c435000 JavaThread "C2 CompilerThread1" daemon [_thread_in_native, id=19232, stack(0x000000001db90000,0x000000001dc90000)]
=>0x000000001c432000 JavaThread "C2 CompilerThread0" daemon [_thread_in_native, id=19100, stack(0x000000001da90000,0x000000001db90000)]
  0x000000001c42f800 JavaThread "Attach Listener" daemon [_thread_blocked, id=19096, stack(0x000000001d990000,0x000000001da90000)]
  0x0000000002eae000 JavaThread "Signal Dispatcher" daemon [_thread_blocked, id=18964, stack(0x000000001d890000,0x000000001d990000)]
  0x0000000002ea7000 JavaThread "Finalizer" daemon [_thread_blocked, id=18616, stack(0x000000001d690000,0x000000001d790000)]
  0x000000001c41a000 JavaThread "Reference Handler" daemon [_thread_blocked, id=18612, stack(0x000000001d590000,0x000000001d690000)]
  0x0000000002db2800 JavaThread "main" [_thread_in_Java, id=17084, stack(0x0000000002cb0000,0x0000000002db0000)]

Other Threads:
  0x000000001c3f8000 VMThread [stack: 0x000000001d490000,0x000000001d590000] [id=17496]
  0x000000001c48d800 WatcherThread [stack: 0x000000001e3e0000,0x000000001e4e0000] [id=19396]

VM state:not at safepoint (normal execution)

VM Mutex/Monitor currently owned by a thread: None

heap address: 0x00000006c2200000, size: 4062 MB, Compressed Oops mode: Zero based, Oop shift amount: 3
Narrow klass base: 0x0000000000000000, Narrow klass shift: 3
Compressed class space size: 1073741824 Address: 0x00000007c0000000

Heap:
 PSYoungGen      total 75776K, used 23747K [0x000000076b600000, 0x0000000774a00000, 0x00000007c0000000)
  eden space 65024K, 20% used [0x000000076b600000,0x000000076c3373d0,0x000000076f580000)
  from space 10752K, 95% used [0x000000076f580000,0x000000076ff79b50,0x0000000770000000)
  to   space 10752K, 0% used [0x0000000773f80000,0x0000000773f80000,0x0000000774a00000)
 ParOldGen       total 173568K, used 8K [0x00000006c2200000, 0x00000006ccb80000, 0x000000076b600000)
  object space 173568K, 0% used [0x00000006c2200000,0x00000006c2202000,0x00000006ccb80000)
 Metaspace       used 12651K, capacity 12840K, committed 13056K, reserved 1060864K
  class space    used 1599K, capacity 1673K, committed 1792K, reserved 1048576K

Card table byte_map: [0x0000000012270000,0x0000000012a60000] byte_map_base: 0x000000000ec5f000

Marking Bits: (ParMarkBitMap*) 0x0000000077f73ce0
 Begin Bits: [0x00000000133b0000, 0x0000000017328000)
 End Bits:   [0x0000000017328000, 0x000000001b2a0000)

Polling page: 0x00000000012f0000

CodeCache: size=245760Kb used=4776Kb max_used=4787Kb free=240983Kb
 bounds [0x0000000002eb0000, 0x0000000003360000, 0x0000000011eb0000]
 total_blobs=1613 nmethods=1297 adapters=227
 compilation: enabled

Compilation events (10 events):
Event: 23.386 Thread 0x000000001c438000 nmethod 1304 0x000000000335ac90 code [0x000000000335af60, 0x000000000335c038]
Event: 23.386 Thread 0x000000001c438000 1305       3       com.google.inject.internal.InjectorImpl::isProvider (13 bytes)
Event: 23.386 Thread 0x000000001c438000 nmethod 1305 0x0000000003351a90 code [0x0000000003351c00, 0x0000000003351fb0]
Event: 23.386 Thread 0x000000001c438000 1307       3       java.util.ArrayList::<init> (61 bytes)
Event: 23.387 Thread 0x000000001c438000 nmethod 1307 0x000000000335ca90 code [0x000000000335cca0, 0x000000000335d738]
Event: 23.387 Thread 0x000000001c438000 1308       1       com.google.common.collect.SingletonImmutableSet::size (2 bytes)
Event: 23.387 Thread 0x000000001c438000 nmethod 1308 0x00000000033517d0 code [0x0000000003351920, 0x0000000003351a30]
Event: 23.387 Thread 0x000000001c438000 1309       3       com.google.inject.internal.Annotations::isBindingAnnotation (8 bytes)
Event: 23.388 Thread 0x000000001c438000 nmethod 1309 0x000000000335db90 code [0x000000000335ddc0, 0x000000000335e958]
Event: 23.388 Thread 0x000000001c438000 1310       3       java.util.concurrent.ConcurrentHashMap::put (8 bytes)

GC Heap History (2 events):
Event: 19.148 GC heap before
{Heap before GC invocations=1 (full 0):
 PSYoungGen      total 75776K, used 65024K [0x000000076b600000, 0x0000000770a80000, 0x00000007c0000000)
  eden space 65024K, 100% used [0x000000076b600000,0x000000076f580000,0x000000076f580000)
  from space 10752K, 0% used [0x0000000770000000,0x0000000770000000,0x0000000770a80000)
  to   space 10752K, 0% used [0x000000076f580000,0x000000076f580000,0x0000000770000000)
 ParOldGen       total 173568K, used 0K [0x00000006c2200000, 0x00000006ccb80000, 0x000000076b600000)
  object space 173568K, 0% used [0x00000006c2200000,0x00000006c2200000,0x00000006ccb80000)
 Metaspace       used 11289K, capacity 11484K, committed 11776K, reserved 1058816K
  class space    used 1400K, capacity 1479K, committed 1536K, reserved 1048576K
Event: 19.734 GC heap after
Heap after GC invocations=1 (full 0):
 PSYoungGen      total 75776K, used 10214K [0x000000076b600000, 0x0000000774a00000, 0x00000007c0000000)
  eden space 65024K, 0% used [0x000000076b600000,0x000000076b600000,0x000000076f580000)
  from space 10752K, 95% used [0x000000076f580000,0x000000076ff79b50,0x0000000770000000)
  to   space 10752K, 0% used [0x0000000773f80000,0x0000000773f80000,0x0000000774a00000)
 ParOldGen       total 173568K, used 8K [0x00000006c2200000, 0x00000006ccb80000, 0x000000076b600000)
  object space 173568K, 0% used [0x00000006c2200000,0x00000006c2202000,0x00000006ccb80000)
 Metaspace       used 11289K, capacity 11484K, committed 11776K, reserved 1058816K
  class space    used 1400K, capacity 1479K, committed 1536K, reserved 1048576K
}

Deoptimization events (10 events):
Event: 5.502 Thread 0x0000000002db2800 Uncommon trap: reason=unstable_if action=reinterpret pc=0x000000000307eae8 method=org.codehaus.plexus.util.xml.pull.MXParser.more()C @ 8
Event: 6.568 Thread 0x0000000002db2800 Uncommon trap: reason=unstable_if action=reinterpret pc=0x00000000030690b0 method=java.lang.String.indexOf([CII[CIII)I @ 3
Event: 10.442 Thread 0x0000000002db2800 Uncommon trap: reason=unstable_if action=reinterpret pc=0x00000000031508f0 method=org.codehaus.plexus.util.xml.pull.MXParser.nextImpl()I @ 200
Event: 11.821 Thread 0x0000000002db2800 Uncommon trap: reason=unstable_if action=reinterpret pc=0x000000000317f5a0 method=org.codehaus.plexus.util.xml.pull.MXParser.nextImpl()I @ 241
Event: 12.492 Thread 0x0000000002db2800 Uncommon trap: reason=unstable_if action=reinterpret pc=0x000000000311f51c method=java.util.HashMap.getNode(ILjava/lang/Object;)Ljava/util/HashMap$Node; @ 129
Event: 12.492 Thread 0x0000000002db2800 Uncommon trap: reason=unstable_if action=reinterpret pc=0x0000000003121780 method=java.util.HashMap.getNode(ILjava/lang/Object;)Ljava/util/HashMap$Node; @ 129
Event: 13.052 Thread 0x0000000002db2800 Uncommon trap: reason=range_check action=make_not_entrant pc=0x00000000031bfba8 method=sun.reflect.generics.parser.SignatureParser.current()C @ 34
Event: 13.950 Thread 0x0000000002db2800 Uncommon trap: reason=unstable_if action=reinterpret pc=0x0000000003145f84 method=sun.nio.cs.UTF_8$Decoder.decode([BII[C)I @ 30
Event: 15.825 Thread 0x0000000002db2800 Uncommon trap: reason=unstable_if action=reinterpret pc=0x00000000030a6a8c method=sun.misc.MetaIndex.mayContain(Ljava/lang/String;)Z @ 38
Event: 23.292 Thread 0x0000000002db2800 Uncommon trap: reason=predicate action=maybe_recompile pc=0x0000000003106448 method=sun.net.www.ParseUtil.encodePath(Ljava/lang/String;Z)Ljava/lang/String; @ 36

Classes redefined (0 events):
No events

Internal exceptions (10 events):
Event: 4.677 Thread 0x0000000002db2800 Exception <a 'java/lang/NullPointerException'> (0x000000076bac0a78) thrown at [C:\workspace\8-2-build-windows-amd64-cygwin\jdk8u192\11897\hotspot\src\share\vm\interpreter\linkResolver.cpp, line 1185]
Event: 9.478 Thread 0x0000000002db2800 Exception <a 'java/lang/ArrayIndexOutOfBoundsException'> (0x000000076c95d4e8) thrown at [C:\workspace\8-2-build-windows-amd64-cygwin\jdk8u192\11897\hotspot\src\share\vm\runtime\sharedRuntime.cpp, line 605]
Event: 9.527 Thread 0x0000000002db2800 Exception <a 'java/lang/ArrayIndexOutOfBoundsException'> (0x000000076c977e00) thrown at [C:\workspace\8-2-build-windows-amd64-cygwin\jdk8u192\11897\hotspot\src\share\vm\runtime\sharedRuntime.cpp, line 605]
Event: 10.027 Thread 0x0000000002db2800 Exception <a 'java/lang/ArrayIndexOutOfBoundsException'> (0x000000076c9b88c8) thrown at [C:\workspace\8-2-build-windows-amd64-cygwin\jdk8u192\11897\hotspot\src\share\vm\runtime\sharedRuntime.cpp, line 605]
Event: 10.030 Thread 0x0000000002db2800 Exception <a 'java/lang/NoClassDefFoundError': javax/enterprise/inject/Typed> (0x000000076c9e2de0) thrown at [C:\workspace\8-2-build-windows-amd64-cygwin\jdk8u192\11897\hotspot\src\share\vm\classfile\systemDictionary.cpp, line 199]
Event: 11.826 Thread 0x0000000002db2800 Exception <a 'java/lang/ArrayIndexOutOfBoundsException'> (0x000000076d329660) thrown at [C:\workspace\8-2-build-windows-amd64-cygwin\jdk8u192\11897\hotspot\src\share\vm\runtime\sharedRuntime.cpp, line 605]
Event: 11.827 Thread 0x0000000002db2800 Exception <a 'java/lang/ArrayIndexOutOfBoundsException'> (0x000000076d32b1f0) thrown at [C:\workspace\8-2-build-windows-amd64-cygwin\jdk8u192\11897\hotspot\src\share\vm\runtime\sharedRuntime.cpp, line 605]
Event: 13.052 Thread 0x0000000002db2800 Exception <a 'java/lang/ArrayIndexOutOfBoundsException': 66> (0x000000076d642420) thrown at [C:\workspace\8-2-build-windows-amd64-cygwin\jdk8u192\11897\hotspot\src\share\vm\interpreter\interpreterRuntime.cpp, line 368]
Event: 23.292 Thread 0x0000000002db2800 Exception <a 'java/lang/NoClassDefFoundError': com/google/inject/servlet/ServletModuleTargetVisitor> (0x000000076c212930) thrown at [C:\workspace\8-2-build-windows-amd64-cygwin\jdk8u192\11897\hotspot\src\share\vm\classfile\systemDictionary.cpp, line 199]
Event: 23.292 Thread 0x0000000002db2800 Exception <a 'java/lang/NoClassDefFoundError'> (0x000000076c212930) thrown at [C:\workspace\8-2-build-windows-amd64-cygwin\jdk8u192\11897\hotspot\src\share\vm\prims\jvm.cpp, line 1439]

Events (10 events):
Event: 23.386 loading class org/apache/maven/lifecycle/internal/DefaultLifecyclePluginAnalyzer
Event: 23.386 loading class org/apache/maven/lifecycle/internal/DefaultLifecyclePluginAnalyzer done
Event: 23.386 loading class org/apache/maven/lifecycle/DefaultLifecycles
Event: 23.386 loading class org/apache/maven/lifecycle/DefaultLifecycles done
Event: 23.386 loading class org/apache/maven/lifecycle/mapping/LifecycleMapping
Event: 23.386 loading class org/apache/maven/lifecycle/mapping/LifecycleMapping done
Event: 23.386 loading class org/eclipse/sisu/wire/EntryMapAdapter
Event: 23.386 loading class org/eclipse/sisu/wire/EntryMapAdapter done
Event: 23.387 loading class org/eclipse/sisu/wire/EntryMapAdapter$EntrySet
Event: 23.387 loading class org/eclipse/sisu/wire/EntryMapAdapter$EntrySet done


Dynamic libraries:
0x00007ff7f6810000 - 0x00007ff7f6847000 	C:\Program Files\Java\jdk1.8.0_192\bin\java.exe
0x00007ffa976e0000 - 0x00007ffa978e9000 	C:\Windows\SYSTEM32\ntdll.dll
0x00007ffa96280000 - 0x00007ffa9633e000 	C:\Windows\System32\KERNEL32.DLL
0x00007ffa94dc0000 - 0x00007ffa9513b000 	C:\Windows\System32\KERNELBASE.dll
0x00007ffa95a50000 - 0x00007ffa95afe000 	C:\Windows\System32\ADVAPI32.dll
0x00007ffa963e0000 - 0x00007ffa96483000 	C:\Windows\System32\msvcrt.dll
0x00007ffa96340000 - 0x00007ffa963de000 	C:\Windows\System32\sechost.dll
0x00007ffa955f0000 - 0x00007ffa95710000 	C:\Windows\System32\RPCRT4.dll
0x00007ffa957a0000 - 0x00007ffa9594d000 	C:\Windows\System32\USER32.dll
0x00007ffa952e0000 - 0x00007ffa95306000 	C:\Windows\System32\win32u.dll
0x00007ffa95560000 - 0x00007ffa95589000 	C:\Windows\System32\GDI32.dll
0x00007ffa951c0000 - 0x00007ffa952d8000 	C:\Windows\System32\gdi32full.dll
0x00007ffa94d20000 - 0x00007ffa94dbd000 	C:\Windows\System32\msvcp_win.dll
0x00007ffa95440000 - 0x00007ffa95551000 	C:\Windows\System32\ucrtbase.dll
0x00007ffa77450000 - 0x00007ffa776f5000 	C:\Windows\WinSxS\amd64_microsoft.windows.common-controls_6595b64144ccf1df_6.0.22000.120_none_9d947278b86cc467\COMCTL32.dll
0x00007ffa95cd0000 - 0x00007ffa95d02000 	C:\Windows\System32\IMM32.DLL
0x0000000051540000 - 0x0000000051611000 	C:\Program Files\Java\jdk1.8.0_192\jre\bin\msvcr100.dll
0x0000000077750000 - 0x0000000077ff3000 	C:\Program Files\Java\jdk1.8.0_192\jre\bin\server\jvm.dll
0x00007ffa95950000 - 0x00007ffa95958000 	C:\Windows\System32\PSAPI.DLL
0x00007ffa90770000 - 0x00007ffa90779000 	C:\Windows\SYSTEM32\WSOCK32.dll
0x00007ffa97630000 - 0x00007ffa9769f000 	C:\Windows\System32\WS2_32.dll
0x00007ffa8eeb0000 - 0x00007ffa8eee3000 	C:\Windows\SYSTEM32\WINMM.dll
0x00007ffa8ea70000 - 0x00007ffa8ea7a000 	C:\Windows\SYSTEM32\VERSION.dll
0x00007ffa90370000 - 0x00007ffa9037f000 	C:\Program Files\Java\jdk1.8.0_192\jre\bin\verify.dll
0x00007ffa7d390000 - 0x00007ffa7d3b9000 	C:\Program Files\Java\jdk1.8.0_192\jre\bin\java.dll
0x00007ffa7d370000 - 0x00007ffa7d386000 	C:\Program Files\Java\jdk1.8.0_192\jre\bin\zip.dll
0x00007ffa96630000 - 0x00007ffa96de7000 	C:\Windows\System32\SHELL32.dll
0x00007ffa92cb0000 - 0x00007ffa93515000 	C:\Windows\SYSTEM32\windows.storage.dll
0x00007ffa972b0000 - 0x00007ffa97628000 	C:\Windows\System32\combase.dll
0x00007ffa92b40000 - 0x00007ffa92ca6000 	C:\Windows\SYSTEM32\wintypes.dll
0x00007ffa95960000 - 0x00007ffa95a4a000 	C:\Windows\System32\SHCORE.dll
0x00007ffa97040000 - 0x00007ffa9709d000 	C:\Windows\System32\shlwapi.dll
0x00007ffa94ae0000 - 0x00007ffa94b01000 	C:\Windows\SYSTEM32\profapi.dll
0x0000000069ac0000 - 0x0000000069ae4000 	C:\Program Files\NetBeans-13\netbeans\java\maven\lib\jansi-native\Windows\x86_64\jansi.dll

VM Arguments:
jvm_args: -Dclassworlds.conf=C:\Program Files\NetBeans-13\netbeans\java\maven\bin\m2.conf -Dmaven.home=C:\Program Files\NetBeans-13\netbeans\java\maven -Dlibrary.jansi.path=C:\Program Files\NetBeans-13\netbeans\java\maven\lib\jansi-native -Dmaven.multiModuleProjectDirectory=C:\Users\rrbou\OneDrive\Desktop\maven-jsf-primefaces-heroku-master\maven-jsf-primefaces-heroku-master 
java_command: org.codehaus.plexus.classworlds.launcher.Launcher -Dmaven.ext.class.path=C:\Program Files\NetBeans-13\netbeans\java\maven-nblib\netbeans-eventspy.jar install
java_class_path (initial): C:\Program Files\NetBeans-13\netbeans\java\maven\boot\plexus-classworlds-2.6.0.jar
Launcher Type: SUN_STANDARD

Environment Variables:
JAVA_HOME=C:\Program Files\Java\jdk1.8.0_192
PATH=C:\Program Files (x86)\Common Files\Oracle\Java\javapath;C:\Python310\Scripts\;C:\Python310\;C:\Program Files (x86)\Common Files\Intel\Shared Libraries\redist\intel64\compiler;C:\Program Files\Common Files\Oracle\Java\javapath;C:\Windows\system32;C:\Windows;C:\Windows\System32\Wbem;C:\Windows\System32\WindowsPowerShell\v1.0\;C:\Windows\System32\OpenSSH\;C:\Program Files\Git\cmd;C:\Program Files\gs\gs9.56.1\bin;C:\Program Files\nodejs\;C:\ProgramData\chocolatey\bin;C:\Program Files\Java\jdk-18.0.1.1\bin;C:\Program Files\Java\jdk-18.0.1.1\bin;;C:\Program Files (x86)\NVIDIA Corporation\PhysX\Common;C:\Program Files\NVIDIA Corporation\NVIDIA NvDLISR;C:\Users\rrbou\AppData\Local\Microsoft\WindowsApps;C:\Users\rrbou\AppData\Local\Programs\Microsoft VS Code\bin;C:\src\flutter\bin;E:\src\dart-sdk\bin;C:\Users\rrbou\AppData\Roaming\npm;C:\Program Files\Java\jdk-18.0.1.1\bin;C:\tools\dart-sdk\bin;C:\Users\rrbou\AppData\Roaming\Pub\Cache\bin;C:\Program Files\OpenSSL-Win64\bin;C:\Users\rrbou\OneDrive\Desktop\New folder (3)\apache-jena-4.6.1\apache-jena-4.6.1\lib
USERNAME=rrbou
OS=Windows_NT
PROCESSOR_IDENTIFIER=Intel64 Family 6 Model 158 Stepping 9, GenuineIntel



---------------  S Y S T E M  ---------------

OS: Windows 10.0 , 64 bit Build 22000 (10.0.22000.1219)

CPU:total 4 (initial active 4) (4 cores per cpu, 1 threads per core) family 6 model 158 stepping 9, cmov, cx8, fxsr, mmx, sse, sse2, sse3, ssse3, sse4.1, sse4.2, popcnt, avx, avx2, aes, clmul, erms, 3dnowpref, lzcnt, tsc, tscinvbit, bmi1, bmi2, adx

Memory: 4k page, physical 16637740k(4472940k free), swap 36137892k(244k free)

vm_info: Java HotSpot(TM) 64-Bit Server VM (25.192-b12) for windows-amd64 JRE (1.8.0_192-b12), built on Oct  6 2018 17:12:23 by "java_re" with MS VC++ 10.0 (VS2010)

time: Tue Dec 13 17:55:00 2022
timezone: Morocco Daylight Time
elapsed time: 23 seconds (0d 0h 0m 23s)

