#
# There is insufficient memory for the Java Runtime Environment to continue.
# Native memory allocation (malloc) failed to allocate 40976 bytes for Chunk::new
# Possible reasons:
#   The system is out of physical RAM or swap space
#   The process is running with CompressedOops enabled, and the Java Heap may be blocking the growth of the native heap
# Possible solutions:
#   Reduce memory load on the system
#   Increase physical memory or swap space
#   Check if swap backing store is full
#   Decrease Java heap size (-Xmx/-Xms)
#   Decrease number of Java threads
#   Decrease Java thread stack sizes (-Xss)
#   Set larger code cache with -XX:ReservedCodeCacheSize=
#   JVM is running with Zero Based Compressed Oops mode in which the Java heap is
#     placed in the first 32GB address space. The Java Heap base address is the
#     maximum limit for the native heap growth. Please use -XX:HeapBaseMinAddress
#     to set the Java Heap base and to place the Java Heap above 32GB virtual address.
# This output file may be truncated or incomplete.
#
#  Out of Memory Error (allocation.cpp:390), pid=16656, tid=0x0000000000004b34
#
# JRE version: Java(TM) SE Runtime Environment (8.0_192-b12) (build 1.8.0_192-b12)
# Java VM: Java HotSpot(TM) 64-Bit Server VM (25.192-b12 mixed mode windows-amd64 compressed oops)
# Failed to write core dump. Minidumps are not enabled by default on client versions of Windows
#

---------------  T H R E A D  ---------------

Current thread (0x000000001bd7b800):  JavaThread "C2 CompilerThread1" daemon [_thread_in_native, id=19252, stack(0x000000001d480000,0x000000001d580000)]

Stack: [0x000000001d480000,0x000000001d580000]
[error occurred during error reporting (printing stack bounds), id 0xc0000005]

Native frames: (J=compiled Java code, j=interpreted, Vv=VM code, C=native code)


Current CompileTask:
C2:  50753 2510       4       org.codehaus.plexus.interpolation.MapBasedValueSource::getValue (22 bytes)


---------------  P R O C E S S  ---------------

Java Threads: ( => current thread )
  0x000000001d588800 JavaThread "Service Thread" daemon [_thread_blocked, id=19460, stack(0x000000001da80000,0x000000001db80000)]
  0x000000001bd7e800 JavaThread "C1 CompilerThread2" daemon [_thread_blocked, id=19300, stack(0x000000001d980000,0x000000001da80000)]
=>0x000000001bd7b800 JavaThread "C2 CompilerThread1" daemon [_thread_in_native, id=19252, stack(0x000000001d480000,0x000000001d580000)]
  0x000000001bd22800 JavaThread "C2 CompilerThread0" daemon [_thread_blocked, id=19164, stack(0x000000001d380000,0x000000001d480000)]
  0x000000001bd20000 JavaThread "Attach Listener" daemon [_thread_blocked, id=19160, stack(0x000000001d280000,0x000000001d380000)]
  0x000000001bd1f000 JavaThread "Signal Dispatcher" daemon [_thread_blocked, id=19156, stack(0x000000001d180000,0x000000001d280000)]
  0x000000000279d800 JavaThread "Finalizer" daemon [_thread_blocked, id=18288, stack(0x000000001cf80000,0x000000001d080000)]
  0x000000001bd0a000 JavaThread "Reference Handler" daemon [_thread_blocked, id=18284, stack(0x000000001ce80000,0x000000001cf80000)]
  0x00000000026a2800 JavaThread "main" [_thread_in_native, id=17768, stack(0x00000000025a0000,0x00000000026a0000)]

Other Threads:
  0x000000001bce8000 VMThread [stack: 0x000000001cd80000,0x000000001ce80000] [id=18164]
  0x000000001d58a800 WatcherThread [stack: 0x000000001dcd0000,0x000000001ddd0000] [id=19508]

VM state:not at safepoint (normal execution)

VM Mutex/Monitor currently owned by a thread: None

heap address: 0x00000006c2200000, size: 4062 MB, Compressed Oops mode: Zero based, Oop shift amount: 3
Narrow klass base: 0x0000000000000000, Narrow klass shift: 3
Compressed class space size: 1073741824 Address: 0x00000007c0000000

Heap:
 PSYoungGen      total 75776K, used 18170K [0x000000076b600000, 0x0000000774a00000, 0x00000007c0000000)
  eden space 65024K, 12% used [0x000000076b600000,0x000000076bdfa920,0x000000076f580000)
  from space 10752K, 93% used [0x0000000770000000,0x00000007709c41b8,0x0000000770a80000)
  to   space 10752K, 0% used [0x000000076f580000,0x000000076f580000,0x0000000770000000)
 ParOldGen       total 173568K, used 24K [0x00000006c2200000, 0x00000006ccb80000, 0x000000076b600000)
  object space 173568K, 0% used [0x00000006c2200000,0x00000006c2206000,0x00000006ccb80000)
 Metaspace       used 15623K, capacity 15888K, committed 16128K, reserved 1062912K
  class space    used 1864K, capacity 1949K, committed 2048K, reserved 1048576K

Card table byte_map: [0x0000000011b60000,0x0000000012350000] byte_map_base: 0x000000000e54f000

Marking Bits: (ParMarkBitMap*) 0x0000000077f73ce0
 Begin Bits: [0x0000000012ca0000, 0x0000000016c18000)
 End Bits:   [0x0000000016c18000, 0x000000001ab90000)

Polling page: 0x00000000024d0000

CodeCache: size=245760Kb used=8196Kb max_used=8202Kb free=237563Kb
 bounds [0x00000000027a0000, 0x0000000002fb0000, 0x00000000117a0000]
 total_blobs=2740 nmethods=2394 adapters=257
 compilation: enabled

Compilation events (10 events):
Event: 49.671 Thread 0x000000001bd22800 nmethod 2506 0x0000000002fa48d0 code [0x0000000002fa4a00, 0x0000000002fa4ad8]
Event: 49.671 Thread 0x000000001bd7e800 2507       3       org.eclipse.aether.util.graph.selector.AndDependencySelector::selectDependency (46 bytes)
Event: 49.671 Thread 0x000000001bd7e800 nmethod 2507 0x0000000002fa3ed0 code [0x0000000002fa4080, 0x0000000002fa46d8]
Event: 49.672 Thread 0x000000001bd7e800 2508       3       org.eclipse.aether.artifact.AbstractArtifact::getBaseVersion (8 bytes)
Event: 49.672 Thread 0x000000001bd7e800 nmethod 2508 0x0000000002fa6550 code [0x0000000002fa66c0, 0x0000000002fa68f8]
Event: 50.748 Thread 0x000000001bd7e800 2509       1       org.apache.maven.model.DistributionManagement::getStatus (5 bytes)
Event: 50.748 Thread 0x000000001bd7e800 nmethod 2509 0x0000000002fa3c10 code [0x0000000002fa3d60, 0x0000000002fa3e70]
Event: 50.748 Thread 0x000000001bd7b800 2510       4       org.codehaus.plexus.interpolation.MapBasedValueSource::getValue (22 bytes)
Event: 50.749 Thread 0x000000001bd7e800 2511       1       org.eclipse.aether.internal.impl.collect.DataPool$GraphKey::hashCode (5 bytes)
Event: 50.749 Thread 0x000000001bd7e800 nmethod 2511 0x0000000002fa6290 code [0x0000000002fa63e0, 0x0000000002fa64f0]

GC Heap History (4 events):
Event: 23.320 GC heap before
{Heap before GC invocations=1 (full 0):
 PSYoungGen      total 75776K, used 65024K [0x000000076b600000, 0x0000000770a80000, 0x00000007c0000000)
  eden space 65024K, 100% used [0x000000076b600000,0x000000076f580000,0x000000076f580000)
  from space 10752K, 0% used [0x0000000770000000,0x0000000770000000,0x0000000770a80000)
  to   space 10752K, 0% used [0x000000076f580000,0x000000076f580000,0x0000000770000000)
 ParOldGen       total 173568K, used 0K [0x00000006c2200000, 0x00000006ccb80000, 0x000000076b600000)
  object space 173568K, 0% used [0x00000006c2200000,0x00000006c2200000,0x00000006ccb80000)
 Metaspace       used 11301K, capacity 11484K, committed 11776K, reserved 1058816K
  class space    used 1402K, capacity 1479K, committed 1536K, reserved 1048576K
Event: 23.329 GC heap after
Heap after GC invocations=1 (full 0):
 PSYoungGen      total 75776K, used 10244K [0x000000076b600000, 0x0000000770a80000, 0x00000007c0000000)
  eden space 65024K, 0% used [0x000000076b600000,0x000000076b600000,0x000000076f580000)
  from space 10752K, 95% used [0x000000076f580000,0x000000076ff810f8,0x0000000770000000)
  to   space 10752K, 0% used [0x0000000770000000,0x0000000770000000,0x0000000770a80000)
 ParOldGen       total 173568K, used 16K [0x00000006c2200000, 0x00000006ccb80000, 0x000000076b600000)
  object space 173568K, 0% used [0x00000006c2200000,0x00000006c2204000,0x00000006ccb80000)
 Metaspace       used 11301K, capacity 11484K, committed 11776K, reserved 1058816K
  class space    used 1402K, capacity 1479K, committed 1536K, reserved 1048576K
}
Event: 40.913 GC heap before
{Heap before GC invocations=2 (full 0):
 PSYoungGen      total 75776K, used 75268K [0x000000076b600000, 0x0000000770a80000, 0x00000007c0000000)
  eden space 65024K, 100% used [0x000000076b600000,0x000000076f580000,0x000000076f580000)
  from space 10752K, 95% used [0x000000076f580000,0x000000076ff810f8,0x0000000770000000)
  to   space 10752K, 0% used [0x0000000770000000,0x0000000770000000,0x0000000770a80000)
 ParOldGen       total 173568K, used 16K [0x00000006c2200000, 0x00000006ccb80000, 0x000000076b600000)
  object space 173568K, 0% used [0x00000006c2200000,0x00000006c2204000,0x00000006ccb80000)
 Metaspace       used 15438K, capacity 15760K, committed 16128K, reserved 1062912K
  class space    used 1855K, capacity 1949K, committed 2048K, reserved 1048576K
Event: 41.656 GC heap after
Heap after GC invocations=2 (full 0):
 PSYoungGen      total 75776K, used 10000K [0x000000076b600000, 0x0000000774a00000, 0x00000007c0000000)
  eden space 65024K, 0% used [0x000000076b600000,0x000000076b600000,0x000000076f580000)
  from space 10752K, 93% used [0x0000000770000000,0x00000007709c41b8,0x0000000770a80000)
  to   space 10752K, 0% used [0x000000076f580000,0x000000076f580000,0x0000000770000000)
 ParOldGen       total 173568K, used 24K [0x00000006c2200000, 0x00000006ccb80000, 0x000000076b600000)
  object space 173568K, 0% used [0x00000006c2200000,0x00000006c2206000,0x00000006ccb80000)
 Metaspace       used 15438K, capacity 15760K, committed 16128K, reserved 1062912K
  class space    used 1855K, capacity 1949K, committed 2048K, reserved 1048576K
}

Deoptimization events (10 events):
Event: 38.220 Thread 0x00000000026a2800 Uncommon trap: reason=unstable_if action=reinterpret pc=0x0000000002b220d8 method=java.lang.String.regionMatches(ZILjava/lang/String;II)Z @ 25
Event: 38.230 Thread 0x00000000026a2800 Uncommon trap: reason=unstable_if action=reinterpret pc=0x0000000002ddb708 method=org.codehaus.plexus.util.xml.pull.MXParser.nextImpl()I @ 280
Event: 38.241 Thread 0x00000000026a2800 Uncommon trap: reason=class_check action=maybe_recompile pc=0x0000000002d7ee2c method=java.util.regex.Pattern$7.isSatisfiedBy(I)Z @ 16
Event: 38.241 Thread 0x00000000026a2800 Uncommon trap: reason=class_check action=maybe_recompile pc=0x0000000002d7ee2c method=java.util.regex.Pattern$7.isSatisfiedBy(I)Z @ 16
Event: 38.241 Thread 0x00000000026a2800 Uncommon trap: reason=class_check action=maybe_recompile pc=0x0000000002d7ee2c method=java.util.regex.Pattern$7.isSatisfiedBy(I)Z @ 16
Event: 38.241 Thread 0x00000000026a2800 Uncommon trap: reason=class_check action=maybe_recompile pc=0x0000000002d7ee2c method=java.util.regex.Pattern$7.isSatisfiedBy(I)Z @ 16
Event: 38.740 Thread 0x00000000026a2800 Uncommon trap: reason=bimorphic action=maybe_recompile pc=0x0000000002ae6b30 method=java.util.HashMap.putVal(ILjava/lang/Object;Ljava/lang/Object;ZZ)Ljava/lang/Object; @ 203
Event: 41.660 Thread 0x00000000026a2800 Uncommon trap: reason=unstable_if action=reinterpret pc=0x0000000002b54828 method=java.util.HashMap.hash(Ljava/lang/Object;)I @ 1
Event: 41.661 Thread 0x00000000026a2800 Uncommon trap: reason=unstable_if action=reinterpret pc=0x0000000002a7e4a8 method=java.util.HashMap.hash(Ljava/lang/Object;)I @ 1
Event: 41.661 Thread 0x00000000026a2800 Uncommon trap: reason=unstable_if action=reinterpret pc=0x0000000002b1fe50 method=java.util.HashMap.getNode(ILjava/lang/Object;)Ljava/util/HashMap$Node; @ 53

Classes redefined (0 events):
No events

Internal exceptions (10 events):
Event: 25.460 Thread 0x00000000026a2800 Exception <a 'java/lang/NoClassDefFoundError'> (0x000000076c20df00) thrown at [C:\workspace\8-2-build-windows-amd64-cygwin\jdk8u192\11897\hotspot\src\share\vm\prims\jvm.cpp, line 1439]
Event: 28.318 Thread 0x00000000026a2800 Exception <a 'java/lang/NullPointerException'> (0x000000076c912600) thrown at [C:\workspace\8-2-build-windows-amd64-cygwin\jdk8u192\11897\hotspot\src\share\vm\interpreter\linkResolver.cpp, line 1185]
Event: 28.318 Thread 0x00000000026a2800 Exception <a 'java/lang/NullPointerException'> (0x000000076c912808) thrown at [C:\workspace\8-2-build-windows-amd64-cygwin\jdk8u192\11897\hotspot\src\share\vm\interpreter\linkResolver.cpp, line 1185]
Event: 28.318 Thread 0x00000000026a2800 Exception <a 'java/lang/NullPointerException'> (0x000000076c912a10) thrown at [C:\workspace\8-2-build-windows-amd64-cygwin\jdk8u192\11897\hotspot\src\share\vm\interpreter\linkResolver.cpp, line 1185]
Event: 28.319 Thread 0x00000000026a2800 Exception <a 'java/lang/NullPointerException'> (0x000000076c91a308) thrown at [C:\workspace\8-2-build-windows-amd64-cygwin\jdk8u192\11897\hotspot\src\share\vm\interpreter\linkResolver.cpp, line 1185]
Event: 28.319 Thread 0x00000000026a2800 Exception <a 'java/lang/NullPointerException'> (0x000000076c91a510) thrown at [C:\workspace\8-2-build-windows-amd64-cygwin\jdk8u192\11897\hotspot\src\share\vm\interpreter\linkResolver.cpp, line 1185]
Event: 28.319 Thread 0x00000000026a2800 Exception <a 'java/lang/NullPointerException'> (0x000000076c91a718) thrown at [C:\workspace\8-2-build-windows-amd64-cygwin\jdk8u192\11897\hotspot\src\share\vm\interpreter\linkResolver.cpp, line 1185]
Event: 32.818 Thread 0x00000000026a2800 Implicit null exception at 0x0000000002db1483 to 0x0000000002db16cd
Event: 41.660 Thread 0x00000000026a2800 Implicit null exception at 0x0000000002b54615 to 0x0000000002b54819
Event: 41.661 Thread 0x00000000026a2800 Implicit null exception at 0x0000000002a7e42f to 0x0000000002a7e499

Events (10 events):
Event: 41.680 loading class org/apache/maven/plugin/DefaultPluginRealmCache$CacheKey
Event: 41.680 loading class org/apache/maven/plugin/DefaultPluginRealmCache$CacheKey done
Event: 41.680 loading class org/apache/maven/plugin/CacheUtils
Event: 41.680 loading class org/apache/maven/plugin/CacheUtils done
Event: 41.684 loading class org/apache/maven/plugin/internal/PlexusUtilsInjector
Event: 41.684 loading class org/apache/maven/plugin/internal/PlexusUtilsInjector done
Event: 41.685 loading class org/apache/maven/plugin/internal/WagonExcluder
Event: 41.685 loading class org/apache/maven/plugin/internal/WagonExcluder done
Event: 41.856 loading class java/util/Collections$UnmodifiableList$1
Event: 41.856 loading class java/util/Collections$UnmodifiableList$1 done


Dynamic libraries:
0x00007ff7f6810000 - 0x00007ff7f6847000 	C:\Program Files\Java\jdk1.8.0_192\bin\java.exe
0x00007ffa976e0000 - 0x00007ffa978e9000 	C:\Windows\SYSTEM32\ntdll.dll
0x00007ffa96280000 - 0x00007ffa9633e000 	C:\Windows\System32\KERNEL32.DLL
0x00007ffa94dc0000 - 0x00007ffa9513b000 	C:\Windows\System32\KERNELBASE.dll
0x00007ffa95a50000 - 0x00007ffa95afe000 	C:\Windows\System32\ADVAPI32.dll
0x00007ffa963e0000 - 0x00007ffa96483000 	C:\Windows\System32\msvcrt.dll
0x00007ffa96340000 - 0x00007ffa963de000 	C:\Windows\System32\sechost.dll
0x00007ffa955f0000 - 0x00007ffa95710000 	C:\Windows\System32\RPCRT4.dll
0x00007ffa957a0000 - 0x00007ffa9594d000 	C:\Windows\System32\USER32.dll
0x00007ffa952e0000 - 0x00007ffa95306000 	C:\Windows\System32\win32u.dll
0x00007ffa95560000 - 0x00007ffa95589000 	C:\Windows\System32\GDI32.dll
0x00007ffa951c0000 - 0x00007ffa952d8000 	C:\Windows\System32\gdi32full.dll
0x00007ffa94d20000 - 0x00007ffa94dbd000 	C:\Windows\System32\msvcp_win.dll
0x00007ffa95440000 - 0x00007ffa95551000 	C:\Windows\System32\ucrtbase.dll
0x00007ffa77450000 - 0x00007ffa776f5000 	C:\Windows\WinSxS\amd64_microsoft.windows.common-controls_6595b64144ccf1df_6.0.22000.120_none_9d947278b86cc467\COMCTL32.dll
0x00007ffa95cd0000 - 0x00007ffa95d02000 	C:\Windows\System32\IMM32.DLL
0x0000000051540000 - 0x0000000051611000 	C:\Program Files\Java\jdk1.8.0_192\jre\bin\msvcr100.dll
0x0000000077750000 - 0x0000000077ff3000 	C:\Program Files\Java\jdk1.8.0_192\jre\bin\server\jvm.dll
0x00007ffa95950000 - 0x00007ffa95958000 	C:\Windows\System32\PSAPI.DLL
0x00007ffa90770000 - 0x00007ffa90779000 	C:\Windows\SYSTEM32\WSOCK32.dll
0x00007ffa97630000 - 0x00007ffa9769f000 	C:\Windows\System32\WS2_32.dll
0x00007ffa8eeb0000 - 0x00007ffa8eee3000 	C:\Windows\SYSTEM32\WINMM.dll
0x00007ffa8ea70000 - 0x00007ffa8ea7a000 	C:\Windows\SYSTEM32\VERSION.dll
0x00007ffa90370000 - 0x00007ffa9037f000 	C:\Program Files\Java\jdk1.8.0_192\jre\bin\verify.dll
0x00007ffa7d390000 - 0x00007ffa7d3b9000 	C:\Program Files\Java\jdk1.8.0_192\jre\bin\java.dll
0x00007ffa7d370000 - 0x00007ffa7d386000 	C:\Program Files\Java\jdk1.8.0_192\jre\bin\zip.dll
0x00007ffa96630000 - 0x00007ffa96de7000 	C:\Windows\System32\SHELL32.dll
0x00007ffa92cb0000 - 0x00007ffa93515000 	C:\Windows\SYSTEM32\windows.storage.dll
0x00007ffa972b0000 - 0x00007ffa97628000 	C:\Windows\System32\combase.dll
0x00007ffa92b40000 - 0x00007ffa92ca6000 	C:\Windows\SYSTEM32\wintypes.dll
0x00007ffa95960000 - 0x00007ffa95a4a000 	C:\Windows\System32\SHCORE.dll
0x00007ffa97040000 - 0x00007ffa9709d000 	C:\Windows\System32\shlwapi.dll
0x00007ffa94ae0000 - 0x00007ffa94b01000 	C:\Windows\SYSTEM32\profapi.dll
0x0000000069ac0000 - 0x0000000069ae4000 	C:\Program Files\NetBeans-13\netbeans\java\maven\lib\jansi-native\Windows\x86_64\jansi.dll

VM Arguments:
jvm_args: -Dclassworlds.conf=C:\Program Files\NetBeans-13\netbeans\java\maven\bin\m2.conf -Dmaven.home=C:\Program Files\NetBeans-13\netbeans\java\maven -Dlibrary.jansi.path=C:\Program Files\NetBeans-13\netbeans\java\maven\lib\jansi-native -Dmaven.multiModuleProjectDirectory=C:\Users\rrbou\OneDrive\Desktop\maven-jsf-primefaces-heroku-master\maven-jsf-primefaces-heroku-master 
java_command: org.codehaus.plexus.classworlds.launcher.Launcher -Dmaven.ext.class.path=C:\Program Files\NetBeans-13\netbeans\java\maven-nblib\netbeans-eventspy.jar install
java_class_path (initial): C:\Program Files\NetBeans-13\netbeans\java\maven\boot\plexus-classworlds-2.6.0.jar
Launcher Type: SUN_STANDARD

Environment Variables:
JAVA_HOME=C:\Program Files\Java\jdk1.8.0_192
PATH=C:\Program Files (x86)\Common Files\Oracle\Java\javapath;C:\Python310\Scripts\;C:\Python310\;C:\Program Files (x86)\Common Files\Intel\Shared Libraries\redist\intel64\compiler;C:\Program Files\Common Files\Oracle\Java\javapath;C:\Windows\system32;C:\Windows;C:\Windows\System32\Wbem;C:\Windows\System32\WindowsPowerShell\v1.0\;C:\Windows\System32\OpenSSH\;C:\Program Files\Git\cmd;C:\Program Files\gs\gs9.56.1\bin;C:\Program Files\nodejs\;C:\ProgramData\chocolatey\bin;C:\Program Files\Java\jdk-18.0.1.1\bin;C:\Program Files\Java\jdk-18.0.1.1\bin;;C:\Program Files (x86)\NVIDIA Corporation\PhysX\Common;C:\Program Files\NVIDIA Corporation\NVIDIA NvDLISR;C:\Users\rrbou\AppData\Local\Microsoft\WindowsApps;C:\Users\rrbou\AppData\Local\Programs\Microsoft VS Code\bin;C:\src\flutter\bin;E:\src\dart-sdk\bin;C:\Users\rrbou\AppData\Roaming\npm;C:\Program Files\Java\jdk-18.0.1.1\bin;C:\tools\dart-sdk\bin;C:\Users\rrbou\AppData\Roaming\Pub\Cache\bin;C:\Program Files\OpenSSL-Win64\bin;C:\Users\rrbou\OneDrive\Desktop\New folder (3)\apache-jena-4.6.1\apache-jena-4.6.1\lib
USERNAME=rrbou
OS=Windows_NT
PROCESSOR_IDENTIFIER=Intel64 Family 6 Model 158 Stepping 9, GenuineIntel



---------------  S Y S T E M  ---------------

OS: Windows 10.0 , 64 bit Build 22000 (10.0.22000.1219)

CPU:total 4 (initial active 4) (4 cores per cpu, 1 threads per core) family 6 model 158 stepping 9, cmov, cx8, fxsr, mmx, sse, sse2, sse3, ssse3, sse4.1, sse4.2, popcnt, avx, avx2, aes, clmul, erms, 3dnowpref, lzcnt, tsc, tscinvbit, bmi1, bmi2, adx

Memory: 4k page, physical 16637740k(3335664k free), swap 36137892k(1128k free)

vm_info: Java HotSpot(TM) 64-Bit Server VM (25.192-b12) for windows-amd64 JRE (1.8.0_192-b12), built on Oct  6 2018 17:12:23 by "java_re" with MS VC++ 10.0 (VS2010)

time: Tue Dec 13 17:55:28 2022
timezone: Morocco Daylight Time
elapsed time: 50 seconds (0d 0h 0m 50s)

