#
# There is insufficient memory for the Java Runtime Environment to continue.
# Native memory allocation (malloc) failed to allocate 32744 bytes for ChunkPool::allocate
# Possible reasons:
#   The system is out of physical RAM or swap space
#   The process is running with CompressedOops enabled, and the Java Heap may be blocking the growth of the native heap
# Possible solutions:
#   Reduce memory load on the system
#   Increase physical memory or swap space
#   Check if swap backing store is full
#   Decrease Java heap size (-Xmx/-Xms)
#   Decrease number of Java threads
#   Decrease Java thread stack sizes (-Xss)
#   Set larger code cache with -XX:ReservedCodeCacheSize=
#   JVM is running with Zero Based Compressed Oops mode in which the Java heap is
#     placed in the first 32GB address space. The Java Heap base address is the
#     maximum limit for the native heap growth. Please use -XX:HeapBaseMinAddress
#     to set the Java Heap base and to place the Java Heap above 32GB virtual address.
# This output file may be truncated or incomplete.
#
#  Out of Memory Error (allocation.cpp:273), pid=11492, tid=0x0000000000000750
#
# JRE version: Java(TM) SE Runtime Environment (8.0_192-b12) (build 1.8.0_192-b12)
# Java VM: Java HotSpot(TM) 64-Bit Server VM (25.192-b12 mixed mode windows-amd64 compressed oops)
# Failed to write core dump. Minidumps are not enabled by default on client versions of Windows
#

---------------  T H R E A D  ---------------

Current thread (0x000000001c872000):  JavaThread "C2 CompilerThread0" daemon [_thread_in_vm, id=1872, stack(0x000000001ded0000,0x000000001dfd0000)]

Stack: [0x000000001ded0000,0x000000001dfd0000]
[error occurred during error reporting (printing stack bounds), id 0xc0000005]

Native frames: (J=compiled Java code, j=interpreted, Vv=VM code, C=native code)


Current CompileTask:
C2:  40144 3307   !   4       sun.reflect.UTF8::encode (191 bytes)


---------------  P R O C E S S  ---------------

Java Threads: ( => current thread )
  0x000000001dfd7800 JavaThread "Service Thread" daemon [_thread_blocked, id=12928, stack(0x000000001e5d0000,0x000000001e6d0000)]
  0x000000001dfd4000 JavaThread "C1 CompilerThread2" daemon [_thread_blocked, id=3592, stack(0x000000001e4d0000,0x000000001e5d0000)]
  0x000000001dfd1000 JavaThread "C2 CompilerThread1" daemon [_thread_in_native, id=12772, stack(0x000000001e3d0000,0x000000001e4d0000)]
=>0x000000001c872000 JavaThread "C2 CompilerThread0" daemon [_thread_in_vm, id=1872, stack(0x000000001ded0000,0x000000001dfd0000)]
  0x000000001c86f800 JavaThread "Attach Listener" daemon [_thread_blocked, id=15016, stack(0x000000001ddd0000,0x000000001ded0000)]
  0x00000000032ee000 JavaThread "Signal Dispatcher" daemon [_thread_blocked, id=15952, stack(0x000000001dcd0000,0x000000001ddd0000)]
  0x00000000032e7000 JavaThread "Finalizer" daemon [_thread_blocked, id=12744, stack(0x000000001dad0000,0x000000001dbd0000)]
  0x000000001c85a000 JavaThread "Reference Handler" daemon [_thread_blocked, id=6416, stack(0x000000001d9d0000,0x000000001dad0000)]
  0x00000000031f2800 JavaThread "main" [_thread_in_vm, id=2176, stack(0x0000000003020000,0x0000000003120000)]

Other Threads:
  0x000000001c838000 VMThread [stack: 0x000000001d8d0000,0x000000001d9d0000] [id=2132]
  0x000000001dfd9000 WatcherThread [stack: 0x000000001e820000,0x000000001e920000] [id=16188]

VM state:not at safepoint (normal execution)

VM Mutex/Monitor currently owned by a thread: None

heap address: 0x00000006c2200000, size: 4062 MB, Compressed Oops mode: Zero based, Oop shift amount: 3
Narrow klass base: 0x0000000000000000, Narrow klass shift: 3
Compressed class space size: 1073741824 Address: 0x00000007c0000000

Heap:
 PSYoungGen      total 75776K, used 16151K [0x000000076b600000, 0x0000000774a00000, 0x00000007c0000000)
  eden space 65024K, 8% used [0x000000076b600000,0x000000076bb48c70,0x000000076f580000)
  from space 10752K, 99% used [0x000000076f580000,0x000000076fffcfe8,0x0000000770000000)
  to   space 10752K, 0% used [0x0000000773f80000,0x0000000773f80000,0x0000000774a00000)
 ParOldGen       total 173568K, used 1693K [0x00000006c2200000, 0x00000006ccb80000, 0x000000076b600000)
  object space 173568K, 0% used [0x00000006c2200000,0x00000006c23a7768,0x00000006ccb80000)
 Metaspace       used 19222K, capacity 19746K, committed 19968K, reserved 1067008K
  class space    used 2289K, capacity 2437K, committed 2560K, reserved 1048576K

Card table byte_map: [0x00000000126b0000,0x0000000012ea0000] byte_map_base: 0x000000000f09f000

Marking Bits: (ParMarkBitMap*) 0x0000000077f73ce0
 Begin Bits: [0x00000000137f0000, 0x0000000017768000)
 End Bits:   [0x0000000017768000, 0x000000001b6e0000)

Polling page: 0x0000000002f40000

CodeCache: size=245760Kb used=11926Kb max_used=11935Kb free=233833Kb
 bounds [0x00000000032f0000, 0x0000000003eb0000, 0x00000000122f0000]
 total_blobs=3668 nmethods=3288 adapters=292
 compilation: enabled

Compilation events (10 events):
Event: 38.419 Thread 0x000000001c872000 3302   !   4       java.util.zip.Deflater::deflate (140 bytes)
Event: 38.422 Thread 0x000000001c872000 nmethod 3302 0x0000000003ea0750 code [0x0000000003ea08a0, 0x0000000003ea0e08]
Event: 40.115 Thread 0x000000001dfd4000 3303   !   3       java.util.zip.Deflater::finished (19 bytes)
Event: 40.115 Thread 0x000000001dfd4000 nmethod 3303 0x0000000003ea0250 code [0x0000000003ea03a0, 0x0000000003ea0690]
Event: 40.118 Thread 0x000000001dfd4000 3304       1       org.codehaus.plexus.components.io.resources.PlexusIoFileResource::getFile (5 bytes)
Event: 40.118 Thread 0x000000001dfd4000 nmethod 3304 0x0000000003e9ff90 code [0x0000000003ea00e0, 0x0000000003ea01f0]
Event: 40.119 Thread 0x000000001dfd4000 3305       3       java.util.TimeZone::getDefaultRef (32 bytes)
Event: 40.120 Thread 0x000000001dfd4000 nmethod 3305 0x0000000003e9fbd0 code [0x0000000003e9fd40, 0x0000000003e9ff08]
Event: 40.142 Thread 0x000000001dfd1000 3306       4       sun.reflect.ClassFileAssembler::emitConstantPoolUTF8 (50 bytes)
Event: 40.143 Thread 0x000000001c872000 3307   !   4       sun.reflect.UTF8::encode (191 bytes)

GC Heap History (6 events):
Event: 4.723 GC heap before
{Heap before GC invocations=1 (full 0):
 PSYoungGen      total 75776K, used 65024K [0x000000076b600000, 0x0000000770a80000, 0x00000007c0000000)
  eden space 65024K, 100% used [0x000000076b600000,0x000000076f580000,0x000000076f580000)
  from space 10752K, 0% used [0x0000000770000000,0x0000000770000000,0x0000000770a80000)
  to   space 10752K, 0% used [0x000000076f580000,0x000000076f580000,0x0000000770000000)
 ParOldGen       total 173568K, used 0K [0x00000006c2200000, 0x00000006ccb80000, 0x000000076b600000)
  object space 173568K, 0% used [0x00000006c2200000,0x00000006c2200000,0x00000006ccb80000)
 Metaspace       used 11320K, capacity 11484K, committed 11776K, reserved 1058816K
  class space    used 1403K, capacity 1479K, committed 1536K, reserved 1048576K
Event: 4.757 GC heap after
Heap after GC invocations=1 (full 0):
 PSYoungGen      total 75776K, used 10242K [0x000000076b600000, 0x0000000770a80000, 0x00000007c0000000)
  eden space 65024K, 0% used [0x000000076b600000,0x000000076b600000,0x000000076f580000)
  from space 10752K, 95% used [0x000000076f580000,0x000000076ff80b08,0x0000000770000000)
  to   space 10752K, 0% used [0x0000000770000000,0x0000000770000000,0x0000000770a80000)
 ParOldGen       total 173568K, used 16K [0x00000006c2200000, 0x00000006ccb80000, 0x000000076b600000)
  object space 173568K, 0% used [0x00000006c2200000,0x00000006c2204000,0x00000006ccb80000)
 Metaspace       used 11320K, capacity 11484K, committed 11776K, reserved 1058816K
  class space    used 1403K, capacity 1479K, committed 1536K, reserved 1048576K
}
Event: 9.968 GC heap before
{Heap before GC invocations=2 (full 0):
 PSYoungGen      total 75776K, used 75266K [0x000000076b600000, 0x0000000770a80000, 0x00000007c0000000)
  eden space 65024K, 100% used [0x000000076b600000,0x000000076f580000,0x000000076f580000)
  from space 10752K, 95% used [0x000000076f580000,0x000000076ff80b08,0x0000000770000000)
  to   space 10752K, 0% used [0x0000000770000000,0x0000000770000000,0x0000000770a80000)
 ParOldGen       total 173568K, used 16K [0x00000006c2200000, 0x00000006ccb80000, 0x000000076b600000)
  object space 173568K, 0% used [0x00000006c2200000,0x00000006c2204000,0x00000006ccb80000)
 Metaspace       used 15339K, capacity 15600K, committed 15744K, reserved 1062912K
  class space    used 1847K, capacity 1917K, committed 1920K, reserved 1048576K
Event: 10.156 GC heap after
Heap after GC invocations=2 (full 0):
 PSYoungGen      total 75776K, used 9921K [0x000000076b600000, 0x0000000774a00000, 0x00000007c0000000)
  eden space 65024K, 0% used [0x000000076b600000,0x000000076b600000,0x000000076f580000)
  from space 10752K, 92% used [0x0000000770000000,0x00000007709b0578,0x0000000770a80000)
  to   space 10752K, 0% used [0x000000076f580000,0x000000076f580000,0x0000000770000000)
 ParOldGen       total 173568K, used 24K [0x00000006c2200000, 0x00000006ccb80000, 0x000000076b600000)
  object space 173568K, 0% used [0x00000006c2200000,0x00000006c2206000,0x00000006ccb80000)
 Metaspace       used 15339K, capacity 15600K, committed 15744K, reserved 1062912K
  class space    used 1847K, capacity 1917K, committed 1920K, reserved 1048576K
}
Event: 18.537 GC heap before
{Heap before GC invocations=3 (full 0):
 PSYoungGen      total 75776K, used 74945K [0x000000076b600000, 0x0000000774a00000, 0x00000007c0000000)
  eden space 65024K, 100% used [0x000000076b600000,0x000000076f580000,0x000000076f580000)
  from space 10752K, 92% used [0x0000000770000000,0x00000007709b0578,0x0000000770a80000)
  to   space 10752K, 0% used [0x000000076f580000,0x000000076f580000,0x0000000770000000)
 ParOldGen       total 173568K, used 24K [0x00000006c2200000, 0x00000006ccb80000, 0x000000076b600000)
  object space 173568K, 0% used [0x00000006c2200000,0x00000006c2206000,0x00000006ccb80000)
 Metaspace       used 18809K, capacity 19312K, committed 19584K, reserved 1067008K
  class space    used 2253K, capacity 2402K, committed 2432K, reserved 1048576K
Event: 18.547 GC heap after
Heap after GC invocations=3 (full 0):
 PSYoungGen      total 75776K, used 10739K [0x000000076b600000, 0x0000000774a00000, 0x00000007c0000000)
  eden space 65024K, 0% used [0x000000076b600000,0x000000076b600000,0x000000076f580000)
  from space 10752K, 99% used [0x000000076f580000,0x000000076fffcfe8,0x0000000770000000)
  to   space 10752K, 0% used [0x0000000773f80000,0x0000000773f80000,0x0000000774a00000)
 ParOldGen       total 173568K, used 1693K [0x00000006c2200000, 0x00000006ccb80000, 0x000000076b600000)
  object space 173568K, 0% used [0x00000006c2200000,0x00000006c23a7768,0x00000006ccb80000)
 Metaspace       used 18809K, capacity 19312K, committed 19584K, reserved 1067008K
  class space    used 2253K, capacity 2402K, committed 2432K, reserved 1048576K
}

Deoptimization events (10 events):
Event: 11.796 Thread 0x00000000031f2800 Uncommon trap: reason=array_check action=maybe_recompile pc=0x0000000003c90fdc method=java.util.TimSort.binarySort([Ljava/lang/Object;IIILjava/util/Comparator;)V @ 183
Event: 11.906 Thread 0x00000000031f2800 Uncommon trap: reason=unstable_if action=reinterpret pc=0x00000000036476e8 method=java.util.concurrent.ConcurrentHashMap.putVal(Ljava/lang/Object;Ljava/lang/Object;Z)Ljava/lang/Object; @ 206
Event: 18.010 Thread 0x00000000031f2800 Uncommon trap: reason=unstable_if action=reinterpret pc=0x0000000003cac2e8 method=org.codehaus.plexus.classworlds.realm.Entry.matches(Ljava/lang/String;)Z @ 20
Event: 18.101 Thread 0x00000000031f2800 Uncommon trap: reason=unstable_if action=reinterpret pc=0x0000000003923618 method=java.util.HashMap.hash(Ljava/lang/Object;)I @ 1
Event: 30.504 Thread 0x00000000031f2800 Uncommon trap: reason=unstable_if action=reinterpret pc=0x0000000003bf9c9c method=sun.nio.cs.StreamDecoder.read0()I @ 11
Event: 30.516 Thread 0x00000000031f2800 Uncommon trap: reason=class_check action=maybe_recompile pc=0x00000000039f3b70 method=java.util.Hashtable.put(Ljava/lang/Object;Ljava/lang/Object;)Ljava/lang/Object; @ 18
Event: 30.518 Thread 0x00000000031f2800 Uncommon trap: reason=class_check action=maybe_recompile pc=0x00000000039f3b70 method=java.util.Hashtable.put(Ljava/lang/Object;Ljava/lang/Object;)Ljava/lang/Object; @ 18
Event: 30.519 Thread 0x00000000031f2800 Uncommon trap: reason=class_check action=maybe_recompile pc=0x00000000039f3b70 method=java.util.Hashtable.put(Ljava/lang/Object;Ljava/lang/Object;)Ljava/lang/Object; @ 18
Event: 30.520 Thread 0x00000000031f2800 Uncommon trap: reason=class_check action=maybe_recompile pc=0x00000000039f3b70 method=java.util.Hashtable.put(Ljava/lang/Object;Ljava/lang/Object;)Ljava/lang/Object; @ 18
Event: 32.745 Thread 0x00000000031f2800 Uncommon trap: reason=class_check action=maybe_recompile pc=0x0000000003a01378 method=java.util.Hashtable.addEntry(ILjava/lang/Object;Ljava/lang/Object;I)V @ 38

Classes redefined (0 events):
No events

Internal exceptions (10 events):
Event: 6.866 Thread 0x00000000031f2800 Exception <a 'java/lang/NullPointerException'> (0x000000076c90db68) thrown at [C:\workspace\8-2-build-windows-amd64-cygwin\jdk8u192\11897\hotspot\src\share\vm\interpreter\linkResolver.cpp, line 1185]
Event: 6.866 Thread 0x00000000031f2800 Exception <a 'java/lang/NullPointerException'> (0x000000076c90dd70) thrown at [C:\workspace\8-2-build-windows-amd64-cygwin\jdk8u192\11897\hotspot\src\share\vm\interpreter\linkResolver.cpp, line 1185]
Event: 6.866 Thread 0x00000000031f2800 Exception <a 'java/lang/NullPointerException'> (0x000000076c90df78) thrown at [C:\workspace\8-2-build-windows-amd64-cygwin\jdk8u192\11897\hotspot\src\share\vm\interpreter\linkResolver.cpp, line 1185]
Event: 6.867 Thread 0x00000000031f2800 Exception <a 'java/lang/NullPointerException'> (0x000000076c915870) thrown at [C:\workspace\8-2-build-windows-amd64-cygwin\jdk8u192\11897\hotspot\src\share\vm\interpreter\linkResolver.cpp, line 1185]
Event: 6.867 Thread 0x00000000031f2800 Exception <a 'java/lang/NullPointerException'> (0x000000076c915a78) thrown at [C:\workspace\8-2-build-windows-amd64-cygwin\jdk8u192\11897\hotspot\src\share\vm\interpreter\linkResolver.cpp, line 1185]
Event: 6.867 Thread 0x00000000031f2800 Exception <a 'java/lang/NullPointerException'> (0x000000076c915c80) thrown at [C:\workspace\8-2-build-windows-amd64-cygwin\jdk8u192\11897\hotspot\src\share\vm\interpreter\linkResolver.cpp, line 1185]
Event: 7.817 Thread 0x00000000031f2800 Implicit null exception at 0x0000000003927171 to 0x0000000003928471
Event: 10.172 Thread 0x00000000031f2800 Implicit null exception at 0x00000000036b2615 to 0x00000000036b2819
Event: 10.173 Thread 0x00000000031f2800 Implicit null exception at 0x00000000035d12ef to 0x00000000035d1359
Event: 18.101 Thread 0x00000000031f2800 Implicit null exception at 0x000000000392315b to 0x00000000039235fd

Events (10 events):
Event: 30.520 Thread 0x00000000031f2800 Uncommon trap: trap_request=0xffffffde fr.pc=0x00000000039f3b70
Event: 30.520 Thread 0x00000000031f2800 DEOPT PACKING pc=0x00000000039f3b70 sp=0x000000000311d9b0
Event: 30.520 Thread 0x00000000031f2800 DEOPT UNPACKING pc=0x000000000333583b sp=0x000000000311d9b0 mode 2
Event: 30.521 loading class org/codehaus/plexus/archiver/util/ResourceUtils
Event: 30.521 loading class org/codehaus/plexus/archiver/util/ResourceUtils done
Event: 30.521 loading class org/codehaus/plexus/archiver/util/ResourceUtils
Event: 30.521 loading class org/codehaus/plexus/archiver/util/ResourceUtils done
Event: 32.745 Thread 0x00000000031f2800 Uncommon trap: trap_request=0xffffffde fr.pc=0x0000000003a01378
Event: 32.745 Thread 0x00000000031f2800 DEOPT PACKING pc=0x0000000003a01378 sp=0x000000000311d7a0
Event: 32.745 Thread 0x00000000031f2800 DEOPT UNPACKING pc=0x000000000333583b sp=0x000000000311d758 mode 2


Dynamic libraries:
0x00007ff7f6810000 - 0x00007ff7f6847000 	C:\Program Files\Java\jdk1.8.0_192\bin\java.exe
0x00007ffa976e0000 - 0x00007ffa978e9000 	C:\Windows\SYSTEM32\ntdll.dll
0x00007ffa96280000 - 0x00007ffa9633e000 	C:\Windows\System32\KERNEL32.DLL
0x00007ffa94dc0000 - 0x00007ffa9513b000 	C:\Windows\System32\KERNELBASE.dll
0x00007ffa95a50000 - 0x00007ffa95afe000 	C:\Windows\System32\ADVAPI32.dll
0x00007ffa963e0000 - 0x00007ffa96483000 	C:\Windows\System32\msvcrt.dll
0x00007ffa96340000 - 0x00007ffa963de000 	C:\Windows\System32\sechost.dll
0x00007ffa955f0000 - 0x00007ffa95710000 	C:\Windows\System32\RPCRT4.dll
0x00007ffa957a0000 - 0x00007ffa9594d000 	C:\Windows\System32\USER32.dll
0x00007ffa952e0000 - 0x00007ffa95306000 	C:\Windows\System32\win32u.dll
0x00007ffa95560000 - 0x00007ffa95589000 	C:\Windows\System32\GDI32.dll
0x00007ffa951c0000 - 0x00007ffa952d8000 	C:\Windows\System32\gdi32full.dll
0x00007ffa94d20000 - 0x00007ffa94dbd000 	C:\Windows\System32\msvcp_win.dll
0x00007ffa95440000 - 0x00007ffa95551000 	C:\Windows\System32\ucrtbase.dll
0x00007ffa77450000 - 0x00007ffa776f5000 	C:\Windows\WinSxS\amd64_microsoft.windows.common-controls_6595b64144ccf1df_6.0.22000.120_none_9d947278b86cc467\COMCTL32.dll
0x00007ffa95cd0000 - 0x00007ffa95d02000 	C:\Windows\System32\IMM32.DLL
0x0000000051540000 - 0x0000000051611000 	C:\Program Files\Java\jdk1.8.0_192\jre\bin\msvcr100.dll
0x0000000077750000 - 0x0000000077ff3000 	C:\Program Files\Java\jdk1.8.0_192\jre\bin\server\jvm.dll
0x00007ffa95950000 - 0x00007ffa95958000 	C:\Windows\System32\PSAPI.DLL
0x00007ffa90770000 - 0x00007ffa90779000 	C:\Windows\SYSTEM32\WSOCK32.dll
0x00007ffa97630000 - 0x00007ffa9769f000 	C:\Windows\System32\WS2_32.dll
0x00007ffa8ea70000 - 0x00007ffa8ea7a000 	C:\Windows\SYSTEM32\VERSION.dll
0x00007ffa8eeb0000 - 0x00007ffa8eee3000 	C:\Windows\SYSTEM32\WINMM.dll
0x00007ffa90370000 - 0x00007ffa9037f000 	C:\Program Files\Java\jdk1.8.0_192\jre\bin\verify.dll
0x00007ffa7d390000 - 0x00007ffa7d3b9000 	C:\Program Files\Java\jdk1.8.0_192\jre\bin\java.dll
0x00007ffa7d370000 - 0x00007ffa7d386000 	C:\Program Files\Java\jdk1.8.0_192\jre\bin\zip.dll
0x00007ffa96630000 - 0x00007ffa96de7000 	C:\Windows\System32\SHELL32.dll
0x00007ffa92cb0000 - 0x00007ffa93515000 	C:\Windows\SYSTEM32\windows.storage.dll
0x00007ffa972b0000 - 0x00007ffa97628000 	C:\Windows\System32\combase.dll
0x00007ffa92b40000 - 0x00007ffa92ca6000 	C:\Windows\SYSTEM32\wintypes.dll
0x00007ffa95960000 - 0x00007ffa95a4a000 	C:\Windows\System32\SHCORE.dll
0x00007ffa97040000 - 0x00007ffa9709d000 	C:\Windows\System32\shlwapi.dll
0x00007ffa94ae0000 - 0x00007ffa94b01000 	C:\Windows\SYSTEM32\profapi.dll
0x0000000069ac0000 - 0x0000000069ae4000 	C:\Program Files\NetBeans-13\netbeans\java\maven\lib\jansi-native\Windows\x86_64\jansi.dll

VM Arguments:
jvm_args: -Dclassworlds.conf=C:\Program Files\NetBeans-13\netbeans\java\maven\bin\m2.conf -Dmaven.home=C:\Program Files\NetBeans-13\netbeans\java\maven -Dlibrary.jansi.path=C:\Program Files\NetBeans-13\netbeans\java\maven\lib\jansi-native -Dmaven.multiModuleProjectDirectory=C:\Users\rrbou\OneDrive\Desktop\maven-jsf-primefaces-heroku-master\maven-jsf-primefaces-heroku-master 
java_command: org.codehaus.plexus.classworlds.launcher.Launcher -Dmaven.ext.class.path=C:\Program Files\NetBeans-13\netbeans\java\maven-nblib\netbeans-eventspy.jar install
java_class_path (initial): C:\Program Files\NetBeans-13\netbeans\java\maven\boot\plexus-classworlds-2.6.0.jar
Launcher Type: SUN_STANDARD

Environment Variables:
JAVA_HOME=C:\Program Files\Java\jdk1.8.0_192
PATH=C:\Program Files (x86)\Common Files\Oracle\Java\javapath;C:\Python310\Scripts\;C:\Python310\;C:\Program Files (x86)\Common Files\Intel\Shared Libraries\redist\intel64\compiler;C:\Program Files\Common Files\Oracle\Java\javapath;C:\Windows\system32;C:\Windows;C:\Windows\System32\Wbem;C:\Windows\System32\WindowsPowerShell\v1.0\;C:\Windows\System32\OpenSSH\;C:\Program Files\Git\cmd;C:\Program Files\gs\gs9.56.1\bin;C:\Program Files\nodejs\;C:\ProgramData\chocolatey\bin;C:\Program Files\Java\jdk-18.0.1.1\bin;C:\Program Files\Java\jdk-18.0.1.1\bin;;C:\Program Files (x86)\NVIDIA Corporation\PhysX\Common;C:\Program Files\NVIDIA Corporation\NVIDIA NvDLISR;C:\Users\rrbou\AppData\Local\Microsoft\WindowsApps;C:\Users\rrbou\AppData\Local\Programs\Microsoft VS Code\bin;C:\src\flutter\bin;E:\src\dart-sdk\bin;C:\Users\rrbou\AppData\Roaming\npm;C:\Program Files\Java\jdk-18.0.1.1\bin;C:\tools\dart-sdk\bin;C:\Users\rrbou\AppData\Roaming\Pub\Cache\bin;C:\Program Files\OpenSSL-Win64\bin;C:\Users\rrbou\OneDrive\Desktop\New folder (3)\apache-jena-4.6.1\apache-jena-4.6.1\lib
USERNAME=rrbou
OS=Windows_NT
PROCESSOR_IDENTIFIER=Intel64 Family 6 Model 158 Stepping 9, GenuineIntel



---------------  S Y S T E M  ---------------

OS: Windows 10.0 , 64 bit Build 22000 (10.0.22000.1219)

CPU:total 4 (initial active 4) (4 cores per cpu, 1 threads per core) family 6 model 158 stepping 9, cmov, cx8, fxsr, mmx, sse, sse2, sse3, ssse3, sse4.1, sse4.2, popcnt, avx, avx2, aes, clmul, erms, 3dnowpref, lzcnt, tsc, tscinvbit, bmi1, bmi2, adx

Memory: 4k page, physical 16637740k(4469952k free), swap 36137892k(49988k free)

vm_info: Java HotSpot(TM) 64-Bit Server VM (25.192-b12) for windows-amd64 JRE (1.8.0_192-b12), built on Oct  6 2018 17:12:23 by "java_re" with MS VC++ 10.0 (VS2010)

time: Tue Dec 13 17:55:00 2022
timezone: Morocco Daylight Time
elapsed time: 40 seconds (0d 0h 0m 40s)

