#
# There is insufficient memory for the Java Runtime Environment to continue.
# Native memory allocation (malloc) failed to allocate 65552 bytes for Chunk::new
# Possible reasons:
#   The system is out of physical RAM or swap space
#   The process is running with CompressedOops enabled, and the Java Heap may be blocking the growth of the native heap
# Possible solutions:
#   Reduce memory load on the system
#   Increase physical memory or swap space
#   Check if swap backing store is full
#   Decrease Java heap size (-Xmx/-Xms)
#   Decrease number of Java threads
#   Decrease Java thread stack sizes (-Xss)
#   Set larger code cache with -XX:ReservedCodeCacheSize=
#   JVM is running with Zero Based Compressed Oops mode in which the Java heap is
#     placed in the first 32GB address space. The Java Heap base address is the
#     maximum limit for the native heap growth. Please use -XX:HeapBaseMinAddress
#     to set the Java Heap base and to place the Java Heap above 32GB virtual address.
# This output file may be truncated or incomplete.
#
#  Out of Memory Error (allocation.cpp:390), pid=16764, tid=0x0000000000004920
#
# JRE version: Java(TM) SE Runtime Environment (8.0_192-b12) (build 1.8.0_192-b12)
# Java VM: Java HotSpot(TM) 64-Bit Server VM (25.192-b12 mixed mode windows-amd64 compressed oops)
# Failed to write core dump. Minidumps are not enabled by default on client versions of Windows
#

---------------  T H R E A D  ---------------

Current thread (0x000000001c77c000):  JavaThread "C2 CompilerThread1" daemon [_thread_in_native, id=18720, stack(0x000000001de70000,0x000000001df70000)]

Stack: [0x000000001de70000,0x000000001df70000]
[error occurred during error reporting (printing stack bounds), id 0xc0000005]

Native frames: (J=compiled Java code, j=interpreted, Vv=VM code, C=native code)


Current CompileTask:
C2:  23021 1531       4       java.net.URLClassLoader$1::run (5 bytes)


---------------  P R O C E S S  ---------------

Java Threads: ( => current thread )
  0x000000001df7a000 JavaThread "Service Thread" daemon [_thread_blocked, id=18956, stack(0x000000001e470000,0x000000001e570000)]
  0x000000001df74800 JavaThread "C1 CompilerThread2" daemon [_thread_blocked, id=18832, stack(0x000000001e370000,0x000000001e470000)]
=>0x000000001c77c000 JavaThread "C2 CompilerThread1" daemon [_thread_in_native, id=18720, stack(0x000000001de70000,0x000000001df70000)]
  0x000000001c723800 JavaThread "C2 CompilerThread0" daemon [_thread_in_native, id=18636, stack(0x000000001dd70000,0x000000001de70000)]
  0x000000001c721000 JavaThread "Attach Listener" daemon [_thread_blocked, id=18632, stack(0x000000001dc70000,0x000000001dd70000)]
  0x000000001c720000 JavaThread "Signal Dispatcher" daemon [_thread_blocked, id=18628, stack(0x000000001db70000,0x000000001dc70000)]
  0x000000000319c800 JavaThread "Finalizer" daemon [_thread_blocked, id=18584, stack(0x000000001d970000,0x000000001da70000)]
  0x000000001c70a000 JavaThread "Reference Handler" daemon [_thread_blocked, id=18576, stack(0x000000001d870000,0x000000001d970000)]
  0x00000000030a2800 JavaThread "main" [_thread_in_native, id=17128, stack(0x0000000002ea0000,0x0000000002fa0000)]

Other Threads:
  0x000000001c6e8000 VMThread [stack: 0x000000001d770000,0x000000001d870000] [id=17684]
  0x000000001df7b800 WatcherThread [stack: 0x000000001e6c0000,0x000000001e7c0000] [id=19080]

VM state:not at safepoint (normal execution)

VM Mutex/Monitor currently owned by a thread: None

heap address: 0x00000006c2200000, size: 4062 MB, Compressed Oops mode: Zero based, Oop shift amount: 3
Narrow klass base: 0x0000000000000000, Narrow klass shift: 3
Compressed class space size: 1073741824 Address: 0x00000007c0000000

Heap:
 PSYoungGen      total 75776K, used 29018K [0x000000076b600000, 0x0000000774a00000, 0x00000007c0000000)
  eden space 65024K, 28% used [0x000000076b600000,0x000000076c8635e8,0x000000076f580000)
  from space 10752K, 94% used [0x000000076f580000,0x000000076ff73580,0x0000000770000000)
  to   space 10752K, 0% used [0x0000000773f80000,0x0000000773f80000,0x0000000774a00000)
 ParOldGen       total 173568K, used 0K [0x00000006c2200000, 0x00000006ccb80000, 0x000000076b600000)
  object space 173568K, 0% used [0x00000006c2200000,0x00000006c2200000,0x00000006ccb80000)
 Metaspace       used 13369K, capacity 13566K, committed 13824K, reserved 1060864K
  class space    used 1666K, capacity 1778K, committed 1792K, reserved 1048576K

Card table byte_map: [0x0000000012560000,0x0000000012d50000] byte_map_base: 0x000000000ef4f000

Marking Bits: (ParMarkBitMap*) 0x0000000077f73ce0
 Begin Bits: [0x00000000136a0000, 0x0000000017618000)
 End Bits:   [0x0000000017618000, 0x000000001b590000)

Polling page: 0x00000000012f0000

CodeCache: size=245760Kb used=5383Kb max_used=5389Kb free=240376Kb
 bounds [0x00000000031a0000, 0x00000000036f0000, 0x00000000121a0000]
 total_blobs=1860 nmethods=1534 adapters=238
 compilation: enabled

Compilation events (10 events):
Event: 23.004 Thread 0x000000001c77c000 1531       4       java.net.URLClassLoader$1::run (5 bytes)
Event: 23.007 Thread 0x000000001df74800 1533       3       java.lang.Character::isSurrogate (18 bytes)
Event: 23.007 Thread 0x000000001df74800 nmethod 1533 0x00000000036e4190 code [0x00000000036e42e0, 0x00000000036e44b0]
Event: 23.007 Thread 0x000000001df74800 1535       3       java.util.regex.Pattern$Slice::match (79 bytes)
Event: 23.007 Thread 0x000000001df74800 nmethod 1535 0x00000000036e3950 code [0x00000000036e3ae0, 0x00000000036e3f98]
Event: 23.007 Thread 0x000000001df74800 1532       3       java.util.regex.Pattern::isSupplementary (20 bytes)
Event: 23.007 Thread 0x000000001df74800 nmethod 1532 0x00000000036e3450 code [0x00000000036e35c0, 0x00000000036e3890]
Event: 23.007 Thread 0x000000001df74800 1534       3       java.util.regex.Pattern::peek (26 bytes)
Event: 23.008 Thread 0x000000001df74800 nmethod 1534 0x00000000036e6910 code [0x00000000036e6a80, 0x00000000036e6d48]
Event: 23.008 Thread 0x000000001c723800 1536   !   4       java.net.URL::<init> (543 bytes)

GC Heap History (2 events):
Event: 17.649 GC heap before
{Heap before GC invocations=1 (full 0):
 PSYoungGen      total 75776K, used 65024K [0x000000076b600000, 0x0000000770a80000, 0x00000007c0000000)
  eden space 65024K, 100% used [0x000000076b600000,0x000000076f580000,0x000000076f580000)
  from space 10752K, 0% used [0x0000000770000000,0x0000000770000000,0x0000000770a80000)
  to   space 10752K, 0% used [0x000000076f580000,0x000000076f580000,0x0000000770000000)
 ParOldGen       total 173568K, used 0K [0x00000006c2200000, 0x00000006ccb80000, 0x000000076b600000)
  object space 173568K, 0% used [0x00000006c2200000,0x00000006c2200000,0x00000006ccb80000)
 Metaspace       used 11306K, capacity 11484K, committed 11776K, reserved 1058816K
  class space    used 1399K, capacity 1479K, committed 1536K, reserved 1048576K
Event: 17.939 GC heap after
Heap after GC invocations=1 (full 0):
 PSYoungGen      total 75776K, used 10189K [0x000000076b600000, 0x0000000774a00000, 0x00000007c0000000)
  eden space 65024K, 0% used [0x000000076b600000,0x000000076b600000,0x000000076f580000)
  from space 10752K, 94% used [0x000000076f580000,0x000000076ff73580,0x0000000770000000)
  to   space 10752K, 0% used [0x0000000773f80000,0x0000000773f80000,0x0000000774a00000)
 ParOldGen       total 173568K, used 0K [0x00000006c2200000, 0x00000006ccb80000, 0x000000076b600000)
  object space 173568K, 0% used [0x00000006c2200000,0x00000006c2200000,0x00000006ccb80000)
 Metaspace       used 11306K, capacity 11484K, committed 11776K, reserved 1058816K
  class space    used 1399K, capacity 1479K, committed 1536K, reserved 1048576K
}

Deoptimization events (10 events):
Event: 7.323 Thread 0x00000000030a2800 Uncommon trap: reason=unstable_if action=reinterpret pc=0x0000000003456914 method=org.codehaus.plexus.util.xml.pull.MXParser.nextImpl()I @ 200
Event: 7.380 Thread 0x00000000030a2800 Uncommon trap: reason=unstable_if action=reinterpret pc=0x000000000346b1e0 method=org.codehaus.plexus.util.xml.pull.MXParser.nextImpl()I @ 241
Event: 8.097 Thread 0x00000000030a2800 Uncommon trap: reason=unstable_if action=reinterpret pc=0x000000000341365c method=java.util.HashMap.getNode(ILjava/lang/Object;)Ljava/util/HashMap$Node; @ 129
Event: 8.098 Thread 0x00000000030a2800 Uncommon trap: reason=unstable_if action=reinterpret pc=0x0000000003407800 method=java.util.HashMap.getNode(ILjava/lang/Object;)Ljava/util/HashMap$Node; @ 129
Event: 8.132 Thread 0x00000000030a2800 Uncommon trap: reason=range_check action=make_not_entrant pc=0x00000000034baee8 method=sun.reflect.generics.parser.SignatureParser.current()C @ 34
Event: 9.726 Thread 0x00000000030a2800 Uncommon trap: reason=unstable_if action=reinterpret pc=0x0000000003429304 method=sun.nio.cs.UTF_8$Decoder.decode([BII[C)I @ 30
Event: 11.978 Thread 0x00000000030a2800 Uncommon trap: reason=unstable_if action=reinterpret pc=0x000000000338f88c method=sun.misc.MetaIndex.mayContain(Ljava/lang/String;)Z @ 38
Event: 21.149 Thread 0x00000000030a2800 Uncommon trap: reason=predicate action=maybe_recompile pc=0x00000000033eee88 method=sun.net.www.ParseUtil.encodePath(Ljava/lang/String;Z)Ljava/lang/String; @ 36
Event: 22.986 Thread 0x00000000030a2800 Uncommon trap: reason=unstable_if action=reinterpret pc=0x00000000036b0098 method=org.eclipse.sisu.inject.InjectorBindings.isAssignableFrom(Lcom/google/inject/TypeLiteral;Lcom/google/inject/Binding;)Z @ 14
Event: 22.998 Thread 0x00000000030a2800 Uncommon trap: reason=unstable_if action=reinterpret pc=0x0000000003444d8c method=sun.nio.cs.StreamDecoder.implRead([CII)I @ 36

Classes redefined (0 events):
No events

Internal exceptions (10 events):
Event: 3.919 Thread 0x00000000030a2800 Exception <a 'java/lang/NullPointerException'> (0x000000076bac0c48) thrown at [C:\workspace\8-2-build-windows-amd64-cygwin\jdk8u192\11897\hotspot\src\share\vm\interpreter\linkResolver.cpp, line 1185]
Event: 6.597 Thread 0x00000000030a2800 Exception <a 'java/lang/ArrayIndexOutOfBoundsException'> (0x000000076c95d630) thrown at [C:\workspace\8-2-build-windows-amd64-cygwin\jdk8u192\11897\hotspot\src\share\vm\runtime\sharedRuntime.cpp, line 605]
Event: 6.601 Thread 0x00000000030a2800 Exception <a 'java/lang/ArrayIndexOutOfBoundsException'> (0x000000076c977f48) thrown at [C:\workspace\8-2-build-windows-amd64-cygwin\jdk8u192\11897\hotspot\src\share\vm\runtime\sharedRuntime.cpp, line 605]
Event: 6.883 Thread 0x00000000030a2800 Exception <a 'java/lang/ArrayIndexOutOfBoundsException'> (0x000000076c9b8750) thrown at [C:\workspace\8-2-build-windows-amd64-cygwin\jdk8u192\11897\hotspot\src\share\vm\runtime\sharedRuntime.cpp, line 605]
Event: 6.904 Thread 0x00000000030a2800 Exception <a 'java/lang/NoClassDefFoundError': javax/enterprise/inject/Typed> (0x000000076c9e2c68) thrown at [C:\workspace\8-2-build-windows-amd64-cygwin\jdk8u192\11897\hotspot\src\share\vm\classfile\systemDictionary.cpp, line 199]
Event: 7.383 Thread 0x00000000030a2800 Exception <a 'java/lang/ArrayIndexOutOfBoundsException'> (0x000000076d329608) thrown at [C:\workspace\8-2-build-windows-amd64-cygwin\jdk8u192\11897\hotspot\src\share\vm\runtime\sharedRuntime.cpp, line 605]
Event: 7.384 Thread 0x00000000030a2800 Exception <a 'java/lang/ArrayIndexOutOfBoundsException'> (0x000000076d32b198) thrown at [C:\workspace\8-2-build-windows-amd64-cygwin\jdk8u192\11897\hotspot\src\share\vm\runtime\sharedRuntime.cpp, line 605]
Event: 8.132 Thread 0x00000000030a2800 Exception <a 'java/lang/ArrayIndexOutOfBoundsException': 66> (0x000000076d641dc0) thrown at [C:\workspace\8-2-build-windows-amd64-cygwin\jdk8u192\11897\hotspot\src\share\vm\interpreter\interpreterRuntime.cpp, line 368]
Event: 21.149 Thread 0x00000000030a2800 Exception <a 'java/lang/NoClassDefFoundError': com/google/inject/servlet/ServletModuleTargetVisitor> (0x000000076c211ef8) thrown at [C:\workspace\8-2-build-windows-amd64-cygwin\jdk8u192\11897\hotspot\src\share\vm\classfile\systemDictionary.cpp, line 199]
Event: 21.149 Thread 0x00000000030a2800 Exception <a 'java/lang/NoClassDefFoundError'> (0x000000076c211ef8) thrown at [C:\workspace\8-2-build-windows-amd64-cygwin\jdk8u192\11897\hotspot\src\share\vm\prims\jvm.cpp, line 1439]

Events (10 events):
Event: 23.007 loading class org/codehaus/plexus/interpolation/SimpleRecursionInterceptor
Event: 23.007 loading class org/codehaus/plexus/interpolation/SimpleRecursionInterceptor done
Event: 23.007 loading class org/apache/maven/settings/building/DefaultSettingsBuildingResult
Event: 23.007 loading class org/apache/maven/settings/building/DefaultSettingsBuildingResult done
Event: 23.007 loading class org/apache/maven/toolchain/building/DefaultToolchainsBuildingRequest
Event: 23.007 loading class org/apache/maven/toolchain/building/DefaultToolchainsBuildingRequest done
Event: 23.008 loading class org/apache/maven/building/ProblemCollectorFactory
Event: 23.008 loading class org/apache/maven/building/ProblemCollectorFactory done
Event: 23.008 loading class org/apache/maven/building/DefaultProblemCollector
Event: 23.008 loading class org/apache/maven/building/DefaultProblemCollector done


Dynamic libraries:
0x00007ff7f6810000 - 0x00007ff7f6847000 	C:\Program Files\Java\jdk1.8.0_192\bin\java.exe
0x00007ffa976e0000 - 0x00007ffa978e9000 	C:\Windows\SYSTEM32\ntdll.dll
0x00007ffa96280000 - 0x00007ffa9633e000 	C:\Windows\System32\KERNEL32.DLL
0x00007ffa94dc0000 - 0x00007ffa9513b000 	C:\Windows\System32\KERNELBASE.dll
0x00007ffa95a50000 - 0x00007ffa95afe000 	C:\Windows\System32\ADVAPI32.dll
0x00007ffa963e0000 - 0x00007ffa96483000 	C:\Windows\System32\msvcrt.dll
0x00007ffa96340000 - 0x00007ffa963de000 	C:\Windows\System32\sechost.dll
0x00007ffa955f0000 - 0x00007ffa95710000 	C:\Windows\System32\RPCRT4.dll
0x00007ffa957a0000 - 0x00007ffa9594d000 	C:\Windows\System32\USER32.dll
0x00007ffa952e0000 - 0x00007ffa95306000 	C:\Windows\System32\win32u.dll
0x00007ffa95560000 - 0x00007ffa95589000 	C:\Windows\System32\GDI32.dll
0x00007ffa951c0000 - 0x00007ffa952d8000 	C:\Windows\System32\gdi32full.dll
0x00007ffa94d20000 - 0x00007ffa94dbd000 	C:\Windows\System32\msvcp_win.dll
0x00007ffa95440000 - 0x00007ffa95551000 	C:\Windows\System32\ucrtbase.dll
0x00007ffa77450000 - 0x00007ffa776f5000 	C:\Windows\WinSxS\amd64_microsoft.windows.common-controls_6595b64144ccf1df_6.0.22000.120_none_9d947278b86cc467\COMCTL32.dll
0x00007ffa95cd0000 - 0x00007ffa95d02000 	C:\Windows\System32\IMM32.DLL
0x0000000051540000 - 0x0000000051611000 	C:\Program Files\Java\jdk1.8.0_192\jre\bin\msvcr100.dll
0x0000000077750000 - 0x0000000077ff3000 	C:\Program Files\Java\jdk1.8.0_192\jre\bin\server\jvm.dll
0x00007ffa95950000 - 0x00007ffa95958000 	C:\Windows\System32\PSAPI.DLL
0x00007ffa90770000 - 0x00007ffa90779000 	C:\Windows\SYSTEM32\WSOCK32.dll
0x00007ffa97630000 - 0x00007ffa9769f000 	C:\Windows\System32\WS2_32.dll
0x00007ffa8eeb0000 - 0x00007ffa8eee3000 	C:\Windows\SYSTEM32\WINMM.dll
0x00007ffa8ea70000 - 0x00007ffa8ea7a000 	C:\Windows\SYSTEM32\VERSION.dll
0x00007ffa90370000 - 0x00007ffa9037f000 	C:\Program Files\Java\jdk1.8.0_192\jre\bin\verify.dll
0x00007ffa7d390000 - 0x00007ffa7d3b9000 	C:\Program Files\Java\jdk1.8.0_192\jre\bin\java.dll
0x00007ffa7d370000 - 0x00007ffa7d386000 	C:\Program Files\Java\jdk1.8.0_192\jre\bin\zip.dll
0x00007ffa96630000 - 0x00007ffa96de7000 	C:\Windows\System32\SHELL32.dll
0x00007ffa92cb0000 - 0x00007ffa93515000 	C:\Windows\SYSTEM32\windows.storage.dll
0x00007ffa972b0000 - 0x00007ffa97628000 	C:\Windows\System32\combase.dll
0x00007ffa92b40000 - 0x00007ffa92ca6000 	C:\Windows\SYSTEM32\wintypes.dll
0x00007ffa95960000 - 0x00007ffa95a4a000 	C:\Windows\System32\SHCORE.dll
0x00007ffa97040000 - 0x00007ffa9709d000 	C:\Windows\System32\shlwapi.dll
0x00007ffa94ae0000 - 0x00007ffa94b01000 	C:\Windows\SYSTEM32\profapi.dll
0x0000000069ac0000 - 0x0000000069ae4000 	C:\Program Files\NetBeans-13\netbeans\java\maven\lib\jansi-native\Windows\x86_64\jansi.dll

VM Arguments:
jvm_args: -Dclassworlds.conf=C:\Program Files\NetBeans-13\netbeans\java\maven\bin\m2.conf -Dmaven.home=C:\Program Files\NetBeans-13\netbeans\java\maven -Dlibrary.jansi.path=C:\Program Files\NetBeans-13\netbeans\java\maven\lib\jansi-native -Dmaven.multiModuleProjectDirectory=C:\Users\rrbou\OneDrive\Desktop\maven-jsf-primefaces-heroku-master\maven-jsf-primefaces-heroku-master 
java_command: org.codehaus.plexus.classworlds.launcher.Launcher -Dmaven.ext.class.path=C:\Program Files\NetBeans-13\netbeans\java\maven-nblib\netbeans-eventspy.jar install
java_class_path (initial): C:\Program Files\NetBeans-13\netbeans\java\maven\boot\plexus-classworlds-2.6.0.jar
Launcher Type: SUN_STANDARD

Environment Variables:
JAVA_HOME=C:\Program Files\Java\jdk1.8.0_192
PATH=C:\Program Files (x86)\Common Files\Oracle\Java\javapath;C:\Python310\Scripts\;C:\Python310\;C:\Program Files (x86)\Common Files\Intel\Shared Libraries\redist\intel64\compiler;C:\Program Files\Common Files\Oracle\Java\javapath;C:\Windows\system32;C:\Windows;C:\Windows\System32\Wbem;C:\Windows\System32\WindowsPowerShell\v1.0\;C:\Windows\System32\OpenSSH\;C:\Program Files\Git\cmd;C:\Program Files\gs\gs9.56.1\bin;C:\Program Files\nodejs\;C:\ProgramData\chocolatey\bin;C:\Program Files\Java\jdk-18.0.1.1\bin;C:\Program Files\Java\jdk-18.0.1.1\bin;;C:\Program Files (x86)\NVIDIA Corporation\PhysX\Common;C:\Program Files\NVIDIA Corporation\NVIDIA NvDLISR;C:\Users\rrbou\AppData\Local\Microsoft\WindowsApps;C:\Users\rrbou\AppData\Local\Programs\Microsoft VS Code\bin;C:\src\flutter\bin;E:\src\dart-sdk\bin;C:\Users\rrbou\AppData\Roaming\npm;C:\Program Files\Java\jdk-18.0.1.1\bin;C:\tools\dart-sdk\bin;C:\Users\rrbou\AppData\Roaming\Pub\Cache\bin;C:\Program Files\OpenSSL-Win64\bin;C:\Users\rrbou\OneDrive\Desktop\New folder (3)\apache-jena-4.6.1\apache-jena-4.6.1\lib
USERNAME=rrbou
OS=Windows_NT
PROCESSOR_IDENTIFIER=Intel64 Family 6 Model 158 Stepping 9, GenuineIntel



---------------  S Y S T E M  ---------------

OS: Windows 10.0 , 64 bit Build 22000 (10.0.22000.1219)

CPU:total 4 (initial active 4) (4 cores per cpu, 1 threads per core) family 6 model 158 stepping 9, cmov, cx8, fxsr, mmx, sse, sse2, sse3, ssse3, sse4.1, sse4.2, popcnt, avx, avx2, aes, clmul, erms, 3dnowpref, lzcnt, tsc, tscinvbit, bmi1, bmi2, adx

Memory: 4k page, physical 16637740k(4549788k free), swap 36137892k(3712k free)

vm_info: Java HotSpot(TM) 64-Bit Server VM (25.192-b12) for windows-amd64 JRE (1.8.0_192-b12), built on Oct  6 2018 17:12:23 by "java_re" with MS VC++ 10.0 (VS2010)

time: Tue Dec 13 17:54:59 2022
timezone: Morocco Daylight Time
elapsed time: 23 seconds (0d 0h 0m 23s)

