#
# There is insufficient memory for the Java Runtime Environment to continue.
# Native memory allocation (malloc) failed to allocate 65552 bytes for Chunk::new
# Possible reasons:
#   The system is out of physical RAM or swap space
#   The process is running with CompressedOops enabled, and the Java Heap may be blocking the growth of the native heap
# Possible solutions:
#   Reduce memory load on the system
#   Increase physical memory or swap space
#   Check if swap backing store is full
#   Decrease Java heap size (-Xmx/-Xms)
#   Decrease number of Java threads
#   Decrease Java thread stack sizes (-Xss)
#   Set larger code cache with -XX:ReservedCodeCacheSize=
#   JVM is running with Zero Based Compressed Oops mode in which the Java heap is
#     placed in the first 32GB address space. The Java Heap base address is the
#     maximum limit for the native heap growth. Please use -XX:HeapBaseMinAddress
#     to set the Java Heap base and to place the Java Heap above 32GB virtual address.
# This output file may be truncated or incomplete.
#
#  Out of Memory Error (allocation.cpp:390), pid=20816, tid=0x0000000000004854
#
# JRE version: Java(TM) SE Runtime Environment (8.0_192-b12) (build 1.8.0_192-b12)
# Java VM: Java HotSpot(TM) 64-Bit Server VM (25.192-b12 mixed mode windows-amd64 compressed oops)
# Failed to write core dump. Minidumps are not enabled by default on client versions of Windows
#

---------------  T H R E A D  ---------------

Current thread (0x000000001c18f800):  JavaThread "C2 CompilerThread0" daemon [_thread_in_native, id=18516, stack(0x000000001d7f0000,0x000000001d8f0000)]

Stack: [0x000000001d7f0000,0x000000001d8f0000]
[error occurred during error reporting (printing stack bounds), id 0xc0000005]

Native frames: (J=compiled Java code, j=interpreted, Vv=VM code, C=native code)


Current CompileTask:
C2:  27516 1047   !   4       java.util.concurrent.ConcurrentHashMap::transfer (832 bytes)


---------------  P R O C E S S  ---------------

Java Threads: ( => current thread )
  0x000000001d9fa000 JavaThread "Service Thread" daemon [_thread_blocked, id=16800, stack(0x000000001def0000,0x000000001dff0000)]
  0x000000001d9f4800 JavaThread "C1 CompilerThread2" daemon [_thread_blocked, id=20028, stack(0x000000001ddf0000,0x000000001def0000)]
  0x000000001c1ee800 JavaThread "C2 CompilerThread1" daemon [_thread_in_native, id=18572, stack(0x000000001d8f0000,0x000000001d9f0000)]
=>0x000000001c18f800 JavaThread "C2 CompilerThread0" daemon [_thread_in_native, id=18516, stack(0x000000001d7f0000,0x000000001d8f0000)]
  0x000000001c18d800 JavaThread "Attach Listener" daemon [_thread_blocked, id=18512, stack(0x000000001d6f0000,0x000000001d7f0000)]
  0x000000001c19a000 JavaThread "Signal Dispatcher" daemon [_thread_blocked, id=17456, stack(0x000000001d5f0000,0x000000001d6f0000)]
  0x0000000002c0c800 JavaThread "Finalizer" daemon [_thread_blocked, id=17444, stack(0x000000001d3f0000,0x000000001d4f0000)]
  0x000000001c17a000 JavaThread "Reference Handler" daemon [_thread_blocked, id=17596, stack(0x000000001d2f0000,0x000000001d3f0000)]
  0x0000000002b12800 JavaThread "main" [_thread_in_vm, id=16652, stack(0x0000000002850000,0x0000000002950000)]

Other Threads:
  0x000000001c158000 VMThread [stack: 0x000000001d1f0000,0x000000001d2f0000] [id=17516]
  0x000000001da04000 WatcherThread [stack: 0x000000001e140000,0x000000001e240000] [id=18428]

VM state:not at safepoint (normal execution)

VM Mutex/Monitor currently owned by a thread: None

heap address: 0x00000006c2200000, size: 4062 MB, Compressed Oops mode: Zero based, Oop shift amount: 3
Narrow klass base: 0x0000000000000000, Narrow klass shift: 3
Compressed class space size: 1073741824 Address: 0x00000007c0000000

Heap:
 PSYoungGen      total 75776K, used 13480K [0x000000076b600000, 0x0000000770a80000, 0x00000007c0000000)
  eden space 65024K, 4% used [0x000000076b600000,0x000000076b92a1c0,0x000000076f580000)
  from space 10752K, 95% used [0x000000076f580000,0x000000076ff80190,0x0000000770000000)
  to   space 10752K, 0% used [0x0000000770000000,0x0000000770000000,0x0000000770a80000)
 ParOldGen       total 173568K, used 0K [0x00000006c2200000, 0x00000006ccb80000, 0x000000076b600000)
  object space 173568K, 0% used [0x00000006c2200000,0x00000006c2200000,0x00000006ccb80000)
 Metaspace       used 11404K, capacity 11580K, committed 11776K, reserved 1058816K
  class space    used 1413K, capacity 1511K, committed 1536K, reserved 1048576K

Card table byte_map: [0x0000000011fd0000,0x00000000127c0000] byte_map_base: 0x000000000e9bf000

Marking Bits: (ParMarkBitMap*) 0x0000000077f73ce0
 Begin Bits: [0x0000000013110000, 0x0000000017088000)
 End Bits:   [0x0000000017088000, 0x000000001b000000)

Polling page: 0x0000000000fc0000

CodeCache: size=245760Kb used=4071Kb max_used=4071Kb free=241688Kb
 bounds [0x0000000002c10000, 0x0000000003010000, 0x0000000011c10000]
 total_blobs=1358 nmethods=1045 adapters=225
 compilation: enabled

Compilation events (10 events):
Event: 27.511 Thread 0x000000001d9f4800 nmethod 1042 0x000000000300b8d0 code [0x000000000300ba20, 0x000000000300bb90]
Event: 27.511 Thread 0x000000001d9f4800 1043       3       java.util.zip.ZipFile$ZipFileInputStream::finalize (5 bytes)
Event: 27.512 Thread 0x000000001d9f4800 nmethod 1043 0x000000000300bc10 code [0x000000000300bd80, 0x000000000300bf08]
Event: 27.512 Thread 0x000000001d9f4800 1044       3       java.util.zip.ZipFile$ZipFileInflaterInputStream::finalize (5 bytes)
Event: 27.513 Thread 0x000000001d9f4800 nmethod 1044 0x000000000300bf90 code [0x000000000300c100, 0x000000000300c288]
Event: 27.513 Thread 0x000000001d9f4800 1036       1       com.google.inject.Key::getTypeLiteral (5 bytes)
Event: 27.513 Thread 0x000000001d9f4800 nmethod 1036 0x000000000300c310 code [0x000000000300c460, 0x000000000300c570]
Event: 27.513 Thread 0x000000001d9f4800 1046       1       java.util.zip.ZStreamRef::address (5 bytes)
Event: 27.514 Thread 0x000000001d9f4800 nmethod 1046 0x000000000300c5d0 code [0x000000000300c720, 0x000000000300c830]
Event: 27.516 Thread 0x000000001c18f800 1047   !   4       java.util.concurrent.ConcurrentHashMap::transfer (832 bytes)

GC Heap History (2 events):
Event: 26.964 GC heap before
{Heap before GC invocations=1 (full 0):
 PSYoungGen      total 75776K, used 65024K [0x000000076b600000, 0x0000000770a80000, 0x00000007c0000000)
  eden space 65024K, 100% used [0x000000076b600000,0x000000076f580000,0x000000076f580000)
  from space 10752K, 0% used [0x0000000770000000,0x0000000770000000,0x0000000770a80000)
  to   space 10752K, 0% used [0x000000076f580000,0x000000076f580000,0x0000000770000000)
 ParOldGen       total 173568K, used 0K [0x00000006c2200000, 0x00000006ccb80000, 0x000000076b600000)
  object space 173568K, 0% used [0x00000006c2200000,0x00000006c2200000,0x00000006ccb80000)
 Metaspace       used 11308K, capacity 11484K, committed 11776K, reserved 1058816K
  class space    used 1400K, capacity 1479K, committed 1536K, reserved 1048576K
Event: 27.506 GC heap after
Heap after GC invocations=1 (full 0):
 PSYoungGen      total 75776K, used 10240K [0x000000076b600000, 0x0000000770a80000, 0x00000007c0000000)
  eden space 65024K, 0% used [0x000000076b600000,0x000000076b600000,0x000000076f580000)
  from space 10752K, 95% used [0x000000076f580000,0x000000076ff80190,0x0000000770000000)
  to   space 10752K, 0% used [0x0000000770000000,0x0000000770000000,0x0000000770a80000)
 ParOldGen       total 173568K, used 0K [0x00000006c2200000, 0x00000006ccb80000, 0x000000076b600000)
  object space 173568K, 0% used [0x00000006c2200000,0x00000006c2200000,0x00000006ccb80000)
 Metaspace       used 11308K, capacity 11484K, committed 11776K, reserved 1058816K
  class space    used 1400K, capacity 1479K, committed 1536K, reserved 1048576K
}

Deoptimization events (7 events):
Event: 14.126 Thread 0x0000000002b12800 Uncommon trap: reason=unstable_if action=reinterpret pc=0x0000000002db2934 method=java.lang.String.indexOf([CII[CIII)I @ 3
Event: 17.659 Thread 0x0000000002b12800 Uncommon trap: reason=unstable_if action=reinterpret pc=0x0000000002ec4674 method=org.codehaus.plexus.util.xml.pull.MXParser.nextImpl()I @ 200
Event: 19.609 Thread 0x0000000002b12800 Uncommon trap: reason=unstable_if action=reinterpret pc=0x0000000002e7d39c method=java.util.HashMap.getNode(ILjava/lang/Object;)Ljava/util/HashMap$Node; @ 129
Event: 19.609 Thread 0x0000000002b12800 Uncommon trap: reason=unstable_if action=reinterpret pc=0x0000000002e78180 method=java.util.HashMap.getNode(ILjava/lang/Object;)Ljava/util/HashMap$Node; @ 129
Event: 20.823 Thread 0x0000000002b12800 Uncommon trap: reason=unstable_if action=reinterpret pc=0x0000000002ec1b04 method=sun.nio.cs.UTF_8$Decoder.decode([BII[C)I @ 30
Event: 22.589 Thread 0x0000000002b12800 Uncommon trap: reason=range_check action=make_not_entrant pc=0x0000000002ef3068 method=sun.reflect.generics.parser.SignatureParser.current()C @ 34
Event: 22.612 Thread 0x0000000002b12800 Uncommon trap: reason=unstable_if action=reinterpret pc=0x0000000002df5dcc method=sun.misc.MetaIndex.mayContain(Ljava/lang/String;)Z @ 38

Classes redefined (0 events):
No events

Internal exceptions (10 events):
Event: 17.029 Thread 0x0000000002b12800 Exception <a 'java/lang/ArrayIndexOutOfBoundsException'> (0x000000076c9588c8) thrown at [C:\workspace\8-2-build-windows-amd64-cygwin\jdk8u192\11897\hotspot\src\share\vm\runtime\sharedRuntime.cpp, line 605]
Event: 17.032 Thread 0x0000000002b12800 Exception <a 'java/lang/ArrayIndexOutOfBoundsException'> (0x000000076c9731e0) thrown at [C:\workspace\8-2-build-windows-amd64-cygwin\jdk8u192\11897\hotspot\src\share\vm\runtime\sharedRuntime.cpp, line 605]
Event: 17.063 Thread 0x0000000002b12800 Exception <a 'java/lang/ArrayIndexOutOfBoundsException'> (0x000000076c9b39f0) thrown at [C:\workspace\8-2-build-windows-amd64-cygwin\jdk8u192\11897\hotspot\src\share\vm\runtime\sharedRuntime.cpp, line 605]
Event: 17.068 Thread 0x0000000002b12800 Exception <a 'java/lang/NoClassDefFoundError': javax/enterprise/inject/Typed> (0x000000076c9ddf08) thrown at [C:\workspace\8-2-build-windows-amd64-cygwin\jdk8u192\11897\hotspot\src\share\vm\classfile\systemDictionary.cpp, line 199]
Event: 18.103 Thread 0x0000000002b12800 Exception <a 'java/lang/ArrayIndexOutOfBoundsException'> (0x000000076d3276c8) thrown at [C:\workspace\8-2-build-windows-amd64-cygwin\jdk8u192\11897\hotspot\src\share\vm\runtime\sharedRuntime.cpp, line 605]
Event: 18.104 Thread 0x0000000002b12800 Exception <a 'java/lang/ArrayIndexOutOfBoundsException'> (0x000000076d329258) thrown at [C:\workspace\8-2-build-windows-amd64-cygwin\jdk8u192\11897\hotspot\src\share\vm\runtime\sharedRuntime.cpp, line 605]
Event: 19.631 Thread 0x0000000002b12800 Exception <a 'java/lang/ArrayIndexOutOfBoundsException'> (0x000000076d63dd08) thrown at [C:\workspace\8-2-build-windows-amd64-cygwin\jdk8u192\11897\hotspot\src\share\vm\runtime\sharedRuntime.cpp, line 605]
Event: 19.638 Thread 0x0000000002b12800 Exception <a 'java/lang/ArrayIndexOutOfBoundsException'> (0x000000076d6e7098) thrown at [C:\workspace\8-2-build-windows-amd64-cygwin\jdk8u192\11897\hotspot\src\share\vm\runtime\sharedRuntime.cpp, line 605]
Event: 22.589 Thread 0x0000000002b12800 Exception <a 'java/lang/ArrayIndexOutOfBoundsException': 85> (0x000000076de71b20) thrown at [C:\workspace\8-2-build-windows-amd64-cygwin\jdk8u192\11897\hotspot\src\share\vm\interpreter\interpreterRuntime.cpp, line 368]
Event: 22.589 Thread 0x0000000002b12800 Exception <a 'java/lang/ArrayIndexOutOfBoundsException': 40> (0x000000076de780a8) thrown at [C:\workspace\8-2-build-windows-amd64-cygwin\jdk8u192\11897\hotspot\src\share\vm\interpreter\interpreterRuntime.cpp, line 368]

Events (10 events):
Event: 27.514 loading class org/eclipse/aether/transfer/NoRepositoryConnectorException
Event: 27.514 loading class org/eclipse/aether/transfer/NoRepositoryConnectorException done
Event: 27.515 loading class org/eclipse/aether/spi/locator/ServiceLocator
Event: 27.515 loading class org/eclipse/aether/spi/locator/ServiceLocator done
Event: 27.515 loading class org/eclipse/aether/resolution/VersionResolutionException
Event: 27.515 loading class org/eclipse/aether/resolution/VersionResolutionException done
Event: 27.515 loading class org/eclipse/aether/transfer/ArtifactTransferException
Event: 27.515 loading class org/eclipse/aether/transfer/ArtifactTransferException done
Event: 27.516 loading class org/eclipse/aether/transfer/RepositoryOfflineException
Event: 27.516 loading class org/eclipse/aether/transfer/RepositoryOfflineException done


Dynamic libraries:
0x00007ff7f6810000 - 0x00007ff7f6847000 	C:\Program Files\Java\jdk1.8.0_192\bin\java.exe
0x00007ffa976e0000 - 0x00007ffa978e9000 	C:\Windows\SYSTEM32\ntdll.dll
0x00007ffa96280000 - 0x00007ffa9633e000 	C:\Windows\System32\KERNEL32.DLL
0x00007ffa94dc0000 - 0x00007ffa9513b000 	C:\Windows\System32\KERNELBASE.dll
0x00007ffa95a50000 - 0x00007ffa95afe000 	C:\Windows\System32\ADVAPI32.dll
0x00007ffa963e0000 - 0x00007ffa96483000 	C:\Windows\System32\msvcrt.dll
0x00007ffa96340000 - 0x00007ffa963de000 	C:\Windows\System32\sechost.dll
0x00007ffa955f0000 - 0x00007ffa95710000 	C:\Windows\System32\RPCRT4.dll
0x00007ffa957a0000 - 0x00007ffa9594d000 	C:\Windows\System32\USER32.dll
0x00007ffa952e0000 - 0x00007ffa95306000 	C:\Windows\System32\win32u.dll
0x00007ffa95560000 - 0x00007ffa95589000 	C:\Windows\System32\GDI32.dll
0x00007ffa951c0000 - 0x00007ffa952d8000 	C:\Windows\System32\gdi32full.dll
0x00007ffa94d20000 - 0x00007ffa94dbd000 	C:\Windows\System32\msvcp_win.dll
0x00007ffa95440000 - 0x00007ffa95551000 	C:\Windows\System32\ucrtbase.dll
0x00007ffa77450000 - 0x00007ffa776f5000 	C:\Windows\WinSxS\amd64_microsoft.windows.common-controls_6595b64144ccf1df_6.0.22000.120_none_9d947278b86cc467\COMCTL32.dll
0x00007ffa95cd0000 - 0x00007ffa95d02000 	C:\Windows\System32\IMM32.DLL
0x0000000051540000 - 0x0000000051611000 	C:\Program Files\Java\jdk1.8.0_192\jre\bin\msvcr100.dll
0x0000000077750000 - 0x0000000077ff3000 	C:\Program Files\Java\jdk1.8.0_192\jre\bin\server\jvm.dll
0x00007ffa95950000 - 0x00007ffa95958000 	C:\Windows\System32\PSAPI.DLL
0x00007ffa90770000 - 0x00007ffa90779000 	C:\Windows\SYSTEM32\WSOCK32.dll
0x00007ffa97630000 - 0x00007ffa9769f000 	C:\Windows\System32\WS2_32.dll
0x00007ffa8eeb0000 - 0x00007ffa8eee3000 	C:\Windows\SYSTEM32\WINMM.dll
0x00007ffa8ea70000 - 0x00007ffa8ea7a000 	C:\Windows\SYSTEM32\VERSION.dll
0x00007ffa90370000 - 0x00007ffa9037f000 	C:\Program Files\Java\jdk1.8.0_192\jre\bin\verify.dll
0x00007ffa7d390000 - 0x00007ffa7d3b9000 	C:\Program Files\Java\jdk1.8.0_192\jre\bin\java.dll
0x00007ffa7d370000 - 0x00007ffa7d386000 	C:\Program Files\Java\jdk1.8.0_192\jre\bin\zip.dll
0x00007ffa96630000 - 0x00007ffa96de7000 	C:\Windows\System32\SHELL32.dll
0x00007ffa92cb0000 - 0x00007ffa93515000 	C:\Windows\SYSTEM32\windows.storage.dll
0x00007ffa972b0000 - 0x00007ffa97628000 	C:\Windows\System32\combase.dll
0x00007ffa92b40000 - 0x00007ffa92ca6000 	C:\Windows\SYSTEM32\wintypes.dll
0x00007ffa95960000 - 0x00007ffa95a4a000 	C:\Windows\System32\SHCORE.dll
0x00007ffa97040000 - 0x00007ffa9709d000 	C:\Windows\System32\shlwapi.dll
0x00007ffa94ae0000 - 0x00007ffa94b01000 	C:\Windows\SYSTEM32\profapi.dll
0x0000000069ac0000 - 0x0000000069ae4000 	C:\Program Files\NetBeans-13\netbeans\java\maven\lib\jansi-native\Windows\x86_64\jansi.dll

VM Arguments:
jvm_args: -Dclassworlds.conf=C:\Program Files\NetBeans-13\netbeans\java\maven\bin\m2.conf -Dmaven.home=C:\Program Files\NetBeans-13\netbeans\java\maven -Dlibrary.jansi.path=C:\Program Files\NetBeans-13\netbeans\java\maven\lib\jansi-native -Dmaven.multiModuleProjectDirectory=C:\Users\rrbou\OneDrive\Desktop\maven-jsf-primefaces-heroku-master\maven-jsf-primefaces-heroku-master 
java_command: org.codehaus.plexus.classworlds.launcher.Launcher -Dmaven.ext.class.path=C:\Program Files\NetBeans-13\netbeans\java\maven-nblib\netbeans-eventspy.jar install
java_class_path (initial): C:\Program Files\NetBeans-13\netbeans\java\maven\boot\plexus-classworlds-2.6.0.jar
Launcher Type: SUN_STANDARD

Environment Variables:
JAVA_HOME=C:\Program Files\Java\jdk1.8.0_192
PATH=C:\Program Files (x86)\Common Files\Oracle\Java\javapath;C:\Python310\Scripts\;C:\Python310\;C:\Program Files (x86)\Common Files\Intel\Shared Libraries\redist\intel64\compiler;C:\Program Files\Common Files\Oracle\Java\javapath;C:\Windows\system32;C:\Windows;C:\Windows\System32\Wbem;C:\Windows\System32\WindowsPowerShell\v1.0\;C:\Windows\System32\OpenSSH\;C:\Program Files\Git\cmd;C:\Program Files\gs\gs9.56.1\bin;C:\Program Files\nodejs\;C:\ProgramData\chocolatey\bin;C:\Program Files\Java\jdk-18.0.1.1\bin;C:\Program Files\Java\jdk-18.0.1.1\bin;;C:\Program Files (x86)\NVIDIA Corporation\PhysX\Common;C:\Program Files\NVIDIA Corporation\NVIDIA NvDLISR;C:\Users\rrbou\AppData\Local\Microsoft\WindowsApps;C:\Users\rrbou\AppData\Local\Programs\Microsoft VS Code\bin;C:\src\flutter\bin;E:\src\dart-sdk\bin;C:\Users\rrbou\AppData\Roaming\npm;C:\Program Files\Java\jdk-18.0.1.1\bin;C:\tools\dart-sdk\bin;C:\Users\rrbou\AppData\Roaming\Pub\Cache\bin;C:\Program Files\OpenSSL-Win64\bin;C:\Users\rrbou\OneDrive\Desktop\New folder (3)\apache-jena-4.6.1\apache-jena-4.6.1\lib
USERNAME=rrbou
OS=Windows_NT
PROCESSOR_IDENTIFIER=Intel64 Family 6 Model 158 Stepping 9, GenuineIntel



---------------  S Y S T E M  ---------------

OS: Windows 10.0 , 64 bit Build 22000 (10.0.22000.1219)

CPU:total 4 (initial active 4) (4 cores per cpu, 1 threads per core) family 6 model 158 stepping 9, cmov, cx8, fxsr, mmx, sse, sse2, sse3, ssse3, sse4.1, sse4.2, popcnt, avx, avx2, aes, clmul, erms, 3dnowpref, lzcnt, tsc, tscinvbit, bmi1, bmi2, adx

Memory: 4k page, physical 16637740k(3354764k free), swap 36137892k(2044k free)

vm_info: Java HotSpot(TM) 64-Bit Server VM (25.192-b12) for windows-amd64 JRE (1.8.0_192-b12), built on Oct  6 2018 17:12:23 by "java_re" with MS VC++ 10.0 (VS2010)

time: Tue Dec 13 17:55:28 2022
timezone: Morocco Daylight Time
elapsed time: 27 seconds (0d 0h 0m 27s)

