#
# There is insufficient memory for the Java Runtime Environment to continue.
# Native memory allocation (malloc) failed to allocate 39856 bytes for Chunk::new
# Possible reasons:
#   The system is out of physical RAM or swap space
#   The process is running with CompressedOops enabled, and the Java Heap may be blocking the growth of the native heap
# Possible solutions:
#   Reduce memory load on the system
#   Increase physical memory or swap space
#   Check if swap backing store is full
#   Decrease Java heap size (-Xmx/-Xms)
#   Decrease number of Java threads
#   Decrease Java thread stack sizes (-Xss)
#   Set larger code cache with -XX:ReservedCodeCacheSize=
#   JVM is running with Zero Based Compressed Oops mode in which the Java heap is
#     placed in the first 32GB address space. The Java Heap base address is the
#     maximum limit for the native heap growth. Please use -XX:HeapBaseMinAddress
#     to set the Java Heap base and to place the Java Heap above 32GB virtual address.
# This output file may be truncated or incomplete.
#
#  Out of Memory Error (allocation.cpp:390), pid=16828, tid=0x0000000000004e94
#
# JRE version: Java(TM) SE Runtime Environment (8.0_192-b12) (build 1.8.0_192-b12)
# Java VM: Java HotSpot(TM) 64-Bit Server VM (25.192-b12 mixed mode windows-amd64 compressed oops)
# Failed to write core dump. Minidumps are not enabled by default on client versions of Windows
#

---------------  T H R E A D  ---------------

Current thread (0x000000001c5b5000):  JavaThread "C2 CompilerThread1" daemon [_thread_in_native, id=20116, stack(0x000000001dd00000,0x000000001de00000)]

Stack: [0x000000001dd00000,0x000000001de00000]
[error occurred during error reporting (printing stack bounds), id 0xc0000005]

Native frames: (J=compiled Java code, j=interpreted, Vv=VM code, C=native code)


Current CompileTask:
C2:  46911 1474       4       java.net.URLClassLoader$1::run (5 bytes)


---------------  P R O C E S S  ---------------

Java Threads: ( => current thread )
  0x000000001de04800 JavaThread "Service Thread" daemon [_thread_blocked, id=20276, stack(0x000000001e300000,0x000000001e400000)]
  0x000000001c60e000 JavaThread "C1 CompilerThread2" daemon [_thread_blocked, id=20168, stack(0x000000001e200000,0x000000001e300000)]
=>0x000000001c5b5000 JavaThread "C2 CompilerThread1" daemon [_thread_in_native, id=20116, stack(0x000000001dd00000,0x000000001de00000)]
  0x000000001c5b2000 JavaThread "C2 CompilerThread0" daemon [_thread_blocked, id=20072, stack(0x000000001dc00000,0x000000001dd00000)]
  0x000000001c5af800 JavaThread "Attach Listener" daemon [_thread_blocked, id=20068, stack(0x000000001db00000,0x000000001dc00000)]
  0x000000000302e000 JavaThread "Signal Dispatcher" daemon [_thread_blocked, id=20064, stack(0x000000001da00000,0x000000001db00000)]
  0x0000000003027000 JavaThread "Finalizer" daemon [_thread_blocked, id=20000, stack(0x000000001d800000,0x000000001d900000)]
  0x000000001c59a000 JavaThread "Reference Handler" daemon [_thread_blocked, id=19992, stack(0x000000001d700000,0x000000001d800000)]
  0x0000000002f32800 JavaThread "main" [_thread_in_native, id=17872, stack(0x0000000002e30000,0x0000000002f30000)]

Other Threads:
  0x000000001c578000 VMThread [stack: 0x000000001d600000,0x000000001d700000] [id=19044]
  0x000000001de08000 WatcherThread [stack: 0x000000001e550000,0x000000001e650000] [id=20280]

VM state:not at safepoint (normal execution)

VM Mutex/Monitor currently owned by a thread: None

heap address: 0x00000006c2200000, size: 4062 MB, Compressed Oops mode: Zero based, Oop shift amount: 3
Narrow klass base: 0x0000000000000000, Narrow klass shift: 3
Compressed class space size: 1073741824 Address: 0x00000007c0000000

Heap:
 PSYoungGen      total 75776K, used 27590K [0x000000076b600000, 0x0000000774a00000, 0x00000007c0000000)
  eden space 65024K, 26% used [0x000000076b600000,0x000000076c6fd9a8,0x000000076f580000)
  from space 10752K, 94% used [0x000000076f580000,0x000000076ff741d0,0x0000000770000000)
  to   space 10752K, 0% used [0x0000000773f80000,0x0000000773f80000,0x0000000774a00000)
 ParOldGen       total 173568K, used 8K [0x00000006c2200000, 0x00000006ccb80000, 0x000000076b600000)
  object space 173568K, 0% used [0x00000006c2200000,0x00000006c2202000,0x00000006ccb80000)
 Metaspace       used 13316K, capacity 13566K, committed 13824K, reserved 1060864K
  class space    used 1664K, capacity 1778K, committed 1792K, reserved 1048576K

Card table byte_map: [0x00000000123f0000,0x0000000012be0000] byte_map_base: 0x000000000eddf000

Marking Bits: (ParMarkBitMap*) 0x0000000077f73ce0
 Begin Bits: [0x0000000013530000, 0x00000000174a8000)
 End Bits:   [0x00000000174a8000, 0x000000001b420000)

Polling page: 0x0000000001270000

CodeCache: size=245760Kb used=5243Kb max_used=5261Kb free=240516Kb
 bounds [0x0000000003030000, 0x0000000003560000, 0x0000000012030000]
 total_blobs=1799 nmethods=1473 adapters=238
 compilation: enabled

Compilation events (10 events):
Event: 46.856 Thread 0x000000001c5b5000 1470   !   4       java.util.WeakHashMap::expungeStaleEntries (139 bytes)
Event: 46.857 Thread 0x000000001c5b2000 nmethod 1468 0x0000000003554390 code [0x00000000035544e0, 0x0000000003554618]
Event: 46.857 Thread 0x000000001c60e000 1471       3       java.util.Hashtable$Enumerator::hasNext (5 bytes)
Event: 46.857 Thread 0x000000001c60e000 nmethod 1471 0x0000000003553fd0 code [0x0000000003554140, 0x00000000035542e8]
Event: 46.857 Thread 0x000000001c60e000 1472       3       java.util.Hashtable$Enumerator::next (27 bytes)
Event: 46.857 Thread 0x000000001c60e000 nmethod 1472 0x0000000003553a50 code [0x0000000003553be0, 0x0000000003553e98]
Event: 46.860 Thread 0x000000001c5b2000 1473       4       java.lang.String::toCharArray (25 bytes)
Event: 46.861 Thread 0x000000001c5b5000 nmethod 1470 0x0000000003557d50 code [0x0000000003557ec0, 0x0000000003558858]
Event: 46.861 Thread 0x000000001c5b2000 nmethod 1473 0x00000000035561d0 code [0x0000000003556320, 0x0000000003556458]
Event: 46.865 Thread 0x000000001c5b5000 1474       4       java.net.URLClassLoader$1::run (5 bytes)

GC Heap History (2 events):
Event: 40.009 GC heap before
{Heap before GC invocations=1 (full 0):
 PSYoungGen      total 75776K, used 65024K [0x000000076b600000, 0x0000000770a80000, 0x00000007c0000000)
  eden space 65024K, 100% used [0x000000076b600000,0x000000076f580000,0x000000076f580000)
  from space 10752K, 0% used [0x0000000770000000,0x0000000770000000,0x0000000770a80000)
  to   space 10752K, 0% used [0x000000076f580000,0x000000076f580000,0x0000000770000000)
 ParOldGen       total 173568K, used 0K [0x00000006c2200000, 0x00000006ccb80000, 0x000000076b600000)
  object space 173568K, 0% used [0x00000006c2200000,0x00000006c2200000,0x00000006ccb80000)
 Metaspace       used 11302K, capacity 11484K, committed 11776K, reserved 1058816K
  class space    used 1403K, capacity 1479K, committed 1536K, reserved 1048576K
Event: 40.539 GC heap after
Heap after GC invocations=1 (full 0):
 PSYoungGen      total 75776K, used 10192K [0x000000076b600000, 0x0000000774a00000, 0x00000007c0000000)
  eden space 65024K, 0% used [0x000000076b600000,0x000000076b600000,0x000000076f580000)
  from space 10752K, 94% used [0x000000076f580000,0x000000076ff741d0,0x0000000770000000)
  to   space 10752K, 0% used [0x0000000773f80000,0x0000000773f80000,0x0000000774a00000)
 ParOldGen       total 173568K, used 8K [0x00000006c2200000, 0x00000006ccb80000, 0x000000076b600000)
  object space 173568K, 0% used [0x00000006c2200000,0x00000006c2202000,0x00000006ccb80000)
 Metaspace       used 11302K, capacity 11484K, committed 11776K, reserved 1058816K
  class space    used 1403K, capacity 1479K, committed 1536K, reserved 1048576K
}

Deoptimization events (10 events):
Event: 27.657 Thread 0x0000000002f32800 Uncommon trap: reason=unstable_if action=reinterpret pc=0x00000000031e7570 method=java.lang.String.indexOf([CII[CIII)I @ 3
Event: 31.087 Thread 0x0000000002f32800 Uncommon trap: reason=unstable_if action=reinterpret pc=0x00000000032e2a64 method=org.codehaus.plexus.util.xml.pull.MXParser.nextImpl()I @ 200
Event: 32.032 Thread 0x0000000002f32800 Uncommon trap: reason=unstable_if action=reinterpret pc=0x00000000032aa79c method=java.util.HashMap.getNode(ILjava/lang/Object;)Ljava/util/HashMap$Node; @ 129
Event: 32.033 Thread 0x0000000002f32800 Uncommon trap: reason=unstable_if action=reinterpret pc=0x00000000032a1100 method=java.util.HashMap.getNode(ILjava/lang/Object;)Ljava/util/HashMap$Node; @ 129
Event: 32.055 Thread 0x0000000002f32800 Uncommon trap: reason=range_check action=make_not_entrant pc=0x0000000003326068 method=sun.reflect.generics.parser.SignatureParser.current()C @ 34
Event: 33.420 Thread 0x0000000002f32800 Uncommon trap: reason=unstable_if action=reinterpret pc=0x00000000032de6c4 method=sun.nio.cs.UTF_8$Decoder.decode([BII[C)I @ 30
Event: 35.362 Thread 0x0000000002f32800 Uncommon trap: reason=unstable_if action=reinterpret pc=0x000000000321c3f8 method=sun.misc.MetaIndex.mayContain(Ljava/lang/String;)Z @ 38
Event: 43.961 Thread 0x0000000002f32800 Uncommon trap: reason=predicate action=maybe_recompile pc=0x000000000328cd08 method=sun.net.www.ParseUtil.encodePath(Ljava/lang/String;Z)Ljava/lang/String; @ 36
Event: 46.853 Thread 0x0000000002f32800 Uncommon trap: reason=unstable_if action=reinterpret pc=0x000000000353ddd8 method=org.eclipse.sisu.inject.InjectorBindings.isAssignableFrom(Lcom/google/inject/TypeLiteral;Lcom/google/inject/Binding;)Z @ 14
Event: 46.861 Thread 0x0000000002f32800 Uncommon trap: reason=unstable_if action=reinterpret pc=0x00000000032c8ba0 method=sun.nio.cs.StreamDecoder.implRead([CII)I @ 36

Classes redefined (0 events):
No events

Internal exceptions (10 events):
Event: 22.538 Thread 0x0000000002f32800 Exception <a 'java/lang/NullPointerException'> (0x000000076bac1110) thrown at [C:\workspace\8-2-build-windows-amd64-cygwin\jdk8u192\11897\hotspot\src\share\vm\interpreter\linkResolver.cpp, line 1185]
Event: 29.823 Thread 0x0000000002f32800 Exception <a 'java/lang/ArrayIndexOutOfBoundsException'> (0x000000076c95c710) thrown at [C:\workspace\8-2-build-windows-amd64-cygwin\jdk8u192\11897\hotspot\src\share\vm\runtime\sharedRuntime.cpp, line 605]
Event: 29.825 Thread 0x0000000002f32800 Exception <a 'java/lang/ArrayIndexOutOfBoundsException'> (0x000000076c977028) thrown at [C:\workspace\8-2-build-windows-amd64-cygwin\jdk8u192\11897\hotspot\src\share\vm\runtime\sharedRuntime.cpp, line 605]
Event: 29.830 Thread 0x0000000002f32800 Exception <a 'java/lang/ArrayIndexOutOfBoundsException'> (0x000000076c9b78c0) thrown at [C:\workspace\8-2-build-windows-amd64-cygwin\jdk8u192\11897\hotspot\src\share\vm\runtime\sharedRuntime.cpp, line 605]
Event: 29.833 Thread 0x0000000002f32800 Exception <a 'java/lang/NoClassDefFoundError': javax/enterprise/inject/Typed> (0x000000076c9e1d78) thrown at [C:\workspace\8-2-build-windows-amd64-cygwin\jdk8u192\11897\hotspot\src\share\vm\classfile\systemDictionary.cpp, line 199]
Event: 31.570 Thread 0x0000000002f32800 Exception <a 'java/lang/ArrayIndexOutOfBoundsException'> (0x000000076d3287b0) thrown at [C:\workspace\8-2-build-windows-amd64-cygwin\jdk8u192\11897\hotspot\src\share\vm\runtime\sharedRuntime.cpp, line 605]
Event: 31.571 Thread 0x0000000002f32800 Exception <a 'java/lang/ArrayIndexOutOfBoundsException'> (0x000000076d32a340) thrown at [C:\workspace\8-2-build-windows-amd64-cygwin\jdk8u192\11897\hotspot\src\share\vm\runtime\sharedRuntime.cpp, line 605]
Event: 32.055 Thread 0x0000000002f32800 Exception <a 'java/lang/ArrayIndexOutOfBoundsException': 66> (0x000000076d641508) thrown at [C:\workspace\8-2-build-windows-amd64-cygwin\jdk8u192\11897\hotspot\src\share\vm\interpreter\interpreterRuntime.cpp, line 368]
Event: 43.960 Thread 0x0000000002f32800 Exception <a 'java/lang/NoClassDefFoundError': com/google/inject/servlet/ServletModuleTargetVisitor> (0x000000076c211bb8) thrown at [C:\workspace\8-2-build-windows-amd64-cygwin\jdk8u192\11897\hotspot\src\share\vm\classfile\systemDictionary.cpp, line 199]
Event: 43.960 Thread 0x0000000002f32800 Exception <a 'java/lang/NoClassDefFoundError'> (0x000000076c211bb8) thrown at [C:\workspace\8-2-build-windows-amd64-cygwin\jdk8u192\11897\hotspot\src\share\vm\prims\jvm.cpp, line 1439]

Events (10 events):
Event: 46.862 loading class org/codehaus/plexus/util/xml/pull/XmlSerializer
Event: 46.862 loading class org/codehaus/plexus/util/xml/pull/XmlSerializer done
Event: 46.863 loading class org/codehaus/plexus/util/xml/pull/MXSerializer
Event: 46.863 loading class org/codehaus/plexus/util/xml/pull/MXSerializer done
Event: 46.865 loading class org/codehaus/plexus/interpolation/RegexBasedInterpolator
Event: 46.865 loading class org/codehaus/plexus/interpolation/RegexBasedInterpolator done
Event: 46.865 loading class org/codehaus/plexus/interpolation/InterpolationCycleException
Event: 46.865 loading class org/codehaus/plexus/interpolation/InterpolationCycleException done
Event: 46.866 loading class org/codehaus/plexus/interpolation/PropertiesBasedValueSource
Event: 46.866 loading class org/codehaus/plexus/interpolation/PropertiesBasedValueSource done


Dynamic libraries:
0x00007ff7f6810000 - 0x00007ff7f6847000 	C:\Program Files\Java\jdk1.8.0_192\bin\java.exe
0x00007ffa976e0000 - 0x00007ffa978e9000 	C:\Windows\SYSTEM32\ntdll.dll
0x00007ffa96280000 - 0x00007ffa9633e000 	C:\Windows\System32\KERNEL32.DLL
0x00007ffa94dc0000 - 0x00007ffa9513b000 	C:\Windows\System32\KERNELBASE.dll
0x00007ffa95a50000 - 0x00007ffa95afe000 	C:\Windows\System32\ADVAPI32.dll
0x00007ffa963e0000 - 0x00007ffa96483000 	C:\Windows\System32\msvcrt.dll
0x00007ffa96340000 - 0x00007ffa963de000 	C:\Windows\System32\sechost.dll
0x00007ffa955f0000 - 0x00007ffa95710000 	C:\Windows\System32\RPCRT4.dll
0x00007ffa957a0000 - 0x00007ffa9594d000 	C:\Windows\System32\USER32.dll
0x00007ffa952e0000 - 0x00007ffa95306000 	C:\Windows\System32\win32u.dll
0x00007ffa95560000 - 0x00007ffa95589000 	C:\Windows\System32\GDI32.dll
0x00007ffa951c0000 - 0x00007ffa952d8000 	C:\Windows\System32\gdi32full.dll
0x00007ffa94d20000 - 0x00007ffa94dbd000 	C:\Windows\System32\msvcp_win.dll
0x00007ffa95440000 - 0x00007ffa95551000 	C:\Windows\System32\ucrtbase.dll
0x00007ffa77450000 - 0x00007ffa776f5000 	C:\Windows\WinSxS\amd64_microsoft.windows.common-controls_6595b64144ccf1df_6.0.22000.120_none_9d947278b86cc467\COMCTL32.dll
0x00007ffa95cd0000 - 0x00007ffa95d02000 	C:\Windows\System32\IMM32.DLL
0x0000000051540000 - 0x0000000051611000 	C:\Program Files\Java\jdk1.8.0_192\jre\bin\msvcr100.dll
0x0000000077750000 - 0x0000000077ff3000 	C:\Program Files\Java\jdk1.8.0_192\jre\bin\server\jvm.dll
0x00007ffa95950000 - 0x00007ffa95958000 	C:\Windows\System32\PSAPI.DLL
0x00007ffa90770000 - 0x00007ffa90779000 	C:\Windows\SYSTEM32\WSOCK32.dll
0x00007ffa97630000 - 0x00007ffa9769f000 	C:\Windows\System32\WS2_32.dll
0x00007ffa8eeb0000 - 0x00007ffa8eee3000 	C:\Windows\SYSTEM32\WINMM.dll
0x00007ffa8ea70000 - 0x00007ffa8ea7a000 	C:\Windows\SYSTEM32\VERSION.dll
0x00007ffa90370000 - 0x00007ffa9037f000 	C:\Program Files\Java\jdk1.8.0_192\jre\bin\verify.dll
0x00007ffa7d390000 - 0x00007ffa7d3b9000 	C:\Program Files\Java\jdk1.8.0_192\jre\bin\java.dll
0x00007ffa7d370000 - 0x00007ffa7d386000 	C:\Program Files\Java\jdk1.8.0_192\jre\bin\zip.dll
0x00007ffa96630000 - 0x00007ffa96de7000 	C:\Windows\System32\SHELL32.dll
0x00007ffa92cb0000 - 0x00007ffa93515000 	C:\Windows\SYSTEM32\windows.storage.dll
0x00007ffa972b0000 - 0x00007ffa97628000 	C:\Windows\System32\combase.dll
0x00007ffa92b40000 - 0x00007ffa92ca6000 	C:\Windows\SYSTEM32\wintypes.dll
0x00007ffa95960000 - 0x00007ffa95a4a000 	C:\Windows\System32\SHCORE.dll
0x00007ffa97040000 - 0x00007ffa9709d000 	C:\Windows\System32\shlwapi.dll
0x00007ffa94ae0000 - 0x00007ffa94b01000 	C:\Windows\SYSTEM32\profapi.dll
0x0000000069ac0000 - 0x0000000069ae4000 	C:\Program Files\NetBeans-13\netbeans\java\maven\lib\jansi-native\Windows\x86_64\jansi.dll

VM Arguments:
jvm_args: -Dclassworlds.conf=C:\Program Files\NetBeans-13\netbeans\java\maven\bin\m2.conf -Dmaven.home=C:\Program Files\NetBeans-13\netbeans\java\maven -Dlibrary.jansi.path=C:\Program Files\NetBeans-13\netbeans\java\maven\lib\jansi-native -Dmaven.multiModuleProjectDirectory=C:\Users\rrbou\OneDrive\Desktop\maven-jsf-primefaces-heroku-master\maven-jsf-primefaces-heroku-master 
java_command: org.codehaus.plexus.classworlds.launcher.Launcher -Dmaven.ext.class.path=C:\Program Files\NetBeans-13\netbeans\java\maven-nblib\netbeans-eventspy.jar install
java_class_path (initial): C:\Program Files\NetBeans-13\netbeans\java\maven\boot\plexus-classworlds-2.6.0.jar
Launcher Type: SUN_STANDARD

Environment Variables:
JAVA_HOME=C:\Program Files\Java\jdk1.8.0_192
PATH=C:\Program Files (x86)\Common Files\Oracle\Java\javapath;C:\Python310\Scripts\;C:\Python310\;C:\Program Files (x86)\Common Files\Intel\Shared Libraries\redist\intel64\compiler;C:\Program Files\Common Files\Oracle\Java\javapath;C:\Windows\system32;C:\Windows;C:\Windows\System32\Wbem;C:\Windows\System32\WindowsPowerShell\v1.0\;C:\Windows\System32\OpenSSH\;C:\Program Files\Git\cmd;C:\Program Files\gs\gs9.56.1\bin;C:\Program Files\nodejs\;C:\ProgramData\chocolatey\bin;C:\Program Files\Java\jdk-18.0.1.1\bin;C:\Program Files\Java\jdk-18.0.1.1\bin;;C:\Program Files (x86)\NVIDIA Corporation\PhysX\Common;C:\Program Files\NVIDIA Corporation\NVIDIA NvDLISR;C:\Users\rrbou\AppData\Local\Microsoft\WindowsApps;C:\Users\rrbou\AppData\Local\Programs\Microsoft VS Code\bin;C:\src\flutter\bin;E:\src\dart-sdk\bin;C:\Users\rrbou\AppData\Roaming\npm;C:\Program Files\Java\jdk-18.0.1.1\bin;C:\tools\dart-sdk\bin;C:\Users\rrbou\AppData\Roaming\Pub\Cache\bin;C:\Program Files\OpenSSL-Win64\bin;C:\Users\rrbou\OneDrive\Desktop\New folder (3)\apache-jena-4.6.1\apache-jena-4.6.1\lib
USERNAME=rrbou
OS=Windows_NT
PROCESSOR_IDENTIFIER=Intel64 Family 6 Model 158 Stepping 9, GenuineIntel



---------------  S Y S T E M  ---------------

OS: Windows 10.0 , 64 bit Build 22000 (10.0.22000.1219)

CPU:total 4 (initial active 4) (4 cores per cpu, 1 threads per core) family 6 model 158 stepping 9, cmov, cx8, fxsr, mmx, sse, sse2, sse3, ssse3, sse4.1, sse4.2, popcnt, avx, avx2, aes, clmul, erms, 3dnowpref, lzcnt, tsc, tscinvbit, bmi1, bmi2, adx

Memory: 4k page, physical 16637740k(3420452k free), swap 36137892k(5124k free)

vm_info: Java HotSpot(TM) 64-Bit Server VM (25.192-b12) for windows-amd64 JRE (1.8.0_192-b12), built on Oct  6 2018 17:12:23 by "java_re" with MS VC++ 10.0 (VS2010)

time: Tue Dec 13 17:55:25 2022
timezone: Morocco Daylight Time
elapsed time: 46 seconds (0d 0h 0m 46s)

